2023-06-21 13:24:42,106
ON program started 20230621 13:24:41,
US time: 20230621 08:24:42
2023-06-21 13:24:42,357
the strat is currently running @ 21-06-2023 and the target positions is NEUTRAL
2023-06-21 13:24:43,934
CURRENT STATUS IS NEUTRAL
-----
return before 14h30:
BTCUSDT+0.76%, ETHUSDT+1.01%, XRPUSDT-0.60%
-----
target alloc initial:BTCUSDT+0.00%, ETHUSDT+0.00%, XRPUSDT+0.00%
-----
alloc target x rt%<0:BTCUSDT+0.00%, ETHUSDT+0.00%, XRPUSDT+0.00%
-----
           BTCUSDT ETHUSDT XRPUSDT
w_target      0.0%    0.0%    0.0%
rt_14h30     0.01%   0.01%  -0.01%
w_target_f    0.0%    0.0%    0.0%
2023-06-21 13:24:43,952
Portfolio was rebalanced less than 2 hours ago, 0.4 hours ago
2023-06-21 13:24:43,954
Status: prev = NEUTRAL <> NEUTRAL = target
2023-06-21 13:24:43,955
the strat is currently running @ 21-06-2023 and the target positions is NEUTRAL
the strat was previously run @ 21 Jun 2023 13:00, success:yes 
   and the current positions is NEUTRAL
2023-06-21 13:24:45,243
positions_future #0
2023-06-21 13:24:45,243
Empty DataFrame
Columns: [symbol, positionAmt, entryPrice, markPrice, unRealizedProfit, value_usd, updateTime, AUMs_account, w%]
Index: []
2023-06-21 13:24:45,268
programm stoppeddd!!! 20230621_132445
