2023-07-14 12:30:28,204
ON program started 20230714 12:30:28,
US time: 20230714 08:30:28
2023-07-14 12:30:28,680
the strat is currently running @ 14-07-2023 and the target positions is NEUTRAL
2023-07-14 12:30:30,108
CURRENT STATUS IS NEUTRAL
-----
return before 14h30:
BTCUSDT-0.84%, ETHUSDT-0.83%, XRPUSDT+0.91%
-----
target alloc initial:BTCUSDT+0.00%, ETHUSDT+0.00%, XRPUSDT+0.00%
-----
alloc target x rt%<0:BTCUSDT+0.00%, ETHUSDT+0.00%, XRPUSDT+0.00%
-----
           BTCUSDT ETHUSDT XRPUSDT
w_target      0.0%    0.0%    0.0%
rt_14h30    -0.01%  -0.01%   0.01%
w_target_f    0.0%    0.0%    0.0%
2023-07-14 12:30:30,110
Portfolio was rebalanced less than 2 hours ago, 1.8 hours ago
2023-07-14 12:30:30,113
Status: prev = NEUTRAL <> NEUTRAL = target
2023-07-14 12:30:30,113
the strat is currently running @ 14-07-2023 and the target positions is NEUTRAL
the strat was previously run @ 2023-07-14 10:41:32 UTC, success:yes 
   and the current positions is NEUTRAL
2023-07-14 12:30:31,203
positions_future #0
2023-07-14 12:30:31,203
Empty DataFrame
Columns: [symbol, positionAmt, entryPrice, markPrice, unRealizedProfit, value_usd, updateTime, AUMs_account, w%]
Index: []
2023-07-14 12:30:31,205
programm stoppeddd!!! 20230714_123031
