2023-07-21 03:01:14,964
ON program started 20230721 03:01:14,
US time: 20230720 23:01:14
2023-07-21 03:01:15,402
the strat is currently running @ 21-07-2023 and the target positions is NEUTRAL
2023-07-21 03:01:17,537
CURRENT STATUS IS NEUTRAL
-----
return before 14h30:
BTCUSDT+0.00%, ETHUSDT+0.00%, XRPUSDT+0.00%
-----
target alloc initial:BTCUSDT+0.00%, ETHUSDT+0.00%, XRPUSDT+0.00%
-----
alloc target x rt%<0:BTCUSDT+0.00%, ETHUSDT+0.00%, XRPUSDT+0.00%
-----
           BTCUSDT ETHUSDT XRPUSDT
w_target      0.0%    0.0%    0.0%
rt_14h30     0.00%   0.00%   0.00%
w_target_f    0.0%    0.0%    0.0%
2023-07-21 03:01:17,539
Portfolio was rebalanced less than 2 hours ago, 16.3 hours ago
2023-07-21 03:01:17,544
Status: prev = NEUTRAL <> NEUTRAL = target
2023-07-21 03:01:17,544
the strat is currently running @ 21-07-2023 and the target positions is NEUTRAL
the strat was previously run @ 2023-07-14 10:41:32 UTC, success:yes 
   and the current positions is NEUTRAL
2023-07-21 03:01:18,632
positions_future #0
2023-07-21 03:01:18,633
Empty DataFrame
Columns: [symbol, positionAmt, entryPrice, markPrice, unRealizedProfit, value_usd, updateTime, AUMs_account, w%]
Index: []
2023-07-21 03:01:18,634
programm stoppeddd!!! 20230721_030118
