2023-07-18 12:30:31,639
ON program started 20230718 12:30:31,
US time: 20230718 08:30:31
2023-07-18 12:30:31,998
the strat is currently running @ 18-07-2023 and the target positions is NEUTRAL
2023-07-18 12:30:33,344
CURRENT STATUS IS NEUTRAL
-----
return before 14h30:
BTCUSDT-0.75%, ETHUSDT-0.93%, XRPUSDT+1.48%
-----
target alloc initial:BTCUSDT+0.00%, ETHUSDT+0.00%, XRPUSDT+0.00%
-----
alloc target x rt%<0:BTCUSDT+0.00%, ETHUSDT+0.00%, XRPUSDT+0.00%
-----
           BTCUSDT ETHUSDT XRPUSDT
w_target      0.0%    0.0%    0.0%
rt_14h30    -0.01%  -0.01%   0.01%
w_target_f    0.0%    0.0%    0.0%
2023-07-18 12:30:33,345
Portfolio was rebalanced less than 2 hours ago, 1.8 hours ago
2023-07-18 12:30:33,348
Status: prev = NEUTRAL <> NEUTRAL = target
2023-07-18 12:30:33,348
the strat is currently running @ 18-07-2023 and the target positions is NEUTRAL
the strat was previously run @ 2023-07-14 10:41:32 UTC, success:yes 
   and the current positions is NEUTRAL
2023-07-18 12:30:34,436
positions_future #0
2023-07-18 12:30:34,436
Empty DataFrame
Columns: [symbol, positionAmt, entryPrice, markPrice, unRealizedProfit, value_usd, updateTime, AUMs_account, w%]
Index: []
2023-07-18 12:30:34,437
programm stoppeddd!!! 20230718_123034
