2023-07-13 22:30:27,998
ON program started 20230713 22:30:27,
US time: 20230713 18:30:27
2023-07-13 22:30:28,382
the strat is currently running @ 13-07-2023 and the target positions is SHORT
2023-07-13 22:30:29,700
CURRENT STATUS IS LONG
-----
return before 14h30:
BTCUSDT+2.55%, ETHUSDT+6.51%, XRPUSDT+57.86%
-----
target alloc initial:BTCUSDT+6.67%, ETHUSDT+0.00%, XRPUSDT+0.00%
-----
alloc target x rt%<0:BTCUSDT+6.67%, ETHUSDT+0.00%, XRPUSDT+0.00%
-----
           BTCUSDT ETHUSDT XRPUSDT
w_target      6.7%    0.0%    0.0%
rt_14h30     0.03%   0.07%   0.58%
w_target_f    6.7%    0.0%    0.0%
2023-07-13 22:30:29,702
Portfolio was rebalanced less than 2 hours ago, 0.8 hours ago
2023-07-13 22:30:29,704
Status: prev = LONG <> LONG = target
2023-07-13 22:30:29,705
the strat is currently running @ 13-07-2023 and the target positions is LONG
the strat was previously run @ 2023-07-13 21:43:30 UTC, success:yes 
   and the current positions is LONG
2023-07-13 22:30:30,783
positions_future #2
2023-07-13 22:30:30,783
      symbol  positionAmt entryPrice  ...   updateTime  AUMs_account        w%
215  BTCUSDT        0.002    31015.5  ...  13Jul-18:30         297.8  0.210176
133  ETHUSDT        0.025    1988.02  ...  13Jul-18:30         297.8  0.167030

[2 rows x 9 columns]
2023-07-13 22:30:30,793
programm stoppeddd!!! 20230713_223030
