2023-07-16 22:30:28,865
ON program started 20230716 22:30:28,
US time: 20230716 18:30:28
2023-07-16 22:30:29,240
the strat is currently running @ 16-07-2023 and the target positions is SHORT
2023-07-16 22:30:30,558
CURRENT STATUS IS SHORT, WE CHECK IF THE DAY IS A NEGATIVE ONE
-----
return before 14h30:
BTCUSDT+0.64%, ETHUSDT+0.75%, XRPUSDT+8.70%
-----
target alloc initial:BTCUSDT-4.17%, ETHUSDT+0.00%, XRPUSDT-4.17%
-----
alloc target x rt%<0:BTCUSDT-0.00%, ETHUSDT+0.00%, XRPUSDT-0.00%
-----
           BTCUSDT ETHUSDT XRPUSDT
w_target     -4.2%    0.0%   -4.2%
rt_14h30     0.01%   0.01%   0.09%
w_target_f   -0.0%    0.0%   -0.0%
2023-07-16 22:30:30,560
Portfolio was rebalanced less than 2 hours ago, 11.8 hours ago
2023-07-16 22:30:30,562
Status: prev = SHORT <> NEUTRAL = target
2023-07-16 22:30:30,562
the strat is currently running @ 16-07-2023 and the target positions is SHORT
the strat was previously run @ 2023-07-14 10:41:32 UTC, success:yes 
   and the current positions is NEUTRAL
2023-07-16 22:30:31,645
positions_future #2
2023-07-16 22:30:31,645
      symbol  positionAmt entryPrice  ...   updateTime  AUMs_account        w%
215  BTCUSDT        0.002    30323.1  ...  16Jul-18:36         294.3  0.205907
133  ETHUSDT        0.026    1933.67  ...  16Jul-18:32         294.3  0.170650

[2 rows x 9 columns]
2023-07-16 22:30:31,882
------------------------------
binance_account_balance
2023-07-16 22:30:31,882
  asset     balance withdrawAvailable   updateTime
7  USDT  294.419953      288.78909411  16Jul-19:41
2023-07-16 22:30:32,518
------------------------------
open_orders
2023-07-16 22:30:32,519
                                      0                           1
symbol                          BTCUSDT                     ETHUSDT
status                              NEW                         NEW
price                                 0                           0
avgPrice                              0                           0
origQty                           0.002                       0.026
executedQty                           0                           0
type                        STOP_MARKET                 STOP_MARKET
side                               SELL                        SELL
stopPrice                      28805.20                     1837.01
time         2023-07-16 18:36:29.679000  2023-07-16 18:36:30.096000
updateTime   2023-07-16 18:36:29.679000  2023-07-16 18:36:30.096000
2023-07-16 22:30:35,032
------------------------------
AUMS account:294

2023-07-16 22:30:35,033
--------------- compute_futures_order_book() ----------------
2023-07-16 22:30:36,291
----------------------------------------------------------------------
#2 order(s) to place
gross$: 111$ | net$: -111$
gross%: 38% | net%: -38%
 || w>0%  +0% | w<0%  -38%
----------------------------------------------------------------------
PTF Expo% 37.7% >> 0.0% (current>>target)
PTF expo $111.0 >> $0 (current>>target)
----------------------------------------------------------------------
2023-07-16 22:30:36,292
orders_ofthe_day
2023-07-16 22:30:36,292
                  ptf_usd  target_usd  totrd_usd  ...  posttrd_w       bid       ask
2023-07-16 22:30                                  ...                               
BTCUSDT              61.0        -0.0      -61.0  ...        0.0  30302.30  30302.40
ETHUSDT              50.0         0.0      -50.0  ...        0.0   1931.83   1931.84

[2 rows x 9 columns]
2023-07-16 22:30:37,290
binance_place_orders_peg 20230716_223037
2023-07-16 22:30:37,699
{'orderId': 171916719898, 'symbol': 'BTCUSDT', 'status': 'NEW', 'clientOrderId': 'njQm72OU0Ga2o9ygOZ42Z6', 'price': '30317.60', 'avgPrice': '0.00', 'origQty': '0.002', 'executedQty': '0.000', 'cumQty': '0.000', 'cumQuote': '0.00000', 'timeInForce': 'GTC', 'type': 'LIMIT', 'reduceOnly': False, 'closePosition': False, 'side': 'SELL', 'positionSide': 'BOTH', 'stopPrice': '0.00', 'workingType': 'CONTRACT_PRICE', 'priceProtect': False, 'origType': 'LIMIT', 'updateTime': 1689546637600}
2023-07-16 22:30:38,110
{'orderId': 8389765608647824094, 'symbol': 'ETHUSDT', 'status': 'NEW', 'clientOrderId': 'NquJBVy3UkeewLTeelANOI', 'price': '1932.81', 'avgPrice': '0.00', 'origQty': '0.026', 'executedQty': '0.000', 'cumQty': '0.000', 'cumQuote': '0.00000', 'timeInForce': 'GTC', 'type': 'LIMIT', 'reduceOnly': False, 'closePosition': False, 'side': 'SELL', 'positionSide': 'BOTH', 'stopPrice': '0.00', 'workingType': 'CONTRACT_PRICE', 'priceProtect': False, 'origType': 'LIMIT', 'updateTime': 1689546638010}
2023-07-16 22:30:38,935
update 0: filled 0 / 2 () | working 2 / 2 (-BTCUSDT,-ETHUSDT)
2023-07-16 22:30:42,936
-BTCUSDT: bp5.0|-ETHUSDT: bp5.0|
2023-07-16 22:30:43,771
update 1: filled 0 / 2 () | working 2 / 2 (-BTCUSDT,-ETHUSDT)
2023-07-16 22:30:47,771
-BTCUSDT: bp5.0|-ETHUSDT: bp5.0|
2023-07-16 22:30:48,594
update 2: filled 0 / 2 () | working 2 / 2 (-BTCUSDT,-ETHUSDT)
2023-07-16 22:30:52,595
-BTCUSDT: bp5.0|-ETHUSDT: bp5.0|
2023-07-16 22:30:53,420
update 3: filled 0 / 2 () | working 2 / 2 (-BTCUSDT,-ETHUSDT)
2023-07-16 22:30:57,421
-BTCUSDT: bp5.0|-ETHUSDT: bp5.0|
2023-07-16 22:30:58,243
update 4: filled 0 / 2 () | working 2 / 2 (-BTCUSDT,-ETHUSDT)
2023-07-16 22:31:02,243
-BTCUSDT: bp5.0|-ETHUSDT: bp5.0|
2023-07-16 22:31:03,069
update 5: filled 0 / 2 () | working 2 / 2 (-BTCUSDT,-ETHUSDT)
2023-07-16 22:31:07,071
-BTCUSDT: bp5.0|-ETHUSDT: bp5.0|
2023-07-16 22:31:07,893
update 6: filled 0 / 2 () | working 2 / 2 (-BTCUSDT,-ETHUSDT)
2023-07-16 22:31:11,894
-BTCUSDT: bp4.0|-ETHUSDT: bp4.0|
2023-07-16 22:31:12,715
update 7: filled 0 / 2 () | working 2 / 2 (-BTCUSDT,-ETHUSDT)
2023-07-16 22:31:16,716
-BTCUSDT: bp4.0|-ETHUSDT: bp4.0|
2023-07-16 22:31:17,539
update 8: filled 0 / 2 () | working 2 / 2 (-BTCUSDT,-ETHUSDT)
2023-07-16 22:31:21,540
-BTCUSDT: bp4.0|-ETHUSDT: bp4.0|
2023-07-16 22:31:22,361
update 9: filled 0 / 2 () | working 2 / 2 (-BTCUSDT,-ETHUSDT)
2023-07-16 22:31:26,362
-BTCUSDT: bp4.0|-ETHUSDT: bp4.0|
2023-07-16 22:31:27,186
update 10: filled 0 / 2 () | working 2 / 2 (-BTCUSDT,-ETHUSDT)
2023-07-16 22:31:31,187
-BTCUSDT: bp4.0|-ETHUSDT: bp4.0|
2023-07-16 22:31:32,009
update 11: filled 0 / 2 () | working 2 / 2 (-BTCUSDT,-ETHUSDT)
2023-07-16 22:31:36,010
-BTCUSDT: bp4.0|-ETHUSDT: bp5.0|
2023-07-16 22:31:36,832
update 12: filled 0 / 2 () | working 2 / 2 (-BTCUSDT,-ETHUSDT)
2023-07-16 22:31:40,833
-BTCUSDT: bp5.0|-ETHUSDT: bp5.0|
2023-07-16 22:31:41,654
update 13: filled 0 / 2 () | working 2 / 2 (-BTCUSDT,-ETHUSDT)
2023-07-16 22:31:45,654
-BTCUSDT: bp5.0|-ETHUSDT: bp5.0|
2023-07-16 22:31:46,475
update 14: filled 0 / 2 () | working 2 / 2 (-BTCUSDT,-ETHUSDT)
2023-07-16 22:31:50,476
-BTCUSDT: bp5.0|-ETHUSDT: bp5.0|
2023-07-16 22:31:50,476
Adjustment limit #1 ... 
 we cancel current orders and replace
2023-07-16 22:31:50,476
@+/-2.5bp limit 
2023-07-16 22:31:50,476
binance_cancel_and_replace_orders_peg 20230716_223150
2023-07-16 22:31:51,717
binance_place_orders_peg 20230716_223151
2023-07-16 22:31:52,128
{'orderId': 171916973388, 'symbol': 'BTCUSDT', 'status': 'NEW', 'clientOrderId': 'Ujdot7aahqZIi8DlEkcr8D', 'price': '30308.60', 'avgPrice': '0.00', 'origQty': '0.002', 'executedQty': '0.000', 'cumQty': '0.000', 'cumQuote': '0.00000', 'timeInForce': 'GTC', 'type': 'LIMIT', 'reduceOnly': False, 'closePosition': False, 'side': 'SELL', 'positionSide': 'BOTH', 'stopPrice': '0.00', 'workingType': 'CONTRACT_PRICE', 'priceProtect': False, 'origType': 'LIMIT', 'updateTime': 1689546712026}
2023-07-16 22:31:52,541
{'orderId': 8389765608647950313, 'symbol': 'ETHUSDT', 'status': 'NEW', 'clientOrderId': 'BBUxgdtNgVdyAqTrXmmBWm', 'price': '1932.24', 'avgPrice': '0.00', 'origQty': '0.026', 'executedQty': '0.000', 'cumQty': '0.000', 'cumQuote': '0.00000', 'timeInForce': 'GTC', 'type': 'LIMIT', 'reduceOnly': False, 'closePosition': False, 'side': 'SELL', 'positionSide': 'BOTH', 'stopPrice': '0.00', 'workingType': 'CONTRACT_PRICE', 'priceProtect': False, 'origType': 'LIMIT', 'updateTime': 1689546712439}
2023-07-16 22:31:53,363
update 0: filled 0 / 2 () | working 2 / 2 (-BTCUSDT,-ETHUSDT)
2023-07-16 22:31:57,364
-BTCUSDT: bp3.0|-ETHUSDT: bp3.0|
2023-07-16 22:31:58,185
update 1: filled 0 / 2 () | working 2 / 2 (-BTCUSDT,-ETHUSDT)
2023-07-16 22:32:02,186
-BTCUSDT: bp3.0|-ETHUSDT: bp4.0|
2023-07-16 22:32:03,007
update 2: filled 0 / 2 () | working 2 / 2 (-BTCUSDT,-ETHUSDT)
2023-07-16 22:32:07,008
-BTCUSDT: bp4.0|-ETHUSDT: bp4.0|
2023-07-16 22:32:07,834
update 3: filled 0 / 2 () | working 2 / 2 (-BTCUSDT,-ETHUSDT)
2023-07-16 22:32:11,835
-BTCUSDT: bp4.0|-ETHUSDT: bp4.0|
2023-07-16 22:32:12,656
update 4: filled 0 / 2 () | working 2 / 2 (-BTCUSDT,-ETHUSDT)
2023-07-16 22:32:16,657
-BTCUSDT: bp4.0|-ETHUSDT: bp6.0|
2023-07-16 22:32:17,478
update 5: filled 0 / 2 () | working 2 / 2 (-BTCUSDT,-ETHUSDT)
2023-07-16 22:32:21,478
-BTCUSDT: bp4.0|-ETHUSDT: bp6.0|
2023-07-16 22:32:22,301
update 6: filled 0 / 2 () | working 2 / 2 (-BTCUSDT,-ETHUSDT)
2023-07-16 22:32:26,302
-BTCUSDT: bp4.0|-ETHUSDT: bp6.0|
2023-07-16 22:32:27,123
update 7: filled 0 / 2 () | working 2 / 2 (-BTCUSDT,-ETHUSDT)
2023-07-16 22:32:31,124
-BTCUSDT: bp6.0|-ETHUSDT: bp6.0|
2023-07-16 22:32:31,948
update 8: filled 0 / 2 () | working 2 / 2 (-BTCUSDT,-ETHUSDT)
2023-07-16 22:32:35,948
-BTCUSDT: bp6.0|-ETHUSDT: bp6.0|
2023-07-16 22:32:36,770
update 9: filled 0 / 2 () | working 2 / 2 (-BTCUSDT,-ETHUSDT)
2023-07-16 22:32:40,771
-BTCUSDT: bp6.0|-ETHUSDT: bp6.0|
2023-07-16 22:32:41,593
update 10: filled 0 / 2 () | working 2 / 2 (-BTCUSDT,-ETHUSDT)
2023-07-16 22:32:45,594
-BTCUSDT: bp6.0|-ETHUSDT: bp6.0|
2023-07-16 22:32:46,418
update 11: filled 0 / 2 () | working 2 / 2 (-BTCUSDT,-ETHUSDT)
2023-07-16 22:32:50,419
-BTCUSDT: bp5.0|-ETHUSDT: bp5.0|
2023-07-16 22:32:51,242
update 12: filled 0 / 2 () | working 2 / 2 (-BTCUSDT,-ETHUSDT)
2023-07-16 22:32:55,243
-BTCUSDT: bp5.0|-ETHUSDT: bp5.0|
2023-07-16 22:32:56,064
update 13: filled 0 / 2 () | working 2 / 2 (-BTCUSDT,-ETHUSDT)
2023-07-16 22:33:00,064
-BTCUSDT: bp4.0|-ETHUSDT: bp5.0|
2023-07-16 22:33:00,885
update 14: filled 0 / 2 () | working 2 / 2 (-BTCUSDT,-ETHUSDT)
2023-07-16 22:33:04,889
-BTCUSDT: bp4.0|-ETHUSDT: bp5.0|
2023-07-16 22:33:04,889
Adjustment limit #2 ... 
 we cancel current orders and replace
2023-07-16 22:33:04,889
@+/-1.25bp limit 
2023-07-16 22:33:04,889
binance_cancel_and_replace_orders_peg 20230716_223304
2023-07-16 22:33:06,131
binance_place_orders_peg 20230716_223306
2023-07-16 22:33:06,543
{'orderId': 171917230649, 'symbol': 'BTCUSDT', 'status': 'NEW', 'clientOrderId': 'y8SQ3yOA0ptNKLhc6JFmvt', 'price': '30299.40', 'avgPrice': '0.00', 'origQty': '0.002', 'executedQty': '0.000', 'cumQty': '0.000', 'cumQuote': '0.00000', 'timeInForce': 'GTC', 'type': 'LIMIT', 'reduceOnly': False, 'closePosition': False, 'side': 'SELL', 'positionSide': 'BOTH', 'stopPrice': '0.00', 'workingType': 'CONTRACT_PRICE', 'priceProtect': False, 'origType': 'LIMIT', 'updateTime': 1689546786441}
2023-07-16 22:33:06,955
{'orderId': 8389765608648091626, 'symbol': 'ETHUSDT', 'status': 'NEW', 'clientOrderId': 'vqy92vFW9Znq3Ek8nc8XjY', 'price': '1931.60', 'avgPrice': '0.00', 'origQty': '0.026', 'executedQty': '0.000', 'cumQty': '0.000', 'cumQuote': '0.00000', 'timeInForce': 'GTC', 'type': 'LIMIT', 'reduceOnly': False, 'closePosition': False, 'side': 'SELL', 'positionSide': 'BOTH', 'stopPrice': '0.00', 'workingType': 'CONTRACT_PRICE', 'priceProtect': False, 'origType': 'LIMIT', 'updateTime': 1689546786854}
2023-07-16 22:33:07,778
update 0: filled 0 / 2 () | working 2 / 2 (-BTCUSDT,-ETHUSDT)
2023-07-16 22:33:11,779
-BTCUSDT: bp1.0|-ETHUSDT: bp1.0|
2023-07-16 22:33:12,603
update 1: filled 0 / 2 () | working 2 / 2 (-BTCUSDT,-ETHUSDT)
2023-07-16 22:33:16,603
-BTCUSDT: bp1.0|-ETHUSDT: bp1.0|
2023-07-16 22:33:17,426
update 2: filled 0 / 2 () | working 2 / 2 (-BTCUSDT,-ETHUSDT)
2023-07-16 22:33:21,427
-BTCUSDT: bp1.0|-ETHUSDT: bp1.0|
2023-07-16 22:33:22,250
update 3: filled 0 / 2 () | working 2 / 2 (-BTCUSDT,-ETHUSDT)
2023-07-16 22:33:26,251
-BTCUSDT: bp1.0|-ETHUSDT: bp1.0|
2023-07-16 22:33:27,076
update 4: filled 0 / 2 () | working 2 / 2 (-BTCUSDT,-ETHUSDT)
2023-07-16 22:33:31,076
-BTCUSDT: bp1.0|-ETHUSDT: bp1.0|
2023-07-16 22:33:31,899
update 5: filled 0 / 2 () | working 2 / 2 (-BTCUSDT,-ETHUSDT)
2023-07-16 22:33:35,900
-BTCUSDT: bp1.0|-ETHUSDT: bp1.0|
2023-07-16 22:33:36,726
update 6: filled 0 / 2 () | working 2 / 2 (-BTCUSDT,-ETHUSDT)
2023-07-16 22:33:40,727
-BTCUSDT: bp1.0|-ETHUSDT: bp1.0|
2023-07-16 22:33:41,552
update 7: filled 0 / 2 () | working 2 / 2 (-BTCUSDT,-ETHUSDT)
2023-07-16 22:33:45,552
-BTCUSDT: bp1.0|-ETHUSDT: bp1.0|
2023-07-16 22:33:46,379
update 8: filled 0 / 2 () | working 2 / 2 (-BTCUSDT,-ETHUSDT)
2023-07-16 22:33:50,379
-BTCUSDT: bp1.0|-ETHUSDT: bp1.0|
2023-07-16 22:33:51,201
update 9: filled 0 / 2 () | working 2 / 2 (-BTCUSDT,-ETHUSDT)
2023-07-16 22:33:55,202
-BTCUSDT: bp1.0|-ETHUSDT: bp1.0|
2023-07-16 22:33:56,022
update 10: filled 0 / 2 () | working 2 / 2 (-BTCUSDT,-ETHUSDT)
2023-07-16 22:34:00,023
-BTCUSDT: bp1.0|-ETHUSDT: bp1.0|
2023-07-16 22:34:00,847
update 11: filled 0 / 2 () | working 2 / 2 (-BTCUSDT,-ETHUSDT)
2023-07-16 22:34:04,848
-BTCUSDT: bp1.0|-ETHUSDT: bp1.0|
2023-07-16 22:34:05,669
update 12: filled 0 / 2 () | working 2 / 2 (-BTCUSDT,-ETHUSDT)
2023-07-16 22:34:09,669
-BTCUSDT: bp1.0|-ETHUSDT: bp1.0|
2023-07-16 22:34:10,491
update 13: filled 0 / 2 () | working 2 / 2 (-BTCUSDT,-ETHUSDT)
2023-07-16 22:34:14,491
-BTCUSDT: bp1.0|-ETHUSDT: bp1.0|
2023-07-16 22:34:15,313
update 14: filled 0 / 2 () | working 2 / 2 (-BTCUSDT,-ETHUSDT)
2023-07-16 22:34:19,314
-BTCUSDT: bp1.0|-ETHUSDT: bp1.0|
2023-07-16 22:34:19,314
Adjustment limit #3 ... 
 we cancel current orders and replace
2023-07-16 22:34:19,314
@+/-0.625bp limit 
2023-07-16 22:34:19,314
binance_cancel_and_replace_orders_peg 20230716_223419
2023-07-16 22:34:20,553
binance_place_orders_peg 20230716_223420
2023-07-16 22:34:20,964
{'orderId': 171917359020, 'symbol': 'BTCUSDT', 'status': 'NEW', 'clientOrderId': 'hac2ECo2y5oN6LmfLQd0e9', 'price': '30297.50', 'avgPrice': '0.00', 'origQty': '0.002', 'executedQty': '0.000', 'cumQty': '0.000', 'cumQuote': '0.00000', 'timeInForce': 'GTC', 'type': 'LIMIT', 'reduceOnly': False, 'closePosition': False, 'side': 'SELL', 'positionSide': 'BOTH', 'stopPrice': '0.00', 'workingType': 'CONTRACT_PRICE', 'priceProtect': False, 'origType': 'LIMIT', 'updateTime': 1689546860863}
2023-07-16 22:34:21,376
{'orderId': 8389765608648166993, 'symbol': 'ETHUSDT', 'status': 'NEW', 'clientOrderId': 'sNp4Nk2KCHgxPYubf43ygz', 'price': '1931.47', 'avgPrice': '0.00', 'origQty': '0.026', 'executedQty': '0.000', 'cumQty': '0.000', 'cumQuote': '0.00000', 'timeInForce': 'GTC', 'type': 'LIMIT', 'reduceOnly': False, 'closePosition': False, 'side': 'SELL', 'positionSide': 'BOTH', 'stopPrice': '0.00', 'workingType': 'CONTRACT_PRICE', 'priceProtect': False, 'origType': 'LIMIT', 'updateTime': 1689546861275}
2023-07-16 22:34:22,197
update 0: filled 0 / 2 () | working 2 / 2 (-BTCUSDT,-ETHUSDT)
2023-07-16 22:34:26,198
-BTCUSDT: bp1.0|-ETHUSDT: bp1.0|
2023-07-16 22:34:27,020
update 1: filled 0 / 2 () | working 2 / 2 (-BTCUSDT,-ETHUSDT)
2023-07-16 22:34:31,020
-BTCUSDT: bp1.0|-ETHUSDT: bp1.0|
2023-07-16 22:34:31,842
update 2: filled 0 / 2 () | working 2 / 2 (-BTCUSDT,-ETHUSDT)
2023-07-16 22:34:35,843
-BTCUSDT: bp1.0|-ETHUSDT: bp1.0|
2023-07-16 22:34:36,664
update 3: filled 0 / 2 () | working 2 / 2 (-BTCUSDT,-ETHUSDT)
2023-07-16 22:34:40,664
-BTCUSDT: bp1.0|-ETHUSDT: bp1.0|
2023-07-16 22:34:41,494
update 4: filled 0 / 2 () | working 2 / 2 (-BTCUSDT,-ETHUSDT)
2023-07-16 22:34:45,494
-BTCUSDT: bp1.0|-ETHUSDT: bp1.0|
2023-07-16 22:34:46,314
update 5: filled 0 / 2 () | working 2 / 2 (-BTCUSDT,-ETHUSDT)
2023-07-16 22:34:50,315
-BTCUSDT: bp1.0|-ETHUSDT: bp1.0|
2023-07-16 22:34:51,143
update 6: filled 0 / 2 () | working 2 / 2 (-BTCUSDT,-ETHUSDT)
2023-07-16 22:34:55,144
-BTCUSDT: bp1.0|-ETHUSDT: bp1.0|
2023-07-16 22:34:55,965
update 7: filled 0 / 2 () | working 2 / 2 (-BTCUSDT,-ETHUSDT)
2023-07-16 22:34:59,966
-BTCUSDT: bp1.0|-ETHUSDT: bp1.0|
2023-07-16 22:35:00,791
update 8: filled 0 / 2 () | working 2 / 2 (-BTCUSDT,-ETHUSDT)
2023-07-16 22:35:04,792
-BTCUSDT: bp1.0|-ETHUSDT: bp1.0|
2023-07-16 22:35:05,612
update 9: filled 0 / 2 () | working 2 / 2 (-BTCUSDT,-ETHUSDT)
2023-07-16 22:35:09,613
-BTCUSDT: bp1.0|-ETHUSDT: bp1.0|
2023-07-16 22:35:10,445
update 10: filled 0 / 2 () | working 2 / 2 (-BTCUSDT,-ETHUSDT)
2023-07-16 22:35:14,446
-BTCUSDT: bp1.0|-ETHUSDT: bp1.0|
2023-07-16 22:35:15,269
update 11: filled 0 / 2 () | working 2 / 2 (-BTCUSDT,-ETHUSDT)
2023-07-16 22:35:19,269
-BTCUSDT: bp1.0|-ETHUSDT: bp1.0|
2023-07-16 22:35:20,090
update 12: filled 0 / 2 () | working 2 / 2 (-BTCUSDT,-ETHUSDT)
2023-07-16 22:35:24,090
-BTCUSDT: bp1.0|-ETHUSDT: bp1.0|
2023-07-16 22:35:24,913
update 13: filled 0 / 2 () | working 2 / 2 (-BTCUSDT,-ETHUSDT)
2023-07-16 22:35:28,914
-BTCUSDT: bp1.0|-ETHUSDT: bp1.0|
2023-07-16 22:35:29,737
update 14: filled 0 / 2 () | working 2 / 2 (-BTCUSDT,-ETHUSDT)
2023-07-16 22:35:33,737
-BTCUSDT: bp1.0|-ETHUSDT: bp1.0|
2023-07-16 22:35:33,737
Adjustment limit #4 ... 
 we cancel current orders and replace
2023-07-16 22:35:33,738
@+/-0.3125bp limit 
2023-07-16 22:35:33,738
binance_cancel_and_replace_orders_peg 20230716_223533
2023-07-16 22:35:34,972
binance_place_orders_peg 20230716_223534
2023-07-16 22:35:35,384
{'orderId': 171917517693, 'symbol': 'BTCUSDT', 'status': 'NEW', 'clientOrderId': 'NVNCNEOXKDISz5RvJxxjTo', 'price': '30296.50', 'avgPrice': '0.00', 'origQty': '0.002', 'executedQty': '0.000', 'cumQty': '0.000', 'cumQuote': '0.00000', 'timeInForce': 'GTC', 'type': 'LIMIT', 'reduceOnly': False, 'closePosition': False, 'side': 'SELL', 'positionSide': 'BOTH', 'stopPrice': '0.00', 'workingType': 'CONTRACT_PRICE', 'priceProtect': False, 'origType': 'LIMIT', 'updateTime': 1689546935282}
2023-07-16 22:35:35,795
{'orderId': 8389765608648241591, 'symbol': 'ETHUSDT', 'status': 'NEW', 'clientOrderId': '5Z9j0McOZbYuu77n1dC4rT', 'price': '1931.41', 'avgPrice': '0.00', 'origQty': '0.026', 'executedQty': '0.000', 'cumQty': '0.000', 'cumQuote': '0.00000', 'timeInForce': 'GTC', 'type': 'LIMIT', 'reduceOnly': False, 'closePosition': False, 'side': 'SELL', 'positionSide': 'BOTH', 'stopPrice': '0.00', 'workingType': 'CONTRACT_PRICE', 'priceProtect': False, 'origType': 'LIMIT', 'updateTime': 1689546935695}
2023-07-16 22:35:36,618
update 0: filled 0 / 2 () | working 2 / 2 (-BTCUSDT,-ETHUSDT)
2023-07-16 22:35:40,619
-BTCUSDT: bp0.0|-ETHUSDT: bp0.0|
2023-07-16 22:35:41,440
update 1: filled 0 / 2 () | working 2 / 2 (-BTCUSDT,-ETHUSDT)
2023-07-16 22:35:45,441
-BTCUSDT: bp0.0|-ETHUSDT: bp0.0|
2023-07-16 22:35:46,261
update 2: filled 0 / 2 () | working 2 / 2 (-BTCUSDT,-ETHUSDT)
2023-07-16 22:35:50,262
-BTCUSDT: bp0.0|-ETHUSDT: bp0.0|
2023-07-16 22:35:51,083
update 3: filled 0 / 2 () | working 2 / 2 (-BTCUSDT,-ETHUSDT)
2023-07-16 22:35:55,083
-BTCUSDT: bp0.0|-ETHUSDT: bp0.0|
2023-07-16 22:35:55,904
update 4: filled 0 / 2 () | working 2 / 2 (-BTCUSDT,-ETHUSDT)
2023-07-16 22:35:59,905
-BTCUSDT: bp0.0|-ETHUSDT: bp0.0|
2023-07-16 22:36:00,727
update 5: filled 0 / 2 () | working 2 / 2 (-BTCUSDT,-ETHUSDT)
2023-07-16 22:36:04,728
-BTCUSDT: bp1.0|-ETHUSDT: bp0.0|
2023-07-16 22:36:05,553
update 6: filled 0 / 2 () | working 2 / 2 (-BTCUSDT,-ETHUSDT)
2023-07-16 22:36:09,553
-BTCUSDT: bp2.0|-ETHUSDT: bp0.0|
2023-07-16 22:36:10,377
update 7: filled 0 / 2 () | working 2 / 2 (-BTCUSDT,-ETHUSDT)
2023-07-16 22:36:14,378
-BTCUSDT: bp2.0|-ETHUSDT: bp0.0|
2023-07-16 22:36:15,202
update 8: filled 0 / 2 () | working 2 / 2 (-BTCUSDT,-ETHUSDT)
2023-07-16 22:36:19,203
-BTCUSDT: bp2.0|-ETHUSDT: bp1.0|
2023-07-16 22:36:20,024
update 9: filled 0 / 2 () | working 2 / 2 (-BTCUSDT,-ETHUSDT)
2023-07-16 22:36:24,024
-BTCUSDT: bp2.0|-ETHUSDT: bp1.0|
2023-07-16 22:36:24,845
update 10: filled 0 / 2 () | working 2 / 2 (-BTCUSDT,-ETHUSDT)
2023-07-16 22:36:28,846
-BTCUSDT: bp2.0|-ETHUSDT: bp1.0|
2023-07-16 22:36:29,675
update 11: filled 0 / 2 () | working 2 / 2 (-BTCUSDT,-ETHUSDT)
2023-07-16 22:36:33,676
-BTCUSDT: bp2.0|-ETHUSDT: bp1.0|
2023-07-16 22:36:34,497
update 12: filled 0 / 2 () | working 2 / 2 (-BTCUSDT,-ETHUSDT)
2023-07-16 22:36:38,498
-BTCUSDT: bp2.0|-ETHUSDT: bp1.0|
2023-07-16 22:36:39,324
update 13: filled 0 / 2 () | working 2 / 2 (-BTCUSDT,-ETHUSDT)
2023-07-16 22:36:43,325
-BTCUSDT: bp3.0|-ETHUSDT: bp1.0|
2023-07-16 22:36:44,148
update 14: filled 0 / 2 () | working 2 / 2 (-BTCUSDT,-ETHUSDT)
2023-07-16 22:36:48,149
-BTCUSDT: bp4.0|-ETHUSDT: bp1.0|
2023-07-16 22:36:48,149
Adjustment limit #5 ... 
 we cancel current orders and replace
2023-07-16 22:36:48,149
@+/-0.15625bp limit 
2023-07-16 22:36:48,149
binance_cancel_and_replace_orders_peg 20230716_223648
2023-07-16 22:36:49,385
binance_place_orders_peg 20230716_223649
2023-07-16 22:36:49,796
{'orderId': 171917784337, 'symbol': 'BTCUSDT', 'status': 'NEW', 'clientOrderId': '3D6RPZc2lEKfs4HO2ACtXt', 'price': '30284.70', 'avgPrice': '0.00', 'origQty': '0.002', 'executedQty': '0.000', 'cumQty': '0.000', 'cumQuote': '0.00000', 'timeInForce': 'GTC', 'type': 'LIMIT', 'reduceOnly': False, 'closePosition': False, 'side': 'SELL', 'positionSide': 'BOTH', 'stopPrice': '0.00', 'workingType': 'CONTRACT_PRICE', 'priceProtect': False, 'origType': 'LIMIT', 'updateTime': 1689547009694}
2023-07-16 22:36:50,209
{'orderId': 8389765608648361640, 'symbol': 'ETHUSDT', 'status': 'NEW', 'clientOrderId': 'M2Y4ZJ35Bf1oVF3zLvXpJ2', 'price': '1931.24', 'avgPrice': '0.00', 'origQty': '0.026', 'executedQty': '0.000', 'cumQty': '0.000', 'cumQuote': '0.00000', 'timeInForce': 'GTC', 'type': 'LIMIT', 'reduceOnly': False, 'closePosition': False, 'side': 'SELL', 'positionSide': 'BOTH', 'stopPrice': '0.00', 'workingType': 'CONTRACT_PRICE', 'priceProtect': False, 'origType': 'LIMIT', 'updateTime': 1689547010107}
2023-07-16 22:36:51,034
update 0: filled 0 / 2 () | working 2 / 2 (-BTCUSDT,-ETHUSDT)
2023-07-16 22:36:55,035
-BTCUSDT: bp0.0|-ETHUSDT: bp0.0|
2023-07-16 22:36:55,859
update 1: filled 0 / 2 () | working 2 / 2 (-BTCUSDT,-ETHUSDT)
2023-07-16 22:36:59,860
-BTCUSDT: bp0.0|-ETHUSDT: bp0.0|
2023-07-16 22:37:00,682
update 2: filled 0 / 2 () | working 2 / 2 (-BTCUSDT,-ETHUSDT)
2023-07-16 22:37:04,683
-BTCUSDT: bp2.0|-ETHUSDT: bp0.0|
2023-07-16 22:37:05,504
update 3: filled 0 / 2 () | working 2 / 2 (-BTCUSDT,-ETHUSDT)
2023-07-16 22:37:09,505
-BTCUSDT: bp1.0|-ETHUSDT: bp0.0|
2023-07-16 22:37:10,325
update 4: filled 0 / 2 () | working 2 / 2 (-BTCUSDT,-ETHUSDT)
2023-07-16 22:37:14,326
-BTCUSDT: bp1.0|-ETHUSDT: bp0.0|
2023-07-16 22:37:15,147
update 5: filled 0 / 2 () | working 2 / 2 (-BTCUSDT,-ETHUSDT)
2023-07-16 22:37:19,148
-BTCUSDT: bp1.0|-ETHUSDT: bp0.0|
2023-07-16 22:37:19,968
update 6: filled 0 / 2 () | working 2 / 2 (-BTCUSDT,-ETHUSDT)
2023-07-16 22:37:23,969
-BTCUSDT: bp0.0|-ETHUSDT: bp0.0|
2023-07-16 22:37:24,790
update 7: filled 0 / 2 () | working 2 / 2 (-BTCUSDT,-ETHUSDT)
2023-07-16 22:37:28,790
-BTCUSDT: bp0.0|-ETHUSDT: bp0.0|
2023-07-16 22:37:29,612
update 8: filled 0 / 2 () | working 2 / 2 (-BTCUSDT,-ETHUSDT)
2023-07-16 22:37:33,612
-BTCUSDT: bp0.0|-ETHUSDT: bp0.0|
2023-07-16 22:37:34,436
update 9: filled 2 / 2 (-BTCUSDT,-ETHUSDT) | working 0 / 2 ()
2023-07-16 22:37:40,306
Trades of the day
in$
as of: 16Jul 22:37>>22:37 (#trades: 2)
trade net: -111.0 (-37.7%), trade gross: +111.0 (+37.7%), BUY: +0.0 (+0.0%), SELL: -111.0 (-37.7%)
fees: $ 0.018 (1.6bp)
2023-07-16 22:37:40,735
Trades: 
Filled #2
______________________________________________
                   in$ | in bp 110 traded | in bp 294 AUMs
realizedPnl    -0.14   | -13     | -5     
PnLvsArrival   -0.06   | -5      | -2     
PnLvsLast      -0.03   | -3      | -1     
______________________________________________
                 | Value$ | PnL Arrival/Last 
______________________________________________
BTC:-0.002@30284.7 | -61$ | -0.04/-0.02
ETH:-0.026@1931.24 | -50$ | -0.02/-0.01
2023-07-16 22:37:41,263
***************************
Positions after orders
***************************
2023-07-16 22:37:41,263
********No Position************
2023-07-16 22:37:41,264
***************************
2023-07-16 22:37:41,670
2 STOP orders will be placed
2023-07-16 22:37:41,671
@+/-500.0bp limit
2023-07-16 22:37:41,671
binance_place_orders_peg 20230716_223741
