2023-07-16 18:30:25,855
ON program started 20230716 18:30:25,
US time: 20230716 14:30:25
2023-07-16 18:30:26,442
the strat is currently running @ 16-07-2023 and the target positions is LONG
2023-07-16 18:30:27,788
CURRENT STATUS IS LONG
-----
return before 14h30:
BTCUSDT+0.64%, ETHUSDT+0.75%, XRPUSDT+8.70%
-----
target alloc initial:BTCUSDT+16.67%, ETHUSDT+16.67%, XRPUSDT+16.67%
-----
alloc target x rt%<0:BTCUSDT+16.67%, ETHUSDT+16.67%, XRPUSDT+16.67%
-----
           BTCUSDT ETHUSDT XRPUSDT
w_target     16.7%   16.7%   16.7%
rt_14h30     0.01%   0.01%   0.09%
w_target_f   16.7%   16.7%   16.7%
2023-07-16 18:30:27,790
Portfolio was rebalanced less than 2 hours ago, 7.8 hours ago
2023-07-16 18:30:27,792
Status: prev = LONG <> NEUTRAL = target
2023-07-16 18:30:27,793
the strat is currently running @ 16-07-2023 and the target positions is LONG
the strat was previously run @ 2023-07-14 10:41:32 UTC, success:yes 
   and the current positions is NEUTRAL
2023-07-16 18:30:28,889
positions_future #0
2023-07-16 18:30:28,889
Empty DataFrame
Columns: [symbol, positionAmt, entryPrice, markPrice, unRealizedProfit, value_usd, updateTime, AUMs_account, w%]
Index: []
2023-07-16 18:30:29,105
------------------------------
binance_account_balance
2023-07-16 18:30:29,105
  asset     balance withdrawAvailable   updateTime
7  USDT  297.625808      297.62580833  16Jul-02:30
2023-07-16 18:30:29,329
------------------------------
open_orders
2023-07-16 18:30:29,330
Empty DataFrame
Columns: []
Index: []
2023-07-16 18:30:29,947
------------------------------
AUMS account:297

2023-07-16 18:30:29,950
--------------- compute_futures_order_book() ----------------
2023-07-16 18:30:31,234
----------------------------------------------------------------------
#3 order(s) to place
gross$: 161$ | net$: +161$
gross%: 54% | net%: +54%
 || w>0%  +54% | w<0%  0%
----------------------------------------------------------------------
PTF Expo% 0.0% >> 50.0% (current>>target)
PTF expo $0.0 >> $148 (current>>target)
----------------------------------------------------------------------
2023-07-16 18:30:31,235
orders_ofthe_day
2023-07-16 18:30:31,235
                  ptf_usd  target_usd  ...         bid         ask
2023-07-16 18:30                       ...                        
BTCUSDT               0.0       49.61  ...  30322.2000  30322.3000
ETHUSDT               0.0       49.61  ...   1934.1500   1934.1600
XRPUSDT               0.0       49.61  ...      0.7752      0.7753

[3 rows x 9 columns]
2023-07-16 18:30:32,876
binance_place_orders_peg 20230716_183032
2023-07-16 18:30:33,291
{'orderId': 171871758454, 'symbol': 'BTCUSDT', 'status': 'NEW', 'clientOrderId': 'qcgVA8WI4yf4eWciF6PV5j', 'price': '30307.00', 'avgPrice': '0.00', 'origQty': '0.002', 'executedQty': '0.000', 'cumQty': '0.000', 'cumQuote': '0.00000', 'timeInForce': 'GTC', 'type': 'LIMIT', 'reduceOnly': False, 'closePosition': False, 'side': 'BUY', 'positionSide': 'BOTH', 'stopPrice': '0.00', 'workingType': 'CONTRACT_PRICE', 'priceProtect': False, 'origType': 'LIMIT', 'updateTime': 1689532233185}
2023-07-16 18:30:33,707
{'orderId': 8389765608624907488, 'symbol': 'ETHUSDT', 'status': 'NEW', 'clientOrderId': 'bnRIS57KxdzckkueSDHCZF', 'price': '1933.18', 'avgPrice': '0.00', 'origQty': '0.026', 'executedQty': '0.000', 'cumQty': '0.000', 'cumQuote': '0.00000', 'timeInForce': 'GTC', 'type': 'LIMIT', 'reduceOnly': False, 'closePosition': False, 'side': 'BUY', 'positionSide': 'BOTH', 'stopPrice': '0.00', 'workingType': 'CONTRACT_PRICE', 'priceProtect': False, 'origType': 'LIMIT', 'updateTime': 1689532233601}
2023-07-16 18:30:34,123
{'orderId': 37189404928, 'symbol': 'XRPUSDT', 'status': 'NEW', 'clientOrderId': 'Nv2hPlR4HZlKt0lPQDu7HB', 'price': '0.7749', 'avgPrice': '0.00', 'origQty': '64.0', 'executedQty': '0.0', 'cumQty': '0.0', 'cumQuote': '0.00000', 'timeInForce': 'GTC', 'type': 'LIMIT', 'reduceOnly': False, 'closePosition': False, 'side': 'BUY', 'positionSide': 'BOTH', 'stopPrice': '0.0000', 'workingType': 'CONTRACT_PRICE', 'priceProtect': False, 'origType': 'LIMIT', 'updateTime': 1689532234016}
2023-07-16 18:30:36,028
update 0: filled 0 / 3 () | working 3 / 3 (+BTCUSDT,+ETHUSDT,+XRPUSDT)
2023-07-16 18:30:40,029
+BTCUSDT: bp5.0|+ETHUSDT: bp5.0|+XRPUSDT: bp6.0|
2023-07-16 18:30:41,274
update 1: filled 0 / 3 () | working 3 / 3 (+BTCUSDT,+ETHUSDT,+XRPUSDT)
2023-07-16 18:30:45,275
+BTCUSDT: bp5.0|+ETHUSDT: bp5.0|+XRPUSDT: bp21.0|
2023-07-16 18:30:46,515
update 2: filled 0 / 3 () | working 3 / 3 (+BTCUSDT,+ETHUSDT,+XRPUSDT)
2023-07-16 18:30:50,515
+BTCUSDT: bp5.0|+ETHUSDT: bp5.0|+XRPUSDT: bp19.0|
2023-07-16 18:30:51,749
update 3: filled 0 / 3 () | working 3 / 3 (+BTCUSDT,+ETHUSDT,+XRPUSDT)
2023-07-16 18:30:55,750
+BTCUSDT: bp5.0|+ETHUSDT: bp5.0|+XRPUSDT: bp22.0|
2023-07-16 18:30:56,984
update 4: filled 0 / 3 () | working 3 / 3 (+BTCUSDT,+ETHUSDT,+XRPUSDT)
2023-07-16 18:31:00,985
+BTCUSDT: bp5.0|+ETHUSDT: bp5.0|+XRPUSDT: bp12.0|
2023-07-16 18:31:02,218
update 5: filled 0 / 3 () | working 3 / 3 (+BTCUSDT,+ETHUSDT,+XRPUSDT)
2023-07-16 18:31:06,219
+BTCUSDT: bp5.0|+ETHUSDT: bp5.0|+XRPUSDT: bp13.0|
2023-07-16 18:31:07,467
update 6: filled 0 / 3 () | working 3 / 3 (+BTCUSDT,+ETHUSDT,+XRPUSDT)
2023-07-16 18:31:11,468
+BTCUSDT: bp5.0|+ETHUSDT: bp5.0|+XRPUSDT: bp6.0|
2023-07-16 18:31:12,711
update 7: filled 0 / 3 () | working 3 / 3 (+BTCUSDT,+ETHUSDT,+XRPUSDT)
2023-07-16 18:31:16,712
+BTCUSDT: bp5.0|+ETHUSDT: bp5.0|+XRPUSDT: bp10.0|
2023-07-16 18:31:17,945
update 8: filled 1 / 3 (+XRPUSDT) | working 2 / 3 (+BTCUSDT,+ETHUSDT)
2023-07-16 18:31:21,946
+BTCUSDT: bp5.0|+ETHUSDT: bp5.0|
2023-07-16 18:31:23,181
update 9: filled 1 / 3 (+XRPUSDT) | working 2 / 3 (+BTCUSDT,+ETHUSDT)
2023-07-16 18:31:27,182
+BTCUSDT: bp5.0|+ETHUSDT: bp5.0|
2023-07-16 18:31:28,422
update 10: filled 1 / 3 (+XRPUSDT) | working 2 / 3 (+BTCUSDT,+ETHUSDT)
2023-07-16 18:31:32,423
+BTCUSDT: bp5.0|+ETHUSDT: bp5.0|
2023-07-16 18:31:33,666
update 11: filled 1 / 3 (+XRPUSDT) | working 2 / 3 (+BTCUSDT,+ETHUSDT)
2023-07-16 18:31:37,667
+BTCUSDT: bp5.0|+ETHUSDT: bp5.0|
2023-07-16 18:31:38,901
update 12: filled 1 / 3 (+XRPUSDT) | working 2 / 3 (+BTCUSDT,+ETHUSDT)
2023-07-16 18:31:42,902
+BTCUSDT: bp5.0|+ETHUSDT: bp5.0|
2023-07-16 18:31:44,147
update 13: filled 1 / 3 (+XRPUSDT) | working 2 / 3 (+BTCUSDT,+ETHUSDT)
2023-07-16 18:31:48,148
+BTCUSDT: bp5.0|+ETHUSDT: bp5.0|
2023-07-16 18:31:49,382
update 14: filled 1 / 3 (+XRPUSDT) | working 2 / 3 (+BTCUSDT,+ETHUSDT)
2023-07-16 18:31:53,383
+BTCUSDT: bp5.0|+ETHUSDT: bp5.0|
2023-07-16 18:31:53,383
Adjustment limit #1 ... 
 we cancel current orders and replace
2023-07-16 18:31:53,383
@+/-2.5bp limit 
2023-07-16 18:31:53,383
binance_cancel_and_replace_orders_peg 20230716_183153
2023-07-16 18:31:55,267
binance_place_orders_peg 20230716_183155
2023-07-16 18:31:55,687
{'orderId': 171871880552, 'symbol': 'BTCUSDT', 'status': 'NEW', 'clientOrderId': 'CRtovCcdG3mJh9BOnCfbJu', 'price': '30314.60', 'avgPrice': '0.00', 'origQty': '0.002', 'executedQty': '0.000', 'cumQty': '0.000', 'cumQuote': '0.00000', 'timeInForce': 'GTC', 'type': 'LIMIT', 'reduceOnly': False, 'closePosition': False, 'side': 'BUY', 'positionSide': 'BOTH', 'stopPrice': '0.00', 'workingType': 'CONTRACT_PRICE', 'priceProtect': False, 'origType': 'LIMIT', 'updateTime': 1689532315577}
2023-07-16 18:31:56,103
{'orderId': 8389765608625004039, 'symbol': 'ETHUSDT', 'status': 'NEW', 'clientOrderId': 'iqLFJUynZbN3lOkI7xcu4Y', 'price': '1933.67', 'avgPrice': '0.00', 'origQty': '0.026', 'executedQty': '0.000', 'cumQty': '0.000', 'cumQuote': '0.00000', 'timeInForce': 'GTC', 'type': 'LIMIT', 'reduceOnly': False, 'closePosition': False, 'side': 'BUY', 'positionSide': 'BOTH', 'stopPrice': '0.00', 'workingType': 'CONTRACT_PRICE', 'priceProtect': False, 'origType': 'LIMIT', 'updateTime': 1689532315995}
2023-07-16 18:31:57,336
update 0: filled 1 / 3 (+XRPUSDT) | working 2 / 3 (+BTCUSDT,+ETHUSDT)
2023-07-16 18:32:01,337
+BTCUSDT: bp3.0|+ETHUSDT: bp3.0|
2023-07-16 18:32:02,579
update 1: filled 1 / 3 (+XRPUSDT) | working 2 / 3 (+BTCUSDT,+ETHUSDT)
2023-07-16 18:32:06,580
+BTCUSDT: bp3.0|+ETHUSDT: bp3.0|
2023-07-16 18:32:07,820
update 2: filled 1 / 3 (+XRPUSDT) | working 2 / 3 (+BTCUSDT,+ETHUSDT)
2023-07-16 18:32:11,821
+BTCUSDT: bp3.0|+ETHUSDT: bp2.0|
2023-07-16 18:32:13,054
update 3: filled 1 / 3 (+XRPUSDT) | working 2 / 3 (+BTCUSDT,+ETHUSDT)
2023-07-16 18:32:17,055
+BTCUSDT: bp3.0|+ETHUSDT: bp4.0|
2023-07-16 18:32:18,287
update 4: filled 1 / 3 (+XRPUSDT) | working 2 / 3 (+BTCUSDT,+ETHUSDT)
2023-07-16 18:32:22,288
+BTCUSDT: bp4.0|+ETHUSDT: bp5.0|
2023-07-16 18:32:23,523
update 5: filled 1 / 3 (+XRPUSDT) | working 2 / 3 (+BTCUSDT,+ETHUSDT)
2023-07-16 18:32:27,524
+BTCUSDT: bp3.0|+ETHUSDT: bp2.0|
2023-07-16 18:32:28,763
update 6: filled 1 / 3 (+XRPUSDT) | working 2 / 3 (+BTCUSDT,+ETHUSDT)
2023-07-16 18:32:32,764
+BTCUSDT: bp3.0|+ETHUSDT: bp2.0|
2023-07-16 18:32:34,002
update 7: filled 1 / 3 (+XRPUSDT) | working 2 / 3 (+BTCUSDT,+ETHUSDT)
2023-07-16 18:32:38,003
+BTCUSDT: bp3.0|+ETHUSDT: bp1.0|
2023-07-16 18:32:39,247
update 8: filled 2 / 3 (+XRPUSDT,+ETHUSDT) | working 1 / 3 (+BTCUSDT)
2023-07-16 18:32:43,247
+BTCUSDT: bp3.0|
2023-07-16 18:32:44,484
update 9: filled 2 / 3 (+XRPUSDT,+ETHUSDT) | working 1 / 3 (+BTCUSDT)
2023-07-16 18:32:48,485
+BTCUSDT: bp3.0|
2023-07-16 18:32:49,725
update 10: filled 2 / 3 (+XRPUSDT,+ETHUSDT) | working 1 / 3 (+BTCUSDT)
2023-07-16 18:32:53,726
+BTCUSDT: bp3.0|
2023-07-16 18:32:54,963
update 11: filled 2 / 3 (+XRPUSDT,+ETHUSDT) | working 1 / 3 (+BTCUSDT)
2023-07-16 18:32:58,964
+BTCUSDT: bp3.0|
2023-07-16 18:33:00,205
update 12: filled 2 / 3 (+XRPUSDT,+ETHUSDT) | working 1 / 3 (+BTCUSDT)
2023-07-16 18:33:04,206
+BTCUSDT: bp3.0|
2023-07-16 18:33:05,449
update 13: filled 2 / 3 (+XRPUSDT,+ETHUSDT) | working 1 / 3 (+BTCUSDT)
2023-07-16 18:33:09,449
+BTCUSDT: bp3.0|
2023-07-16 18:33:10,683
update 14: filled 2 / 3 (+XRPUSDT,+ETHUSDT) | working 1 / 3 (+BTCUSDT)
2023-07-16 18:33:14,684
+BTCUSDT: bp3.0|
2023-07-16 18:33:14,684
Adjustment limit #2 ... 
 we cancel current orders and replace
2023-07-16 18:33:14,684
@+/-1.25bp limit 
2023-07-16 18:33:14,684
binance_cancel_and_replace_orders_peg 20230716_183314
2023-07-16 18:33:16,552
binance_place_orders_peg 20230716_183316
2023-07-16 18:33:16,968
{'orderId': 171872080820, 'symbol': 'BTCUSDT', 'status': 'NEW', 'clientOrderId': 'lfWQRfbj8HLqHgV9FaEPUO', 'price': '30318.50', 'avgPrice': '0.00', 'origQty': '0.002', 'executedQty': '0.000', 'cumQty': '0.000', 'cumQuote': '0.00000', 'timeInForce': 'GTC', 'type': 'LIMIT', 'reduceOnly': False, 'closePosition': False, 'side': 'BUY', 'positionSide': 'BOTH', 'stopPrice': '0.00', 'workingType': 'CONTRACT_PRICE', 'priceProtect': False, 'origType': 'LIMIT', 'updateTime': 1689532396860}
2023-07-16 18:33:18,208
update 0: filled 2 / 3 (+XRPUSDT,+ETHUSDT) | working 1 / 3 (+BTCUSDT)
2023-07-16 18:33:22,209
+BTCUSDT: bp1.0|
2023-07-16 18:33:23,443
update 1: filled 2 / 3 (+XRPUSDT,+ETHUSDT) | working 1 / 3 (+BTCUSDT)
2023-07-16 18:33:27,444
+BTCUSDT: bp1.0|
2023-07-16 18:33:28,680
update 2: filled 2 / 3 (+XRPUSDT,+ETHUSDT) | working 1 / 3 (+BTCUSDT)
2023-07-16 18:33:32,680
+BTCUSDT: bp1.0|
2023-07-16 18:33:33,914
update 3: filled 2 / 3 (+XRPUSDT,+ETHUSDT) | working 1 / 3 (+BTCUSDT)
2023-07-16 18:33:37,915
+BTCUSDT: bp1.0|
2023-07-16 18:33:39,150
update 4: filled 2 / 3 (+XRPUSDT,+ETHUSDT) | working 1 / 3 (+BTCUSDT)
2023-07-16 18:33:43,151
+BTCUSDT: bp1.0|
2023-07-16 18:33:44,387
update 5: filled 2 / 3 (+XRPUSDT,+ETHUSDT) | working 1 / 3 (+BTCUSDT)
2023-07-16 18:33:48,388
+BTCUSDT: bp1.0|
2023-07-16 18:33:49,621
update 6: filled 2 / 3 (+XRPUSDT,+ETHUSDT) | working 1 / 3 (+BTCUSDT)
2023-07-16 18:33:53,622
+BTCUSDT: bp1.0|
2023-07-16 18:33:54,857
update 7: filled 2 / 3 (+XRPUSDT,+ETHUSDT) | working 1 / 3 (+BTCUSDT)
2023-07-16 18:33:58,858
+BTCUSDT: bp1.0|
2023-07-16 18:34:00,094
update 8: filled 2 / 3 (+XRPUSDT,+ETHUSDT) | working 1 / 3 (+BTCUSDT)
2023-07-16 18:34:04,095
+BTCUSDT: bp1.0|
2023-07-16 18:34:05,334
update 9: filled 2 / 3 (+XRPUSDT,+ETHUSDT) | working 1 / 3 (+BTCUSDT)
2023-07-16 18:34:09,335
+BTCUSDT: bp1.0|
2023-07-16 18:34:10,574
update 10: filled 2 / 3 (+XRPUSDT,+ETHUSDT) | working 1 / 3 (+BTCUSDT)
2023-07-16 18:34:14,576
+BTCUSDT: bp1.0|
2023-07-16 18:34:15,815
update 11: filled 2 / 3 (+XRPUSDT,+ETHUSDT) | working 1 / 3 (+BTCUSDT)
2023-07-16 18:34:19,816
+BTCUSDT: bp2.0|
2023-07-16 18:34:21,049
update 12: filled 2 / 3 (+XRPUSDT,+ETHUSDT) | working 1 / 3 (+BTCUSDT)
2023-07-16 18:34:25,050
+BTCUSDT: bp2.0|
2023-07-16 18:34:26,283
update 13: filled 2 / 3 (+XRPUSDT,+ETHUSDT) | working 1 / 3 (+BTCUSDT)
2023-07-16 18:34:30,284
+BTCUSDT: bp2.0|
2023-07-16 18:34:31,517
update 14: filled 2 / 3 (+XRPUSDT,+ETHUSDT) | working 1 / 3 (+BTCUSDT)
2023-07-16 18:34:35,518
+BTCUSDT: bp2.0|
2023-07-16 18:34:35,518
Adjustment limit #3 ... 
 we cancel current orders and replace
2023-07-16 18:34:35,518
@+/-0.625bp limit 
2023-07-16 18:34:35,518
binance_cancel_and_replace_orders_peg 20230716_183435
2023-07-16 18:34:37,389
binance_place_orders_peg 20230716_183437
2023-07-16 18:34:37,806
{'orderId': 171872267338, 'symbol': 'BTCUSDT', 'status': 'NEW', 'clientOrderId': 'Wha1UgMGkwiLTEDorwYTpm', 'price': '30324.00', 'avgPrice': '0.00', 'origQty': '0.002', 'executedQty': '0.000', 'cumQty': '0.000', 'cumQuote': '0.00000', 'timeInForce': 'GTC', 'type': 'LIMIT', 'reduceOnly': False, 'closePosition': False, 'side': 'BUY', 'positionSide': 'BOTH', 'stopPrice': '0.00', 'workingType': 'CONTRACT_PRICE', 'priceProtect': False, 'origType': 'LIMIT', 'updateTime': 1689532477696}
2023-07-16 18:34:39,043
update 0: filled 2 / 3 (+XRPUSDT,+ETHUSDT) | working 1 / 3 (+BTCUSDT)
2023-07-16 18:34:43,044
+BTCUSDT: bp1.0|
2023-07-16 18:34:44,279
update 1: filled 2 / 3 (+XRPUSDT,+ETHUSDT) | working 1 / 3 (+BTCUSDT)
2023-07-16 18:34:48,280
+BTCUSDT: bp1.0|
2023-07-16 18:34:49,524
update 2: filled 2 / 3 (+XRPUSDT,+ETHUSDT) | working 1 / 3 (+BTCUSDT)
2023-07-16 18:34:53,525
+BTCUSDT: bp1.0|
2023-07-16 18:34:54,761
update 3: filled 2 / 3 (+XRPUSDT,+ETHUSDT) | working 1 / 3 (+BTCUSDT)
2023-07-16 18:34:58,762
+BTCUSDT: bp1.0|
2023-07-16 18:35:00,004
update 4: filled 2 / 3 (+XRPUSDT,+ETHUSDT) | working 1 / 3 (+BTCUSDT)
2023-07-16 18:35:04,005
+BTCUSDT: bp1.0|
2023-07-16 18:35:05,241
update 5: filled 2 / 3 (+XRPUSDT,+ETHUSDT) | working 1 / 3 (+BTCUSDT)
2023-07-16 18:35:09,241
+BTCUSDT: bp1.0|
2023-07-16 18:35:10,474
update 6: filled 2 / 3 (+XRPUSDT,+ETHUSDT) | working 1 / 3 (+BTCUSDT)
2023-07-16 18:35:14,475
+BTCUSDT: bp1.0|
2023-07-16 18:35:15,710
update 7: filled 2 / 3 (+XRPUSDT,+ETHUSDT) | working 1 / 3 (+BTCUSDT)
2023-07-16 18:35:19,711
+BTCUSDT: bp2.0|
2023-07-16 18:35:20,946
update 8: filled 2 / 3 (+XRPUSDT,+ETHUSDT) | working 1 / 3 (+BTCUSDT)
2023-07-16 18:35:24,947
+BTCUSDT: bp2.0|
2023-07-16 18:35:26,180
update 9: filled 2 / 3 (+XRPUSDT,+ETHUSDT) | working 1 / 3 (+BTCUSDT)
2023-07-16 18:35:30,181
+BTCUSDT: bp2.0|
2023-07-16 18:35:31,415
update 10: filled 2 / 3 (+XRPUSDT,+ETHUSDT) | working 1 / 3 (+BTCUSDT)
2023-07-16 18:35:35,416
+BTCUSDT: bp2.0|
2023-07-16 18:35:36,656
update 11: filled 2 / 3 (+XRPUSDT,+ETHUSDT) | working 1 / 3 (+BTCUSDT)
2023-07-16 18:35:40,657
+BTCUSDT: bp2.0|
2023-07-16 18:35:41,891
update 12: filled 2 / 3 (+XRPUSDT,+ETHUSDT) | working 1 / 3 (+BTCUSDT)
2023-07-16 18:35:45,892
+BTCUSDT: bp2.0|
2023-07-16 18:35:47,128
update 13: filled 2 / 3 (+XRPUSDT,+ETHUSDT) | working 1 / 3 (+BTCUSDT)
2023-07-16 18:35:51,129
+BTCUSDT: bp2.0|
2023-07-16 18:35:52,362
update 14: filled 2 / 3 (+XRPUSDT,+ETHUSDT) | working 1 / 3 (+BTCUSDT)
2023-07-16 18:35:56,363
+BTCUSDT: bp2.0|
2023-07-16 18:35:56,363
Adjustment limit #4 ... 
 we cancel current orders and replace
2023-07-16 18:35:56,364
@+/-0.3125bp limit 
2023-07-16 18:35:56,364
binance_cancel_and_replace_orders_peg 20230716_183556
2023-07-16 18:35:58,231
binance_place_orders_peg 20230716_183558
2023-07-16 18:35:58,648
{'orderId': 171872485284, 'symbol': 'BTCUSDT', 'status': 'NEW', 'clientOrderId': 'FUMUYbDbXiJN8uBZb5NrDg', 'price': '30323.10', 'avgPrice': '0.00', 'origQty': '0.002', 'executedQty': '0.000', 'cumQty': '0.000', 'cumQuote': '0.00000', 'timeInForce': 'GTC', 'type': 'LIMIT', 'reduceOnly': False, 'closePosition': False, 'side': 'BUY', 'positionSide': 'BOTH', 'stopPrice': '0.00', 'workingType': 'CONTRACT_PRICE', 'priceProtect': False, 'origType': 'LIMIT', 'updateTime': 1689532558539}
2023-07-16 18:35:59,884
update 0: filled 2 / 3 (+XRPUSDT,+ETHUSDT) | working 1 / 3 (+BTCUSDT)
2023-07-16 18:36:03,885
+BTCUSDT: bp0.0|
2023-07-16 18:36:05,121
update 1: filled 2 / 3 (+XRPUSDT,+ETHUSDT) | working 1 / 3 (+BTCUSDT)
2023-07-16 18:36:09,122
+BTCUSDT: bp0.0|
2023-07-16 18:36:10,356
update 2: filled 2 / 3 (+XRPUSDT,+ETHUSDT) | working 1 / 3 (+BTCUSDT)
2023-07-16 18:36:14,357
+BTCUSDT: bp0.0|
2023-07-16 18:36:15,601
update 3: filled 2 / 3 (+XRPUSDT,+ETHUSDT) | working 1 / 3 (+BTCUSDT)
2023-07-16 18:36:19,601
+BTCUSDT: bp0.0|
2023-07-16 18:36:20,840
update 4: filled 3 / 3 (+XRPUSDT,+ETHUSDT,+BTCUSDT) | working 0 / 3 ()
2023-07-16 18:36:27,566
Trades of the day
in$
as of: 16Jul 18:31>>18:36 (#trades: 3)
trade net: +161.0 (+54.1%), trade gross: +161.0 (+54.1%), BUY: +161.0 (+54.1%), SELL: +0.0 (+0.0%)
fees: $ 0.026 (1.6bp)
2023-07-16 18:36:28,211
Trades: 
Filled #3
______________________________________________
                   in$ | in bp 160 traded | in bp 297 AUMs
realizedPnl    +0      | +0      | +0     
PnLvsArrival   +0.03   | +2      | +1     
PnLvsLast      -0.17   | -11     | -6     
______________________________________________
                 | Value$ | PnL Arrival/Last 
______________________________________________
XRP:+64@0.7749  | +50$ | 0.02/-0.17
ETH:+0.026@1933.67 | +50$ | 0.01/0
BTC:+0.002@30323.1 | +61$ | -0/-0
2023-07-16 18:36:28,748
***************************
Positions after orders
***************************
2023-07-16 18:36:28,749
      symbol  qty_ptf    execP  ...   updateTime   AUMs     w%
215  BTCUSDT    0.002  30323.1  ...  16Jul-18:36  297.4  0.204
133  ETHUSDT    0.026  1933.67  ...  16Jul-18:32  297.4  0.169
107  XRPUSDT   64.000   0.7749  ...  16Jul-18:31  297.4  0.166

[3 rows x 9 columns]
2023-07-16 18:36:28,756
***************************
2023-07-16 18:36:29,371
3 STOP orders will be placed
2023-07-16 18:36:29,371
@+/-500.0bp limit
2023-07-16 18:36:29,372
binance_place_orders_peg 20230716_183629
2023-07-16 18:36:29,787
{'orderId': 171872575766, 'symbol': 'BTCUSDT', 'status': 'NEW', 'clientOrderId': 'I6ni0XZ9nZCnx6iq6oEDRg', 'price': '0.00', 'avgPrice': '0.00', 'origQty': '0.002', 'executedQty': '0.000', 'cumQty': '0.000', 'cumQuote': '0.00000', 'timeInForce': 'GTC', 'type': 'STOP_MARKET', 'reduceOnly': False, 'closePosition': False, 'side': 'SELL', 'positionSide': 'BOTH', 'stopPrice': '28805.20', 'workingType': 'CONTRACT_PRICE', 'priceProtect': False, 'origType': 'STOP_MARKET', 'updateTime': 1689532589679}
2023-07-16 18:36:30,203
{'orderId': 8389765608625431509, 'symbol': 'ETHUSDT', 'status': 'NEW', 'clientOrderId': 'MEpQWWqHMTpJhQ5GVfPeCy', 'price': '0.00', 'avgPrice': '0.00', 'origQty': '0.026', 'executedQty': '0.000', 'cumQty': '0.000', 'cumQuote': '0.00000', 'timeInForce': 'GTC', 'type': 'STOP_MARKET', 'reduceOnly': False, 'closePosition': False, 'side': 'SELL', 'positionSide': 'BOTH', 'stopPrice': '1837.01', 'workingType': 'CONTRACT_PRICE', 'priceProtect': False, 'origType': 'STOP_MARKET', 'updateTime': 1689532590096}
2023-07-16 18:36:30,617
{'orderId': 37190065672, 'symbol': 'XRPUSDT', 'status': 'NEW', 'clientOrderId': 'BrYrpKjaNTzByYLlHo4UxC', 'price': '0.0000', 'avgPrice': '0.00', 'origQty': '64.0', 'executedQty': '0.0', 'cumQty': '0.0', 'cumQuote': '0.00000', 'timeInForce': 'GTC', 'type': 'STOP_MARKET', 'reduceOnly': False, 'closePosition': False, 'side': 'SELL', 'positionSide': 'BOTH', 'stopPrice': '0.7331', 'workingType': 'CONTRACT_PRICE', 'priceProtect': False, 'origType': 'STOP_MARKET', 'updateTime': 1689532590511}
