2023-07-15 22:30:28,332
ON program started 20230715 22:30:28,
US time: 20230715 18:30:28
2023-07-15 22:30:28,709
the strat is currently running @ 15-07-2023 and the target positions is SHORT
2023-07-15 22:30:30,027
CURRENT STATUS IS SHORT, WE CHECK IF THE DAY IS A NEGATIVE ONE
-----
return before 14h30:
BTCUSDT-0.03%, ETHUSDT+0.04%, XRPUSDT-1.07%
-----
target alloc initial:BTCUSDT-4.17%, ETHUSDT+0.00%, XRPUSDT-4.17%
-----
alloc target x rt%<0:BTCUSDT-4.17%, ETHUSDT+0.00%, XRPUSDT-4.17%
-----
           BTCUSDT ETHUSDT XRPUSDT
w_target     -4.2%    0.0%   -4.2%
rt_14h30    -0.00%   0.00%  -0.01%
w_target_f   -4.2%    0.0%   -4.2%
2023-07-15 22:30:30,030
Portfolio was rebalanced less than 2 hours ago, 11.8 hours ago
2023-07-15 22:30:30,034
Status: prev = SHORT <> NEUTRAL = target
2023-07-15 22:30:30,034
the strat is currently running @ 15-07-2023 and the target positions is SHORT
the strat was previously run @ 2023-07-14 10:41:32 UTC, success:yes 
   and the current positions is NEUTRAL
2023-07-15 22:30:31,127
positions_future #3
2023-07-15 22:30:31,127
      symbol  positionAmt entryPrice  ...   updateTime  AUMs_account        w%
215  BTCUSDT        0.002    30318.2  ...  15Jul-18:33         297.5  0.203671
133  ETHUSDT        0.026    1935.69  ...  15Jul-18:33         297.5  0.168557
107  XRPUSDT       69.600     0.7174  ...  15Jul-18:33         297.5  0.167839

[3 rows x 9 columns]
2023-07-15 22:30:31,357
------------------------------
binance_account_balance
2023-07-15 22:30:31,357
  asset     balance withdrawAvailable   updateTime
7  USDT  297.719914      289.45477607  15Jul-18:33
2023-07-15 22:30:32,195
------------------------------
open_orders
2023-07-15 22:30:32,196
                                      0  ...                           2
symbol                          BTCUSDT  ...                     XRPUSDT
status                              NEW  ...                         NEW
price                                 0  ...                           0
avgPrice                              0  ...                           0
origQty                           0.002  ...                        69.6
executedQty                           0  ...                           0
type                        STOP_MARKET  ...                 STOP_MARKET
side                               SELL  ...                        SELL
stopPrice                      28800.30  ...                      0.6825
time         2023-07-15 18:33:32.814000  ...  2023-07-15 18:33:33.633000
updateTime   2023-07-15 18:33:32.814000  ...  2023-07-15 18:33:33.633000

[11 rows x 3 columns]
2023-07-15 22:30:35,337
------------------------------
AUMS account:297

2023-07-15 22:30:35,339
--------------- compute_futures_order_book() ----------------
2023-07-15 22:30:36,601
----------------------------------------------------------------------
#3 order(s) to place
gross$: 173$ | net$: -173$
gross%: 58% | net%: -58%
 || w>0%  +0% | w<0%  -58%
----------------------------------------------------------------------
PTF Expo% 54.1% >> -8.3% (current>>target)
PTF expo $161.0 >> $-24 (current>>target)
----------------------------------------------------------------------
2023-07-15 22:30:36,603
orders_ofthe_day
2023-07-15 22:30:36,603
                  ptf_usd  target_usd  ...         bid         ask
2023-07-15 22:30                       ...                        
XRPUSDT              50.0      -12.41  ...      0.7173      0.7174
BTCUSDT              61.0      -12.41  ...  30294.9000  30295.0000
ETHUSDT              50.0        0.00  ...   1928.4000   1928.4100

[3 rows x 9 columns]
2023-07-15 22:30:38,163
binance_place_orders_peg 20230715_223038
2023-07-15 22:30:38,583
{'orderId': 37096693700, 'symbol': 'XRPUSDT', 'status': 'NEW', 'clientOrderId': 'QWrM1IwilC5U0lcldkt3Jd', 'price': '0.7177', 'avgPrice': '0.00', 'origQty': '87.0', 'executedQty': '0.0', 'cumQty': '0.0', 'cumQuote': '0.00000', 'timeInForce': 'GTC', 'type': 'LIMIT', 'reduceOnly': False, 'closePosition': False, 'side': 'SELL', 'positionSide': 'BOTH', 'stopPrice': '0.0000', 'workingType': 'CONTRACT_PRICE', 'priceProtect': False, 'origType': 'LIMIT', 'updateTime': 1689460238475}
2023-07-15 22:30:38,994
{'orderId': 171646824973, 'symbol': 'BTCUSDT', 'status': 'NEW', 'clientOrderId': '7etpsF9CcxcOwMvc4h5617', 'price': '30310.10', 'avgPrice': '0.00000', 'origQty': '0.002', 'executedQty': '0', 'cumQty': '0', 'cumQuote': '0', 'timeInForce': 'GTC', 'type': 'LIMIT', 'reduceOnly': False, 'closePosition': False, 'side': 'SELL', 'positionSide': 'BOTH', 'stopPrice': '0', 'workingType': 'CONTRACT_PRICE', 'priceProtect': False, 'origType': 'LIMIT', 'updateTime': 1689460238889}
2023-07-15 22:30:39,406
{'orderId': 8389765608509759053, 'symbol': 'ETHUSDT', 'status': 'NEW', 'clientOrderId': 'i3U7X5r4wv4QzU4yehC470', 'price': '1929.31', 'avgPrice': '0.00000', 'origQty': '0.026', 'executedQty': '0', 'cumQty': '0', 'cumQuote': '0', 'timeInForce': 'GTC', 'type': 'LIMIT', 'reduceOnly': False, 'closePosition': False, 'side': 'SELL', 'positionSide': 'BOTH', 'stopPrice': '0', 'workingType': 'CONTRACT_PRICE', 'priceProtect': False, 'origType': 'LIMIT', 'updateTime': 1689460239301}
2023-07-15 22:30:40,640
update 0: filled 0 / 3 () | working 3 / 3 (-XRPUSDT,-BTCUSDT,-ETHUSDT)
2023-07-15 22:30:44,641
-XRPUSDT: bp6.0|-BTCUSDT: bp5.0|-ETHUSDT: bp5.0|
2023-07-15 22:30:45,881
update 1: filled 0 / 3 () | working 3 / 3 (-XRPUSDT,-BTCUSDT,-ETHUSDT)
2023-07-15 22:30:49,882
-XRPUSDT: bp4.0|-BTCUSDT: bp6.0|-ETHUSDT: bp5.0|
2023-07-15 22:30:51,115
update 2: filled 0 / 3 () | working 3 / 3 (-XRPUSDT,-BTCUSDT,-ETHUSDT)
2023-07-15 22:30:55,116
-XRPUSDT: bp6.0|-BTCUSDT: bp6.0|-ETHUSDT: bp5.0|
2023-07-15 22:30:56,366
update 3: filled 0 / 3 () | working 3 / 3 (-XRPUSDT,-BTCUSDT,-ETHUSDT)
2023-07-15 22:31:00,366
-XRPUSDT: bp6.0|-BTCUSDT: bp6.0|-ETHUSDT: bp5.0|
2023-07-15 22:31:01,597
update 4: filled 0 / 3 () | working 3 / 3 (-XRPUSDT,-BTCUSDT,-ETHUSDT)
2023-07-15 22:31:05,597
-XRPUSDT: bp6.0|-BTCUSDT: bp6.0|-ETHUSDT: bp5.0|
2023-07-15 22:31:06,838
update 5: filled 0 / 3 () | working 3 / 3 (-XRPUSDT,-BTCUSDT,-ETHUSDT)
2023-07-15 22:31:10,839
-XRPUSDT: bp6.0|-BTCUSDT: bp6.0|-ETHUSDT: bp5.0|
2023-07-15 22:31:12,081
update 6: filled 0 / 3 () | working 3 / 3 (-XRPUSDT,-BTCUSDT,-ETHUSDT)
2023-07-15 22:31:16,082
-XRPUSDT: bp0.0|-BTCUSDT: bp4.0|-ETHUSDT: bp4.0|
2023-07-15 22:31:17,311
update 7: filled 1 / 3 (-XRPUSDT) | working 2 / 3 (-BTCUSDT,-ETHUSDT)
2023-07-15 22:31:21,312
-BTCUSDT: bp4.0|-ETHUSDT: bp3.0|
2023-07-15 22:31:22,542
update 8: filled 1 / 3 (-XRPUSDT) | working 2 / 3 (-BTCUSDT,-ETHUSDT)
2023-07-15 22:31:26,543
-BTCUSDT: bp4.0|-ETHUSDT: bp3.0|
2023-07-15 22:31:27,775
update 9: filled 1 / 3 (-XRPUSDT) | working 2 / 3 (-BTCUSDT,-ETHUSDT)
2023-07-15 22:31:31,776
-BTCUSDT: bp4.0|-ETHUSDT: bp3.0|
2023-07-15 22:31:33,007
update 10: filled 1 / 3 (-XRPUSDT) | working 2 / 3 (-BTCUSDT,-ETHUSDT)
2023-07-15 22:31:37,008
-BTCUSDT: bp4.0|-ETHUSDT: bp3.0|
2023-07-15 22:31:38,238
update 11: filled 1 / 3 (-XRPUSDT) | working 2 / 3 (-BTCUSDT,-ETHUSDT)
2023-07-15 22:31:42,239
-BTCUSDT: bp4.0|-ETHUSDT: bp2.0|
2023-07-15 22:31:43,469
update 12: filled 1 / 3 (-XRPUSDT) | working 2 / 3 (-BTCUSDT,-ETHUSDT)
2023-07-15 22:31:47,470
-BTCUSDT: bp4.0|-ETHUSDT: bp2.0|
2023-07-15 22:31:48,699
update 13: filled 1 / 3 (-XRPUSDT) | working 2 / 3 (-BTCUSDT,-ETHUSDT)
2023-07-15 22:31:52,700
-BTCUSDT: bp4.0|-ETHUSDT: bp3.0|
2023-07-15 22:31:53,929
update 14: filled 1 / 3 (-XRPUSDT) | working 2 / 3 (-BTCUSDT,-ETHUSDT)
2023-07-15 22:31:57,930
-BTCUSDT: bp4.0|-ETHUSDT: bp3.0|
2023-07-15 22:31:57,930
Adjustment limit #1 ... 
 we cancel current orders and replace
2023-07-15 22:31:57,930
@+/-2.5bp limit 
2023-07-15 22:31:57,930
binance_cancel_and_replace_orders_peg 20230715_223157
2023-07-15 22:31:59,784
binance_place_orders_peg 20230715_223159
2023-07-15 22:32:00,196
{'orderId': 171647080730, 'symbol': 'BTCUSDT', 'status': 'NEW', 'clientOrderId': '62RD8JRwbJLQbxMw2xpQRq', 'price': '30306.70', 'avgPrice': '0.00', 'origQty': '0.002', 'executedQty': '0.000', 'cumQty': '0.000', 'cumQuote': '0.00000', 'timeInForce': 'GTC', 'type': 'LIMIT', 'reduceOnly': False, 'closePosition': False, 'side': 'SELL', 'positionSide': 'BOTH', 'stopPrice': '0.00', 'workingType': 'CONTRACT_PRICE', 'priceProtect': False, 'origType': 'LIMIT', 'updateTime': 1689460320089}
2023-07-15 22:32:00,611
{'orderId': 8389765608509862677, 'symbol': 'ETHUSDT', 'status': 'NEW', 'clientOrderId': 'duk1Ekg3WjcZnl1vbVWtXp', 'price': '1929.25', 'avgPrice': '0.00', 'origQty': '0.026', 'executedQty': '0.000', 'cumQty': '0.000', 'cumQuote': '0.00000', 'timeInForce': 'GTC', 'type': 'LIMIT', 'reduceOnly': False, 'closePosition': False, 'side': 'SELL', 'positionSide': 'BOTH', 'stopPrice': '0.00', 'workingType': 'CONTRACT_PRICE', 'priceProtect': False, 'origType': 'LIMIT', 'updateTime': 1689460320505}
2023-07-15 22:32:01,841
update 0: filled 1 / 3 (-XRPUSDT) | working 2 / 3 (-BTCUSDT,-ETHUSDT)
2023-07-15 22:32:05,842
-BTCUSDT: bp3.0|-ETHUSDT: bp3.0|
2023-07-15 22:32:07,073
update 1: filled 1 / 3 (-XRPUSDT) | working 2 / 3 (-BTCUSDT,-ETHUSDT)
2023-07-15 22:32:11,073
-BTCUSDT: bp3.0|-ETHUSDT: bp4.0|
2023-07-15 22:32:12,306
update 2: filled 1 / 3 (-XRPUSDT) | working 2 / 3 (-BTCUSDT,-ETHUSDT)
2023-07-15 22:32:16,307
-BTCUSDT: bp3.0|-ETHUSDT: bp4.0|
2023-07-15 22:32:17,539
update 3: filled 1 / 3 (-XRPUSDT) | working 2 / 3 (-BTCUSDT,-ETHUSDT)
2023-07-15 22:32:21,539
-BTCUSDT: bp3.0|-ETHUSDT: bp4.0|
2023-07-15 22:32:22,769
update 4: filled 1 / 3 (-XRPUSDT) | working 2 / 3 (-BTCUSDT,-ETHUSDT)
2023-07-15 22:32:26,770
-BTCUSDT: bp3.0|-ETHUSDT: bp4.0|
2023-07-15 22:32:27,999
update 5: filled 1 / 3 (-XRPUSDT) | working 2 / 3 (-BTCUSDT,-ETHUSDT)
2023-07-15 22:32:32,000
-BTCUSDT: bp3.0|-ETHUSDT: bp4.0|
2023-07-15 22:32:33,230
update 6: filled 1 / 3 (-XRPUSDT) | working 2 / 3 (-BTCUSDT,-ETHUSDT)
2023-07-15 22:32:37,230
-BTCUSDT: bp3.0|-ETHUSDT: bp4.0|
2023-07-15 22:32:38,460
update 7: filled 1 / 3 (-XRPUSDT) | working 2 / 3 (-BTCUSDT,-ETHUSDT)
2023-07-15 22:32:42,461
-BTCUSDT: bp3.0|-ETHUSDT: bp4.0|
2023-07-15 22:32:43,700
update 8: filled 1 / 3 (-XRPUSDT) | working 2 / 3 (-BTCUSDT,-ETHUSDT)
2023-07-15 22:32:47,701
-BTCUSDT: bp3.0|-ETHUSDT: bp4.0|
2023-07-15 22:32:48,941
update 9: filled 1 / 3 (-XRPUSDT) | working 2 / 3 (-BTCUSDT,-ETHUSDT)
2023-07-15 22:32:52,942
-BTCUSDT: bp3.0|-ETHUSDT: bp4.0|
2023-07-15 22:32:54,174
update 10: filled 1 / 3 (-XRPUSDT) | working 2 / 3 (-BTCUSDT,-ETHUSDT)
2023-07-15 22:32:58,175
-BTCUSDT: bp3.0|-ETHUSDT: bp4.0|
2023-07-15 22:32:59,404
update 11: filled 1 / 3 (-XRPUSDT) | working 2 / 3 (-BTCUSDT,-ETHUSDT)
2023-07-15 22:33:03,404
-BTCUSDT: bp3.0|-ETHUSDT: bp3.0|
2023-07-15 22:33:04,634
update 12: filled 1 / 3 (-XRPUSDT) | working 2 / 3 (-BTCUSDT,-ETHUSDT)
2023-07-15 22:33:08,635
-BTCUSDT: bp3.0|-ETHUSDT: bp3.0|
2023-07-15 22:33:09,867
update 13: filled 1 / 3 (-XRPUSDT) | working 2 / 3 (-BTCUSDT,-ETHUSDT)
2023-07-15 22:33:13,868
-BTCUSDT: bp3.0|-ETHUSDT: bp4.0|
2023-07-15 22:33:15,098
update 14: filled 1 / 3 (-XRPUSDT) | working 2 / 3 (-BTCUSDT,-ETHUSDT)
2023-07-15 22:33:19,098
-BTCUSDT: bp3.0|-ETHUSDT: bp4.0|
2023-07-15 22:33:19,098
Adjustment limit #2 ... 
 we cancel current orders and replace
2023-07-15 22:33:19,098
@+/-1.25bp limit 
2023-07-15 22:33:19,099
binance_cancel_and_replace_orders_peg 20230715_223319
2023-07-15 22:33:20,952
binance_place_orders_peg 20230715_223320
2023-07-15 22:33:21,364
{'orderId': 171647232576, 'symbol': 'BTCUSDT', 'status': 'NEW', 'clientOrderId': 'PtvlY4sRyVHIrUXuzRx675', 'price': '30302.90', 'avgPrice': '0.00000', 'origQty': '0.002', 'executedQty': '0', 'cumQty': '0', 'cumQuote': '0', 'timeInForce': 'GTC', 'type': 'LIMIT', 'reduceOnly': False, 'closePosition': False, 'side': 'SELL', 'positionSide': 'BOTH', 'stopPrice': '0', 'workingType': 'CONTRACT_PRICE', 'priceProtect': False, 'origType': 'LIMIT', 'updateTime': 1689460401258}
2023-07-15 22:33:21,781
{'orderId': 8389765608509999241, 'symbol': 'ETHUSDT', 'status': 'NEW', 'clientOrderId': 'gqdpAl9x0CppNzk6C7y609', 'price': '1928.72', 'avgPrice': '0.00000', 'origQty': '0.026', 'executedQty': '0', 'cumQty': '0', 'cumQuote': '0', 'timeInForce': 'GTC', 'type': 'LIMIT', 'reduceOnly': False, 'closePosition': False, 'side': 'SELL', 'positionSide': 'BOTH', 'stopPrice': '0', 'workingType': 'CONTRACT_PRICE', 'priceProtect': False, 'origType': 'LIMIT', 'updateTime': 1689460401675}
2023-07-15 22:33:23,013
update 0: filled 1 / 3 (-XRPUSDT) | working 2 / 3 (-BTCUSDT,-ETHUSDT)
2023-07-15 22:33:27,014
-BTCUSDT: bp1.0|-ETHUSDT: bp1.0|
2023-07-15 22:33:28,243
update 1: filled 1 / 3 (-XRPUSDT) | working 2 / 3 (-BTCUSDT,-ETHUSDT)
2023-07-15 22:33:32,243
-BTCUSDT: bp1.0|-ETHUSDT: bp1.0|
2023-07-15 22:33:33,476
update 2: filled 1 / 3 (-XRPUSDT) | working 2 / 3 (-BTCUSDT,-ETHUSDT)
2023-07-15 22:33:37,476
-BTCUSDT: bp1.0|-ETHUSDT: bp1.0|
2023-07-15 22:33:38,706
update 3: filled 1 / 3 (-XRPUSDT) | working 2 / 3 (-BTCUSDT,-ETHUSDT)
2023-07-15 22:33:42,706
-BTCUSDT: bp1.0|-ETHUSDT: bp1.0|
2023-07-15 22:33:43,935
update 4: filled 1 / 3 (-XRPUSDT) | working 2 / 3 (-BTCUSDT,-ETHUSDT)
2023-07-15 22:33:47,936
-BTCUSDT: bp1.0|-ETHUSDT: bp1.0|
2023-07-15 22:33:49,168
update 5: filled 1 / 3 (-XRPUSDT) | working 2 / 3 (-BTCUSDT,-ETHUSDT)
2023-07-15 22:33:53,169
-BTCUSDT: bp1.0|-ETHUSDT: bp1.0|
2023-07-15 22:33:54,402
update 6: filled 1 / 3 (-XRPUSDT) | working 2 / 3 (-BTCUSDT,-ETHUSDT)
2023-07-15 22:33:58,403
-BTCUSDT: bp1.0|-ETHUSDT: bp1.0|
2023-07-15 22:33:59,633
update 7: filled 1 / 3 (-XRPUSDT) | working 2 / 3 (-BTCUSDT,-ETHUSDT)
2023-07-15 22:34:03,634
-BTCUSDT: bp1.0|-ETHUSDT: bp1.0|
2023-07-15 22:34:04,863
update 8: filled 1 / 3 (-XRPUSDT) | working 2 / 3 (-BTCUSDT,-ETHUSDT)
2023-07-15 22:34:08,864
-BTCUSDT: bp1.0|-ETHUSDT: bp1.0|
2023-07-15 22:34:10,093
update 9: filled 3 / 3 (-XRPUSDT,-BTCUSDT,-ETHUSDT) | working 0 / 3 ()
2023-07-15 22:34:16,793
Trades of the day
in$
as of: 15Jul 22:31>>22:34 (#trades: 3)
trade net: -173.0 (-58.2%), trade gross: +173.0 (+58.2%), BUY: +0.0 (+0.0%), SELL: -173.0 (-58.2%)
fees: $ 0.028 (1.6bp)
2023-07-15 22:34:17,427
Trades: 
Filled #3
______________________________________________
                   in$ | in bp 173 traded | in bp 297 AUMs
realizedPnl    -0.19   | -11     | -6     
PnLvsArrival   +0.06   | +3      | +2     
PnLvsLast      +0.03   | +2      | +1     
______________________________________________
                 | Value$ | PnL Arrival/Last 
______________________________________________
XRP:-87@0.7177  | -62$ | 0.03/0.03
BTC:-0.002@30302.9 | -61$ | 0.02/0
ETH:-0.026@1928.72 | -50$ | 0.01/-0
2023-07-15 22:34:17,973
***************************
Positions after orders
***************************
2023-07-15 22:34:17,974
      symbol  qty_ptf   execP        lstP  ...  value_usd   updateTime   AUMs     w%
107  XRPUSDT    -17.4  0.7177  0.71735984  ...    -12.482  15Jul-22:31  297.5 -0.042

[1 rows x 9 columns]
2023-07-15 22:34:17,983
***************************
2023-07-15 22:34:18,593
3 STOP orders will be placed
2023-07-15 22:34:18,593
@+/-500.0bp limit
2023-07-15 22:34:18,594
binance_place_orders_peg 20230715_223418
2023-07-15 22:34:19,005
{'orderId': 37096887070, 'symbol': 'XRPUSDT', 'status': 'NEW', 'clientOrderId': '09JKrVmU0EAYwbW6eY6mck', 'price': '0.0000', 'avgPrice': '0.00', 'origQty': '17.4', 'executedQty': '0.0', 'cumQty': '0.0', 'cumQuote': '0.00000', 'timeInForce': 'GTC', 'type': 'STOP_MARKET', 'reduceOnly': False, 'closePosition': False, 'side': 'BUY', 'positionSide': 'BOTH', 'stopPrice': '0.7533', 'workingType': 'CONTRACT_PRICE', 'priceProtect': False, 'origType': 'STOP_MARKET', 'updateTime': 1689460458901}
