2023-06-21 13:29:30,915
ON program started 20230621 13:29:30,
US time: 20230621 08:29:30
2023-06-21 13:29:31,052
the strat is currently running @ 21-06-2023 and the target positions is NEUTRAL
2023-06-21 13:29:33,445
CURRENT STATUS IS NEUTRAL
-----
return before 14h30:
BTCUSDT+0.76%, ETHUSDT+1.01%, XRPUSDT-0.60%
-----
target alloc initial:BTCUSDT+0.00%, ETHUSDT+0.00%, XRPUSDT+0.00%
-----
alloc target x rt%<0:BTCUSDT+0.00%, ETHUSDT+0.00%, XRPUSDT+0.00%
-----
           BTCUSDT ETHUSDT XRPUSDT
w_target      0.0%    0.0%    0.0%
rt_14h30     0.01%   0.01%  -0.01%
w_target_f    0.0%    0.0%    0.0%
2023-06-21 13:29:33,485
Portfolio was rebalanced less than 2 hours ago, 0.1 hours ago
2023-06-21 13:31:06,259
Portfolio was rebalanced less than 2 hours ago, 0.1 hours ago
2023-06-21 13:31:06,263
Status: prev = NEUTRAL <> NEUTRAL = target
2023-06-21 13:31:06,264
the strat is currently running @ 21-06-2023 and the target positions is NEUTRAL
the strat was previously run @ 2023-06-21 12:24:45 UTC, success:yes 
   and the current positions is NEUTRAL
