2023-07-17 03:00:41,123
ON program started 20230717 03:00:41,
US time: 20230716 23:00:41
2023-07-17 03:00:41,458
the strat is currently running @ 17-07-2023 and the target positions is NEUTRAL
2023-07-17 03:00:42,780
CURRENT STATUS IS NEUTRAL
-----
return before 14h30:
BTCUSDT+0.00%, ETHUSDT+0.00%, XRPUSDT+0.00%
-----
target alloc initial:BTCUSDT+0.00%, ETHUSDT+0.00%, XRPUSDT+0.00%
-----
alloc target x rt%<0:BTCUSDT+0.00%, ETHUSDT+0.00%, XRPUSDT+0.00%
-----
           BTCUSDT ETHUSDT XRPUSDT
w_target      0.0%    0.0%    0.0%
rt_14h30     0.00%   0.00%   0.00%
w_target_f    0.0%    0.0%    0.0%
2023-07-17 03:00:42,782
Portfolio was rebalanced less than 2 hours ago, 16.3 hours ago
2023-07-17 03:00:42,785
Status: prev = NEUTRAL <> NEUTRAL = target
2023-07-17 03:00:42,785
the strat is currently running @ 17-07-2023 and the target positions is NEUTRAL
the strat was previously run @ 2023-07-14 10:41:32 UTC, success:yes 
   and the current positions is NEUTRAL
2023-07-17 03:00:43,879
positions_future #0
2023-07-17 03:00:43,879
Empty DataFrame
Columns: [symbol, positionAmt, entryPrice, markPrice, unRealizedProfit, value_usd, updateTime, AUMs_account, w%]
Index: []
2023-07-17 03:00:43,880
programm stoppeddd!!! 20230717_030043
