2023-07-08 08:47:12,761
ON program started 20230708 08:47:12,
US time: 20230708 03:47:12
2023-07-08 08:47:12,784
the strat is currently running @ 08-07-2023 and the target positions is NEUTRAL
2023-07-08 08:47:14,285
CURRENT STATUS IS NEUTRAL
-----
return before 14h30:
BTCUSDT-0.24%, ETHUSDT-0.26%, XRPUSDT-0.09%
-----
target alloc initial:BTCUSDT+0.00%, ETHUSDT+0.00%, XRPUSDT+0.00%
-----
alloc target x rt%<0:BTCUSDT+0.00%, ETHUSDT+0.00%, XRPUSDT+0.00%
-----
           BTCUSDT ETHUSDT XRPUSDT
w_target      0.0%    0.0%    0.0%
rt_14h30    -0.00%  -0.00%  -0.00%
w_target_f    0.0%    0.0%    0.0%
2023-07-08 08:47:14,287
Portfolio was rebalanced less than 2 hours ago, 0.1 hours ago
2023-07-08 08:47:14,291
Status: prev = NEUTRAL <> NEUTRAL = target
2023-07-08 08:47:14,297
the strat is currently running @ 08-07-2023 and the target positions is NEUTRAL
the strat was previously run @ 2023-07-08 07:40:14 UTC, success:yes 
   and the current positions is NEUTRAL
2023-07-08 08:47:15,658
positions_future #0
2023-07-08 08:47:15,658
Empty DataFrame
Columns: [symbol, positionAmt, entryPrice, markPrice, unRealizedProfit, value_usd, updateTime, AUMs_account, w%]
Index: []
2023-07-08 08:47:15,664
programm stoppeddd!!! 20230708_084715
