2023-07-10 15:38:57,194
ON program started 20230710 15:38:57,
US time: 20230710 10:38:57
2023-07-10 15:38:57,218
the strat is currently running @ 10-07-2023 and the target positions is NEUTRAL
2023-07-10 15:38:59,244
CURRENT STATUS IS NEUTRAL
-----
return before 14h30:
BTCUSDT+0.39%, ETHUSDT+0.34%, XRPUSDT+1.35%
-----
target alloc initial:BTCUSDT+0.00%, ETHUSDT+0.00%, XRPUSDT+0.00%
-----
alloc target x rt%<0:BTCUSDT+0.00%, ETHUSDT+0.00%, XRPUSDT+0.00%
-----
           BTCUSDT ETHUSDT XRPUSDT
w_target      0.0%    0.0%    0.0%
rt_14h30     0.00%   0.00%   0.01%
w_target_f    0.0%    0.0%    0.0%
2023-07-10 15:38:59,246
Portfolio was rebalanced less than 2 hours ago, 0.2 hours ago
2023-07-10 15:38:59,250
Status: prev = NEUTRAL <> NEUTRAL = target
2023-07-10 15:38:59,254
the strat is currently running @ 10-07-2023 and the target positions is NEUTRAL
the strat was previously run @ 2023-07-10 14:27:57 UTC, success:yes 
   and the current positions is NEUTRAL
2023-07-10 15:39:00,650
positions_future #0
2023-07-10 15:39:00,650
Empty DataFrame
Columns: [symbol, positionAmt, entryPrice, markPrice, unRealizedProfit, value_usd, updateTime, AUMs_account, w%]
Index: []
2023-07-10 15:39:00,656
programm stoppeddd!!! 20230710_153900
