2023-07-14 11:00:29,848
ON program started 20230714 11:00:29,
US time: 20230714 07:00:29
2023-07-14 11:00:30,253
the strat is currently running @ 14-07-2023 and the target positions is NEUTRAL
2023-07-14 11:00:31,576
CURRENT STATUS IS NEUTRAL
-----
return before 14h30:
BTCUSDT-0.91%, ETHUSDT-0.96%, XRPUSDT+1.03%
-----
target alloc initial:BTCUSDT+0.00%, ETHUSDT+0.00%, XRPUSDT+0.00%
-----
alloc target x rt%<0:BTCUSDT+0.00%, ETHUSDT+0.00%, XRPUSDT+0.00%
-----
           BTCUSDT ETHUSDT XRPUSDT
w_target      0.0%    0.0%    0.0%
rt_14h30    -0.01%  -0.01%   0.01%
w_target_f    0.0%    0.0%    0.0%
2023-07-14 11:00:31,578
Portfolio was rebalanced less than 2 hours ago, 0.3 hours ago
2023-07-14 11:00:31,581
Status: prev = NEUTRAL <> NEUTRAL = target
2023-07-14 11:00:31,581
the strat is currently running @ 14-07-2023 and the target positions is NEUTRAL
the strat was previously run @ 2023-07-14 10:41:32 UTC, success:yes 
   and the current positions is NEUTRAL
2023-07-14 11:00:32,670
positions_future #0
2023-07-14 11:00:32,670
Empty DataFrame
Columns: [symbol, positionAmt, entryPrice, markPrice, unRealizedProfit, value_usd, updateTime, AUMs_account, w%]
Index: []
2023-07-14 11:00:32,671
programm stoppeddd!!! 20230714_110032
