2023-07-09 18:50:26,929
ON program started 20230709 18:50:26,
US time: 20230709 14:50:26
2023-07-09 18:50:26,961
the strat is currently running @ 09-07-2023 and the target positions is LONG
2023-07-09 18:50:28,269
CURRENT STATUS IS LONG
-----
return before 14h30:
BTCUSDT+0.00%, ETHUSDT-0.01%, XRPUSDT-0.02%
-----
target alloc initial:BTCUSDT+50.00%, ETHUSDT+50.00%, XRPUSDT+50.00%
-----
alloc target x rt%<0:BTCUSDT+50.00%, ETHUSDT+50.00%, XRPUSDT+50.00%
-----
           BTCUSDT ETHUSDT XRPUSDT
w_target     50.0%   50.0%   50.0%
rt_14h30     0.00%  -0.00%  -0.00%
w_target_f   50.0%   50.0%   50.0%
2023-07-09 18:50:28,270
Portfolio was rebalanced less than 2 hours ago, 10.8 hours ago
2023-07-09 18:50:28,273
Status: prev = LONG <> NEUTRAL = target
2023-07-09 18:50:28,273
the strat is currently running @ 09-07-2023 and the target positions is LONG
the strat was previously run @ 2023-07-09 08:02:46 UTC, success:yes 
   and the current positions is NEUTRAL
2023-07-09 18:50:29,359
positions_future #3
2023-07-09 18:50:29,359
      symbol  positionAmt entryPrice  ...   updateTime  AUMs_account        w%
107  XRPUSDT      322.200     0.4693  ...  09Jul-18:39         302.4  0.500436
215  BTCUSDT        0.005    30257.2  ...  09Jul-18:38         302.4  0.500178
133  ETHUSDT        0.081    1866.45  ...  09Jul-18:36         302.4  0.500114

[3 rows x 9 columns]
2023-07-09 18:50:29,578
------------------------------
binance_account_balance
2023-07-09 18:50:29,578
  asset     balance withdrawAvailable   updateTime
7  USDT  302.251089      279.71414220  09Jul-18:39
2023-07-09 18:50:30,400
------------------------------
open_orders
2023-07-09 18:50:30,400
Empty DataFrame
Columns: []
Index: []
2023-07-09 18:50:31,006
------------------------------
AUMS account:302

2023-07-09 18:50:31,008
--------------- compute_futures_order_book() ----------------
2023-07-09 18:50:32,259
----------------------------------------------------------------------
#0 order(s) to place
gross$: 0$ | net$: +0$
gross%: 0% | net%: +0%
 || w>0%  +0% | w<0%  0%
----------------------------------------------------------------------
PTF Expo% 149.7% >> 150.0% (current>>target)
PTF expo $453.0 >> $453 (current>>target)
----------------------------------------------------------------------
2023-07-09 18:50:32,260
orders_ofthe_day
2023-07-09 18:50:32,260
Empty DataFrame
Columns: [ptf_usd, target_usd, totrd_usd, posttrd_usd, qty, posttrd_qty, posttrd_w, bid, ask]
Index: []
2023-07-09 18:50:32,261
Orders of the day is empty, current and target potfolios are aligned
2023-07-09 18:50:32,262
Program stopped
