2023-07-09 17:47:43,690
ON program started 20230709 17:47:43,
US time: 20230709 12:47:43
2023-07-09 17:47:43,817
the strat is currently running @ 09-07-2023 and the target positions is NEUTRAL
2023-07-09 17:47:45,355
CURRENT STATUS IS NEUTRAL
-----
return before 14h30:
BTCUSDT+0.01%, ETHUSDT-0.18%, XRPUSDT-0.04%
-----
target alloc initial:BTCUSDT+0.00%, ETHUSDT+0.00%, XRPUSDT+0.00%
-----
alloc target x rt%<0:BTCUSDT+0.00%, ETHUSDT+0.00%, XRPUSDT+0.00%
-----
           BTCUSDT ETHUSDT XRPUSDT
w_target      0.0%    0.0%    0.0%
rt_14h30     0.00%  -0.00%  -0.00%
w_target_f    0.0%    0.0%    0.0%
2023-07-09 17:47:45,382
Portfolio was rebalanced less than 2 hours ago, 8.7 hours ago
2023-07-09 17:47:45,385
Status: prev = NEUTRAL <> NEUTRAL = target
2023-07-09 17:47:45,386
the strat is currently running @ 09-07-2023 and the target positions is NEUTRAL
the strat was previously run @ 2023-07-09 08:02:46 UTC, success:yes 
   and the current positions is NEUTRAL
2023-07-09 17:47:46,725
positions_future #0
2023-07-09 17:47:46,725
Empty DataFrame
Columns: [symbol, positionAmt, entryPrice, markPrice, unRealizedProfit, value_usd, updateTime, AUMs_account, w%]
Index: []
2023-07-09 17:47:46,737
programm stoppeddd!!! 20230709_174746
2023-07-09 17:49:05,268
programm stoppeddd!!! 20230709_174905
