2023-06-13 17:01:01,793
ON program started 20230613 17:01:01,
US time: 20230613 12:01:01
2023-06-13 17:01:01,805
the strat is currently running @ 13-06-2023 and the target positions is LONG
2023-06-13 17:01:03,326
CURRENT STATUS IS LONG
-----
return before 14h30:
BTCUSDT-1.17%, ETHUSDT-0.98%, XRPUSDT-3.40%
-----
target alloc initial:BTCUSDT+0.00%, ETHUSDT+0.00%, XRPUSDT+20.00%
-----
alloc target x rt%<0:BTCUSDT+0.00%, ETHUSDT+0.00%, XRPUSDT+20.00%
-----
           BTCUSDT ETHUSDT XRPUSDT
w_target      0.0%    0.0%   20.0%
rt_14h30    -0.01%  -0.01%  -0.03%
w_target_f    0.0%    0.0%   20.0%
2023-06-13 17:01:03,328
Portfolio was rebalanced less than 2 hours ago, 0.0 hours ago
2023-06-13 17:01:03,328
Status: prev = LONG <> NEUTRAL = target
2023-06-13 17:01:03,330
the strat is currently running @ 13-06-2023 and the target positions is LONG
the strat was previously run @ 13 Jun 2023 17:00, success:? 
   and the current positions is NEUTRAL
2023-06-13 17:01:04,716
positions_future #1
2023-06-13 17:01:04,716
      symbol  positionAmt entryPrice   markPrice  unRealizedProfit  value_usd   updateTime  AUMs_account        w%
107  XRPUSDT        133.7     0.5089  0.50863370         -0.035604  68.004326  13Jun-15:56         341.4  0.199182
