2023-07-10 08:21:29,379
ON program started 20230710 08:21:29,
US time: 20230710 04:21:29
2023-07-10 08:21:29,406
the strat is currently running @ 10-07-2023 and the target positions is NEUTRAL
2023-07-10 08:21:30,721
CURRENT STATUS IS NEUTRAL
-----
return before 14h30:
BTCUSDT-0.15%, ETHUSDT-0.29%, XRPUSDT+0.56%
-----
target alloc initial:BTCUSDT+0.00%, ETHUSDT+0.00%, XRPUSDT+0.00%
-----
alloc target x rt%<0:BTCUSDT+0.00%, ETHUSDT+0.00%, XRPUSDT+0.00%
-----
           BTCUSDT ETHUSDT XRPUSDT
w_target      0.0%    0.0%    0.0%
rt_14h30    -0.00%  -0.00%   0.01%
w_target_f    0.0%    0.0%    0.0%
2023-07-10 08:21:30,723
Portfolio was rebalanced less than 2 hours ago, 13.6 hours ago
2023-07-10 08:21:30,725
Status: prev = NEUTRAL <> LONG = target
2023-07-10 08:21:30,725
the strat is currently running @ 10-07-2023 and the target positions is NEUTRAL
the strat was previously run @ 2023-07-09 18:48:18 UTC, success:yes 
   and the current positions is LONG
2023-07-10 08:21:31,813
positions_future #3
2023-07-10 08:21:31,813
      symbol  positionAmt entryPrice  ...   updateTime  AUMs_account        w%
107  XRPUSDT      322.200     0.4693  ...  09Jul-18:39         299.3  0.502974
215  BTCUSDT        0.005    30257.2  ...  09Jul-18:38         299.3  0.501851
133  ETHUSDT        0.081    1866.45  ...  09Jul-18:36         299.3  0.501198

[3 rows x 9 columns]
2023-07-10 08:21:32,031
------------------------------
binance_account_balance
2023-07-10 08:21:32,031
  asset     balance withdrawAvailable   updateTime
7  USDT  302.223578      276.67666382  09Jul-18:39
2023-07-10 08:21:32,864
------------------------------
open_orders
2023-07-10 08:21:32,864
Empty DataFrame
Columns: []
Index: []
2023-07-10 08:21:33,475
------------------------------
AUMS account:299

2023-07-10 08:21:33,477
--------------- compute_futures_order_book() ----------------
2023-07-10 08:21:34,736
----------------------------------------------------------------------
#3 order(s) to place
gross$: 451$ | net$: -451$
gross%: 151% | net%: -151%
 || w>0%  +0% | w<0%  -151%
----------------------------------------------------------------------
PTF Expo% 150.6% >> 0.0% (current>>target)
PTF expo $451.0 >> $0 (current>>target)
----------------------------------------------------------------------
2023-07-10 08:21:34,737
orders_ofthe_day
2023-07-10 08:21:34,737
                  ptf_usd  target_usd  ...         bid         ask
2023-07-10 08:21                       ...                        
XRPUSDT             151.0         0.0  ...      0.4671      0.4672
BTCUSDT             150.0         0.0  ...  30036.9000  30037.0000
ETHUSDT             150.0         0.0  ...   1851.5800   1851.5900

[3 rows x 9 columns]
2023-07-10 08:21:36,323
binance_place_orders_peg 20230710_082136
2023-07-10 08:21:36,735
{'orderId': 36602004872, 'symbol': 'XRPUSDT', 'status': 'NEW', 'clientOrderId': 'ivswelSzIMy4Eg2pKiGvdZ', 'price': '0.4674', 'avgPrice': '0.00', 'origQty': '322.2', 'executedQty': '0.0', 'cumQty': '0.0', 'cumQuote': '0.00000', 'timeInForce': 'GTC', 'type': 'LIMIT', 'reduceOnly': False, 'closePosition': False, 'side': 'SELL', 'positionSide': 'BOTH', 'stopPrice': '0.0000', 'workingType': 'CONTRACT_PRICE', 'priceProtect': False, 'origType': 'LIMIT', 'updateTime': 1688977296632}
2023-07-10 08:21:37,149
{'orderId': 169474675134, 'symbol': 'BTCUSDT', 'status': 'NEW', 'clientOrderId': 'YgEZ6pWwrbMyXSz4qW0629', 'price': '30055.20', 'avgPrice': '0.00000', 'origQty': '0.005', 'executedQty': '0', 'cumQty': '0', 'cumQuote': '0', 'timeInForce': 'GTC', 'type': 'LIMIT', 'reduceOnly': False, 'closePosition': False, 'side': 'SELL', 'positionSide': 'BOTH', 'stopPrice': '0', 'workingType': 'CONTRACT_PRICE', 'priceProtect': False, 'origType': 'LIMIT', 'updateTime': 1688977297045}
2023-07-10 08:21:37,564
{'orderId': 8389765607522819907, 'symbol': 'ETHUSDT', 'status': 'NEW', 'clientOrderId': '82vszGuCCr2AeAG6nYM635', 'price': '1852.89', 'avgPrice': '0.00000', 'origQty': '0.081', 'executedQty': '0', 'cumQty': '0', 'cumQuote': '0', 'timeInForce': 'GTC', 'type': 'LIMIT', 'reduceOnly': False, 'closePosition': False, 'side': 'SELL', 'positionSide': 'BOTH', 'stopPrice': '0', 'workingType': 'CONTRACT_PRICE', 'priceProtect': False, 'origType': 'LIMIT', 'updateTime': 1688977297461}
2023-07-10 08:21:39,449
update 0: filled 0 / 3 () | working 3 / 3 (-XRPUSDT,-BTCUSDT,-ETHUSDT)
2023-07-10 08:21:43,450
-XRPUSDT: bp4.0|-BTCUSDT: bp5.0|-ETHUSDT: bp5.0|
2023-07-10 08:21:44,678
update 1: filled 0 / 3 () | working 3 / 3 (-XRPUSDT,-BTCUSDT,-ETHUSDT)
2023-07-10 08:21:48,679
-XRPUSDT: bp4.0|-BTCUSDT: bp4.0|-ETHUSDT: bp4.0|
2023-07-10 08:21:49,910
update 2: filled 0 / 3 () | working 3 / 3 (-XRPUSDT,-BTCUSDT,-ETHUSDT)
2023-07-10 08:21:53,911
-XRPUSDT: bp2.0|-BTCUSDT: bp4.0|-ETHUSDT: bp2.0|
2023-07-10 08:21:55,142
update 3: filled 0 / 3 () | working 3 / 3 (-XRPUSDT,-BTCUSDT,-ETHUSDT)
2023-07-10 08:21:59,143
-XRPUSDT: bp0.0|-BTCUSDT: bp3.0|-ETHUSDT: bp2.0|
2023-07-10 08:22:00,371
update 4: filled 1 / 3 (-XRPUSDT) | working 2 / 3 (-BTCUSDT,-ETHUSDT)
2023-07-10 08:22:04,371
-BTCUSDT: bp2.0|-ETHUSDT: bp1.0|
2023-07-10 08:22:05,607
update 5: filled 1 / 3 (-XRPUSDT) | working 2 / 3 (-BTCUSDT,-ETHUSDT)
2023-07-10 08:22:09,608
-BTCUSDT: bp1.0|-ETHUSDT: bp3.0|
2023-07-10 08:22:10,840
update 6: filled 3 / 3 (-XRPUSDT,-BTCUSDT,-ETHUSDT) | working 0 / 3 ()
2023-07-10 08:22:15,683
Trades of the day
in$
as of: 10Jul 08:21>>08:22 (#trades: 3)
trade net: -451.0 (-150.7%), trade gross: +451.0 (+150.7%), BUY: +0.0 (+0.0%), SELL: -451.0 (-150.7%)
fees: $ 0.072 (1.6bp)
2023-07-10 08:22:16,312
Trades: 
Filled #3
______________________________________________
                   in$ | in bp 450 traded | in bp 299 AUMs
realizedPnl    -2.72   | -60     | -91    
PnLvsArrival   +0.28   | +6      | +9     
PnLvsLast      -0.2    | -4      | -7     
______________________________________________
                 | Value$ | PnL Arrival/Last 
______________________________________________
XRP:-322.2@0.4674 | -151$ | 0.08/-0.1
BTC:-0.005@30055.2 | -150$ | 0.09/-0.05
ETH:-0.081@1852.89 | -150$ | 0.11/-0.05
2023-07-10 08:22:16,944
***************************
Positions after orders
***************************
2023-07-10 08:22:16,944
********No Position************
2023-07-10 08:22:16,944
***************************
2023-07-10 08:22:19,630
***************************
EXECUTION TRADES OK:
scripts : | 10 Jul 2023 08:22:execution
***************************
Trades of the day
in$
as of: 10Jul 08:21>>08:22 (#trades: 3)
trade net: -451.0 (-150.7%), trade gross: +451.0 (+150.7%), BUY: +0.0 (+0.0%), SELL: -451.0 (-150.7%)
fees: $ 0.072 (1.6bp)

***************************
Trades: 
Filled #3
______________________________________________
                   in$ | in bp 450 traded | in bp 299 AUMs
realizedPnl    -2.72   | -60     | -91    
PnLvsArrival   +0.28   | +6      | +9     
PnLvsLast      -0.2    | -4      | -7     
______________________________________________
                 | Value$ | PnL Arrival/Last 
______________________________________________
XRP:-322.2@0.4674 | -151$ | 0.08/-0.1
BTC:-0.005@30055.2 | -150$ | 0.09/-0.05
ETH:-0.081@1852.89 | -150$ | 0.11/-0.05

***************************
EXECUTION ALL GOOD: THE END
***************************
