2023-07-17 02:30:27,764
ON program started 20230717 02:30:27,
US time: 20230716 22:30:27
2023-07-17 02:30:28,099
the strat is currently running @ 17-07-2023 and the target positions is NEUTRAL
2023-07-17 02:30:29,403
CURRENT STATUS IS NEUTRAL
-----
return before 14h30:
BTCUSDT+0.00%, ETHUSDT+0.00%, XRPUSDT+0.00%
-----
target alloc initial:BTCUSDT+0.00%, ETHUSDT+0.00%, XRPUSDT+0.00%
-----
alloc target x rt%<0:BTCUSDT+0.00%, ETHUSDT+0.00%, XRPUSDT+0.00%
-----
           BTCUSDT ETHUSDT XRPUSDT
w_target      0.0%    0.0%    0.0%
rt_14h30     0.00%   0.00%   0.00%
w_target_f    0.0%    0.0%    0.0%
2023-07-17 02:30:29,405
Portfolio was rebalanced less than 2 hours ago, 15.8 hours ago
2023-07-17 02:30:29,407
Status: prev = NEUTRAL <> NEUTRAL = target
2023-07-17 02:30:29,407
the strat is currently running @ 17-07-2023 and the target positions is NEUTRAL
the strat was previously run @ 2023-07-14 10:41:32 UTC, success:yes 
   and the current positions is NEUTRAL
2023-07-17 02:30:30,492
positions_future #0
2023-07-17 02:30:30,492
Empty DataFrame
Columns: [symbol, positionAmt, entryPrice, markPrice, unRealizedProfit, value_usd, updateTime, AUMs_account, w%]
Index: []
2023-07-17 02:30:30,493
programm stoppeddd!!! 20230717_023030
