2023-07-10 15:27:54,710
ON program started 20230710 15:27:54,
US time: 20230710 10:27:54
2023-07-10 15:27:54,730
the strat is currently running @ 10-07-2023 and the target positions is NEUTRAL
2023-07-10 15:27:56,274
CURRENT STATUS IS NEUTRAL
-----
return before 14h30:
BTCUSDT+0.18%, ETHUSDT+0.11%, XRPUSDT+1.22%
-----
target alloc initial:BTCUSDT+0.00%, ETHUSDT+0.00%, XRPUSDT+0.00%
-----
alloc target x rt%<0:BTCUSDT+0.00%, ETHUSDT+0.00%, XRPUSDT+0.00%
-----
           BTCUSDT ETHUSDT XRPUSDT
w_target      0.0%    0.0%    0.0%
rt_14h30     0.00%   0.00%   0.01%
w_target_f    0.0%    0.0%    0.0%
2023-07-10 15:27:56,277
Portfolio was rebalanced less than 2 hours ago, 5.1 hours ago
2023-07-10 15:27:56,281
Status: prev = NEUTRAL <> NEUTRAL = target
2023-07-10 15:27:56,284
the strat is currently running @ 10-07-2023 and the target positions is NEUTRAL
the strat was previously run @ 2023-07-10 09:19:42 UTC, success:yes 
   and the current positions is NEUTRAL
2023-07-10 15:27:57,642
positions_future #0
2023-07-10 15:27:57,643
Empty DataFrame
Columns: [symbol, positionAmt, entryPrice, markPrice, unRealizedProfit, value_usd, updateTime, AUMs_account, w%]
Index: []
2023-07-10 15:27:57,648
programm stoppeddd!!! 20230710_152757
