2023-07-10 11:45:30,223
ON program started 20230710 11:45:30,
US time: 20230710 07:45:30
2023-07-10 11:45:30,252
the strat is currently running @ 10-07-2023 and the target positions is NEUTRAL
2023-07-10 11:45:32,038
CURRENT STATUS IS NEUTRAL
-----
return before 14h30:
BTCUSDT+0.11%, ETHUSDT+0.09%, XRPUSDT+1.03%
-----
target alloc initial:BTCUSDT+0.00%, ETHUSDT+0.00%, XRPUSDT+0.00%
-----
alloc target x rt%<0:BTCUSDT+0.00%, ETHUSDT+0.00%, XRPUSDT+0.00%
-----
           BTCUSDT ETHUSDT XRPUSDT
w_target      0.0%    0.0%    0.0%
rt_14h30     0.00%   0.00%   0.01%
w_target_f    0.0%    0.0%    0.0%
2023-07-10 11:45:32,039
Portfolio was rebalanced less than 2 hours ago, 2.4 hours ago
2023-07-10 11:45:32,042
Status: prev = NEUTRAL <> NEUTRAL = target
2023-07-10 11:45:32,042
the strat is currently running @ 10-07-2023 and the target positions is NEUTRAL
the strat was previously run @ 2023-07-10 09:19:42 UTC, success:yes 
   and the current positions is NEUTRAL
2023-07-10 11:45:33,147
positions_future #0
2023-07-10 11:45:33,147
Empty DataFrame
Columns: [symbol, positionAmt, entryPrice, markPrice, unRealizedProfit, value_usd, updateTime, AUMs_account, w%]
Index: []
2023-07-10 11:45:33,148
programm stoppeddd!!! 20230710_114533
