2023-07-09 07:45:53,927
ON program started 20230709 07:45:53,
US time: 20230709 03:45:53
2023-07-09 07:45:53,957
the strat is currently running @ 09-07-2023 and the target positions is NEUTRAL
2023-07-09 07:45:55,681
CURRENT STATUS IS NEUTRAL
-----
return before 14h30:
BTCUSDT-0.08%, ETHUSDT-0.08%, XRPUSDT-0.28%
-----
target alloc initial:BTCUSDT+0.00%, ETHUSDT+0.00%, XRPUSDT+0.00%
-----
alloc target x rt%<0:BTCUSDT+0.00%, ETHUSDT+0.00%, XRPUSDT+0.00%
-----
           BTCUSDT ETHUSDT XRPUSDT
w_target      0.0%    0.0%    0.0%
rt_14h30    -0.00%  -0.00%  -0.00%
w_target_f    0.0%    0.0%    0.0%
2023-07-09 07:45:55,683
Portfolio was rebalanced less than 2 hours ago, 14.8 hours ago
2023-07-09 07:45:55,685
Status: prev = NEUTRAL <> NEUTRAL = target
2023-07-09 07:45:55,686
the strat is currently running @ 09-07-2023 and the target positions is NEUTRAL
the strat was previously run @ 2023-07-05 16:56:16 UTC, success:yes 
   and the current positions is NEUTRAL
2023-07-09 07:45:56,766
positions_future #0
2023-07-09 07:45:56,766
Empty DataFrame
Columns: [symbol, positionAmt, entryPrice, markPrice, unRealizedProfit, value_usd, updateTime, AUMs_account, w%]
Index: []
2023-07-09 07:45:56,767
programm stoppeddd!!! 20230709_074556
