2023-07-05 17:56:12,962
ON program started 20230705 17:56:09,
US time: 20230705 12:56:12
2023-07-05 17:56:13,154
the strat is currently running @ 05-07-2023 and the target positions is NEUTRAL
2023-07-05 17:56:14,760
CURRENT STATUS IS NEUTRAL
-----
return before 14h30:
BTCUSDT-1.37%, ETHUSDT-1.66%, XRPUSDT-3.62%
-----
target alloc initial:BTCUSDT+0.00%, ETHUSDT+0.00%, XRPUSDT+0.00%
-----
alloc target x rt%<0:BTCUSDT+0.00%, ETHUSDT+0.00%, XRPUSDT+0.00%
-----
           BTCUSDT ETHUSDT XRPUSDT
w_target      0.0%    0.0%    0.0%
rt_14h30    -0.01%  -0.02%  -0.04%
w_target_f    0.0%    0.0%    0.0%
2023-07-05 17:56:14,803
Portfolio was rebalanced less than 2 hours ago, 22.9 hours ago
2023-07-05 17:56:14,809
Status: prev = NEUTRAL <> NEUTRAL = target
2023-07-05 17:56:14,809
the strat is currently running @ 05-07-2023 and the target positions is NEUTRAL
the strat was previously run @ 2023-06-21 18:03:28 UTC, success:yes 
   and the current positions is NEUTRAL
2023-07-05 17:56:16,258
positions_future #0
2023-07-05 17:56:16,258
Empty DataFrame
Columns: [symbol, positionAmt, entryPrice, markPrice, unRealizedProfit, value_usd, updateTime, AUMs_account, w%]
Index: []
2023-07-05 17:56:16,300
programm stoppeddd!!! 20230705_175616
