2023-07-18 11:01:08,773
ON program started 20230718 11:01:08,
US time: 20230718 07:01:08
2023-07-18 11:01:09,119
the strat is currently running @ 18-07-2023 and the target positions is NEUTRAL
2023-07-18 11:01:10,489
CURRENT STATUS IS NEUTRAL
-----
return before 14h30:
BTCUSDT-0.28%, ETHUSDT-0.29%, XRPUSDT+1.72%
-----
target alloc initial:BTCUSDT+0.00%, ETHUSDT+0.00%, XRPUSDT+0.00%
-----
alloc target x rt%<0:BTCUSDT+0.00%, ETHUSDT+0.00%, XRPUSDT+0.00%
-----
           BTCUSDT ETHUSDT XRPUSDT
w_target      0.0%    0.0%    0.0%
rt_14h30    -0.00%  -0.00%   0.02%
w_target_f    0.0%    0.0%    0.0%
2023-07-18 11:01:10,491
Portfolio was rebalanced less than 2 hours ago, 0.3 hours ago
2023-07-18 11:01:10,493
Status: prev = NEUTRAL <> NEUTRAL = target
2023-07-18 11:01:10,493
the strat is currently running @ 18-07-2023 and the target positions is NEUTRAL
the strat was previously run @ 2023-07-14 10:41:32 UTC, success:yes 
   and the current positions is NEUTRAL
2023-07-18 11:01:11,571
positions_future #0
2023-07-18 11:01:11,571
Empty DataFrame
Columns: [symbol, positionAmt, entryPrice, markPrice, unRealizedProfit, value_usd, updateTime, AUMs_account, w%]
Index: []
2023-07-18 11:01:11,572
programm stoppeddd!!! 20230718_110111
