2023-07-18 18:30:30,371
ON program started 20230718 18:30:30,
US time: 20230718 14:30:30
2023-07-18 18:30:30,724
the strat is currently running @ 18-07-2023 and the target positions is LONG
2023-07-18 18:30:32,082
CURRENT STATUS IS LONG
-----
return before 14h30:
BTCUSDT-0.84%, ETHUSDT-0.91%, XRPUSDT+2.30%
-----
target alloc initial:BTCUSDT+16.67%, ETHUSDT+16.67%, XRPUSDT+16.67%
-----
alloc target x rt%<0:BTCUSDT+16.67%, ETHUSDT+16.67%, XRPUSDT+16.67%
-----
           BTCUSDT ETHUSDT XRPUSDT
w_target     16.7%   16.7%   16.7%
rt_14h30    -0.01%  -0.01%   0.02%
w_target_f   16.7%   16.7%   16.7%
2023-07-18 18:30:32,084
Portfolio was rebalanced less than 2 hours ago, 7.8 hours ago
2023-07-18 18:30:32,087
Status: prev = LONG <> NEUTRAL = target
2023-07-18 18:30:32,087
the strat is currently running @ 18-07-2023 and the target positions is LONG
the strat was previously run @ 2023-07-14 10:41:32 UTC, success:yes 
   and the current positions is NEUTRAL
2023-07-18 18:30:33,175
positions_future #0
2023-07-18 18:30:33,175
Empty DataFrame
Columns: [symbol, positionAmt, entryPrice, markPrice, unRealizedProfit, value_usd, updateTime, AUMs_account, w%]
Index: []
2023-07-18 18:30:33,385
------------------------------
binance_account_balance
2023-07-18 18:30:33,386
  asset     balance withdrawAvailable   updateTime
7  USDT  296.139049      296.13904917  18Jul-02:31
2023-07-18 18:30:33,603
------------------------------
open_orders
2023-07-18 18:30:33,603
Empty DataFrame
Columns: []
Index: []
2023-07-18 18:30:34,216
------------------------------
AUMS account:296

2023-07-18 18:30:34,218
--------------- compute_futures_order_book() ----------------
2023-07-18 18:30:35,484
----------------------------------------------------------------------
#3 order(s) to place
gross$: 158$ | net$: +158$
gross%: 53% | net%: +53%
 || w>0%  +53% | w<0%  0%
----------------------------------------------------------------------
PTF Expo% 0.0% >> 50.0% (current>>target)
PTF expo $0.0 >> $148 (current>>target)
----------------------------------------------------------------------
2023-07-18 18:30:35,486
orders_ofthe_day
2023-07-18 18:30:35,486
                  ptf_usd  target_usd  ...         bid         ask
2023-07-18 18:30                       ...                        
BTCUSDT               0.0       49.37  ...  29910.0000  29910.1000
ETHUSDT               0.0       49.37  ...   1901.7400   1901.7500
XRPUSDT               0.0       49.37  ...      0.7626      0.7627

[3 rows x 9 columns]
2023-07-18 18:30:37,166
binance_place_orders_peg 20230718_183037
2023-07-18 18:30:37,579
{'orderId': 172605270553, 'symbol': 'BTCUSDT', 'status': 'NEW', 'clientOrderId': 'Ltc4Zo9RfAbKTlpRBliHoa', 'price': '29895.00', 'avgPrice': '0.00', 'origQty': '0.002', 'executedQty': '0.000', 'cumQty': '0.000', 'cumQuote': '0.00000', 'timeInForce': 'GTC', 'type': 'LIMIT', 'reduceOnly': False, 'closePosition': False, 'side': 'BUY', 'positionSide': 'BOTH', 'stopPrice': '0.00', 'workingType': 'CONTRACT_PRICE', 'priceProtect': False, 'origType': 'LIMIT', 'updateTime': 1689705037475}
2023-07-18 18:30:37,991
{'orderId': 8389765608972114762, 'symbol': 'ETHUSDT', 'status': 'NEW', 'clientOrderId': '1iNwOvWRNjposNLeNU7hGL', 'price': '1900.57', 'avgPrice': '0.00', 'origQty': '0.026', 'executedQty': '0.000', 'cumQty': '0.000', 'cumQuote': '0.00000', 'timeInForce': 'GTC', 'type': 'LIMIT', 'reduceOnly': False, 'closePosition': False, 'side': 'BUY', 'positionSide': 'BOTH', 'stopPrice': '0.00', 'workingType': 'CONTRACT_PRICE', 'priceProtect': False, 'origType': 'LIMIT', 'updateTime': 1689705037888}
2023-07-18 18:30:38,433
{'orderId': 37417998220, 'symbol': 'XRPUSDT', 'status': 'NEW', 'clientOrderId': 'aDBlm4JTvxIE1wPn6xTRaB', 'price': '0.7622', 'avgPrice': '0.00', 'origQty': '64.7', 'executedQty': '0.0', 'cumQty': '0.0', 'cumQuote': '0.00000', 'timeInForce': 'GTC', 'type': 'LIMIT', 'reduceOnly': False, 'closePosition': False, 'side': 'BUY', 'positionSide': 'BOTH', 'stopPrice': '0.0000', 'workingType': 'CONTRACT_PRICE', 'priceProtect': False, 'origType': 'LIMIT', 'updateTime': 1689705038328}
2023-07-18 18:30:40,320
update 0: filled 0 / 3 () | working 3 / 3 (+BTCUSDT,+ETHUSDT,+XRPUSDT)
2023-07-18 18:30:44,321
+BTCUSDT: bp4.0|+ETHUSDT: bp4.0|+XRPUSDT: bp3.0|
2023-07-18 18:30:45,564
update 1: filled 0 / 3 () | working 3 / 3 (+BTCUSDT,+ETHUSDT,+XRPUSDT)
2023-07-18 18:30:49,565
+BTCUSDT: bp3.0|+ETHUSDT: bp4.0|+XRPUSDT: bp5.0|
2023-07-18 18:30:50,798
update 2: filled 0 / 3 () | working 3 / 3 (+BTCUSDT,+ETHUSDT,+XRPUSDT)
2023-07-18 18:30:54,798
+BTCUSDT: bp2.0|+ETHUSDT: bp2.0|+XRPUSDT: bp5.0|
2023-07-18 18:30:56,027
update 3: filled 0 / 3 () | working 3 / 3 (+BTCUSDT,+ETHUSDT,+XRPUSDT)
2023-07-18 18:31:00,028
+BTCUSDT: bp1.0|+ETHUSDT: bp2.0|+XRPUSDT: bp9.0|
2023-07-18 18:31:01,258
update 4: filled 3 / 3 (+BTCUSDT,+ETHUSDT,+XRPUSDT) | working 0 / 3 ()
2023-07-18 18:31:07,955
Trades of the day
in$
as of: 18Jul 18:30>>18:31 (#trades: 3)
trade net: +159.0 (+53.7%), trade gross: +159.0 (+53.7%), BUY: +159.0 (+53.7%), SELL: +0.0 (+0.0%)
fees: $ 0.025 (1.6bp)
2023-07-18 18:31:08,582
Trades: 
Filled #3
______________________________________________
                   in$ | in bp 158 traded | in bp 296 AUMs
realizedPnl    +0      | +0      | +0     
PnLvsArrival   +0.09   | +6      | +3     
PnLvsLast      -0.04   | -3      | -1     
______________________________________________
                 | Value$ | PnL Arrival/Last 
______________________________________________
XRP:+64.7@0.7622 | +49$ | 0.03/-0.01
ETH:+0.026@1900.57 | +49$ | 0.03/-0.01
BTC:+0.002@29895 | +60$ | 0.03/-0.02
2023-07-18 18:31:09,105
***************************
Positions after orders
***************************
2023-07-18 18:31:09,105
      symbol  qty_ptf    execP  ...   updateTime   AUMs     w%
215  BTCUSDT    0.002  29895.0  ...  18Jul-18:30  296.1  0.202
133  ETHUSDT    0.026  1900.57  ...  18Jul-18:30  296.1  0.167
107  XRPUSDT   64.700   0.7622  ...  18Jul-18:31  296.1  0.167

[3 rows x 9 columns]
2023-07-18 18:31:09,112
***************************
2023-07-18 18:31:09,725
3 STOP orders will be placed
2023-07-18 18:31:09,725
@+/-500.0bp limit
2023-07-18 18:31:09,725
binance_place_orders_peg 20230718_183109
2023-07-18 18:31:10,137
{'orderId': 172605535946, 'symbol': 'BTCUSDT', 'status': 'NEW', 'clientOrderId': 'zLgwrOMQ2QMk6TZjAqDlCa', 'price': '0.00', 'avgPrice': '0.00', 'origQty': '0.002', 'executedQty': '0.000', 'cumQty': '0.000', 'cumQuote': '0.00000', 'timeInForce': 'GTC', 'type': 'STOP_MARKET', 'reduceOnly': False, 'closePosition': False, 'side': 'SELL', 'positionSide': 'BOTH', 'stopPrice': '28393.20', 'workingType': 'CONTRACT_PRICE', 'priceProtect': False, 'origType': 'STOP_MARKET', 'updateTime': 1689705070033}
2023-07-18 18:31:10,551
{'orderId': 8389765608972236551, 'symbol': 'ETHUSDT', 'status': 'NEW', 'clientOrderId': 'guwccYfDaLNfyQaXSyEHeX', 'price': '0.00', 'avgPrice': '0.00', 'origQty': '0.026', 'executedQty': '0.000', 'cumQty': '0.000', 'cumQuote': '0.00000', 'timeInForce': 'GTC', 'type': 'STOP_MARKET', 'reduceOnly': False, 'closePosition': False, 'side': 'SELL', 'positionSide': 'BOTH', 'stopPrice': '1805.29', 'workingType': 'CONTRACT_PRICE', 'priceProtect': False, 'origType': 'STOP_MARKET', 'updateTime': 1689705070447}
2023-07-18 18:31:10,962
{'orderId': 37418046238, 'symbol': 'XRPUSDT', 'status': 'NEW', 'clientOrderId': 'TOeMIv1LQmws3nFxiHd7ex', 'price': '0.0000', 'avgPrice': '0.00', 'origQty': '64.7', 'executedQty': '0.0', 'cumQty': '0.0', 'cumQuote': '0.00000', 'timeInForce': 'GTC', 'type': 'STOP_MARKET', 'reduceOnly': False, 'closePosition': False, 'side': 'SELL', 'positionSide': 'BOTH', 'stopPrice': '0.7243', 'workingType': 'CONTRACT_PRICE', 'priceProtect': False, 'origType': 'STOP_MARKET', 'updateTime': 1689705070858}
