2023-06-14 18:03:26,933
ON program started 20230614 18:03:24,
US time: 20230614 13:03:26
2023-06-14 18:03:34,150
the strat is currently running @ 14-06-2023 and the target positions is SHORT
2023-06-14 18:03:40,494
CURRENT STATUS IS SHORT, WE CHECK IF THE DAY IS A NEGATIVE ONE
-----
return before 14h30:
BTCUSDT-0.07%, ETHUSDT-0.44%, XRPUSDT-2.28%
-----
target alloc initial:BTCUSDT+0.00%, ETHUSDT+0.00%, XRPUSDT-5.00%
-----
alloc target x rt%<0:BTCUSDT+0.00%, ETHUSDT+0.00%, XRPUSDT-5.00%
-----
           BTCUSDT ETHUSDT XRPUSDT
w_target      0.0%    0.0%   -5.0%
rt_14h30    -0.00%  -0.00%  -0.02%
w_target_f    0.0%    0.0%   -5.0%
2023-06-14 18:03:40,519
Portfolio was rebalanced less than 2 hours ago, 6.5 hours ago
2023-06-14 18:03:40,524
Status: prev = SHORT <> SHORT = target
2023-06-14 18:03:40,525
the strat is currently running @ 14-06-2023 and the target positions is SHORT
the strat was previously run @ 14 Jun 2023 11:33, success:? 
   and the current positions is SHORT
2023-06-14 18:03:43,451
positions_future #0
2023-06-14 18:03:43,451
Empty DataFrame
Columns: [symbol, positionAmt, entryPrice, markPrice, unRealizedProfit, value_usd, updateTime, AUMs_account, w%]
Index: []
2023-06-14 18:03:55,013
------------------------------
binance_account_balance
2023-06-14 18:03:55,014
  asset     balance withdrawAvailable   updateTime
8  USDT  340.924895      340.92489452  14Jun-02:49
2023-06-14 18:04:00,993
------------------------------
AUMS account:340

2023-06-14 18:04:03,298
--------------- compute_futures_order_book() ----------------
2023-06-14 18:04:04,969
----------------------------------------------------------------------
#1 order(s) to place
gross$: 17$ | net$: -17$
gross%: 5% | net%: -5%
 || w>0%  +0% | w<0%  -5%
----------------------------------------------------------------------
PTF Expo% 0.0% >> -5.0% (current>>target)
PTF expo $0.0 >> $-17 (current>>target)
----------------------------------------------------------------------
2023-06-14 18:04:05,006
orders_ofthe_day
2023-06-14 18:04:05,007
                  ptf_usd  target_usd  totrd_usd  posttrd_usd    qty   
2023-06-14 18:04                                                       
XRPUSDT               0.0      -17.05      -17.0        -17.0  -34.0  \

                 posttrd_qty  posttrd_w    bid     ask  
2023-06-14 18:04                                        
XRPUSDT                -34.0  -0.049864  0.501  0.5011  
2023-06-14 18:04:13,448
binance_place_orders_peg 20230614_180413
2023-06-14 18:04:13,985
{'orderId': 35230360119, 'symbol': 'XRPUSDT', 'status': 'NEW', 'clientOrderId': 'YqMUKb0uOKfzpTpM2bqrdk', 'price': '0.5084', 'avgPrice': '0.00', 'origQty': '34.0', 'executedQty': '0.0', 'cumQty': '0.0', 'cumQuote': '0.00000', 'timeInForce': 'GTC', 'type': 'LIMIT', 'reduceOnly': False, 'closePosition': False, 'side': 'SELL', 'positionSide': 'BOTH', 'stopPrice': '0.0000', 'workingType': 'CONTRACT_PRICE', 'priceProtect': False, 'origType': 'LIMIT', 'updateTime': 1686762253005}
