2023-07-16 03:00:31,915
ON program started 20230716 03:00:31,
US time: 20230715 23:00:31
2023-07-16 03:00:32,260
the strat is currently running @ 16-07-2023 and the target positions is NEUTRAL
2023-07-16 03:00:33,568
CURRENT STATUS IS NEUTRAL
-----
return before 14h30:
BTCUSDT+0.00%, ETHUSDT+0.00%, XRPUSDT+0.00%
-----
target alloc initial:BTCUSDT+0.00%, ETHUSDT+0.00%, XRPUSDT+0.00%
-----
alloc target x rt%<0:BTCUSDT+0.00%, ETHUSDT+0.00%, XRPUSDT+0.00%
-----
           BTCUSDT ETHUSDT XRPUSDT
w_target      0.0%    0.0%    0.0%
rt_14h30     0.00%   0.00%   0.00%
w_target_f    0.0%    0.0%    0.0%
2023-07-16 03:00:33,570
Portfolio was rebalanced less than 2 hours ago, 16.3 hours ago
2023-07-16 03:00:33,572
Status: prev = NEUTRAL <> NEUTRAL = target
2023-07-16 03:00:33,572
the strat is currently running @ 16-07-2023 and the target positions is NEUTRAL
the strat was previously run @ 2023-07-14 10:41:32 UTC, success:yes 
   and the current positions is NEUTRAL
2023-07-16 03:00:34,666
positions_future #0
2023-07-16 03:00:34,666
Empty DataFrame
Columns: [symbol, positionAmt, entryPrice, markPrice, unRealizedProfit, value_usd, updateTime, AUMs_account, w%]
Index: []
2023-07-16 03:00:34,667
programm stoppeddd!!! 20230716_030034
