2023-07-21 02:30:32,958
ON program started 20230721 02:30:32,
US time: 20230720 22:30:32
2023-07-21 02:30:33,316
the strat is currently running @ 21-07-2023 and the target positions is NEUTRAL
2023-07-21 02:30:34,633
CURRENT STATUS IS NEUTRAL
-----
return before 14h30:
BTCUSDT+0.00%, ETHUSDT+0.00%, XRPUSDT+0.00%
-----
target alloc initial:BTCUSDT+0.00%, ETHUSDT+0.00%, XRPUSDT+0.00%
-----
alloc target x rt%<0:BTCUSDT+0.00%, ETHUSDT+0.00%, XRPUSDT+0.00%
-----
           BTCUSDT ETHUSDT XRPUSDT
w_target      0.0%    0.0%    0.0%
rt_14h30     0.00%   0.00%   0.00%
w_target_f    0.0%    0.0%    0.0%
2023-07-21 02:30:34,636
Portfolio was rebalanced less than 2 hours ago, 15.8 hours ago
2023-07-21 02:30:34,639
Status: prev = NEUTRAL <> NEUTRAL = target
2023-07-21 02:30:34,639
the strat is currently running @ 21-07-2023 and the target positions is NEUTRAL
the strat was previously run @ 2023-07-14 10:41:32 UTC, success:yes 
   and the current positions is NEUTRAL
2023-07-21 02:30:35,756

------------------------------
SOMETHING WENT WRONG : status is NEUTRAL but still some positions, we cut evrything
2023-07-21 02:30:35,756
positions_future #1
2023-07-21 02:30:35,756
      symbol  positionAmt entryPrice  ...   updateTime  AUMs_account       w%
107  XRPUSDT        -15.7     0.7984  ...  20Jul-22:31         296.0 -0.04229

[1 rows x 9 columns]
2023-07-21 02:30:35,981
------------------------------
binance_account_balance
2023-07-21 02:30:35,982
  asset    balance withdrawAvailable   updateTime
7  USDT  295.95236      295.34474095  20Jul-22:33
2023-07-21 02:30:36,416
------------------------------
open_orders
2023-07-21 02:30:36,416
                                      0
symbol                          XRPUSDT
status                              NEW
price                                 0
avgPrice                              0
origQty                            15.7
executedQty                           0
type                        STOP_MARKET
side                                BUY
stopPrice                        0.8402
time         2023-07-20 22:33:52.419000
updateTime   2023-07-20 22:33:52.419000
2023-07-21 02:30:38,327
------------------------------
AUMS account:295

2023-07-21 02:30:38,328
--------------- compute_futures_order_book() ----------------
2023-07-21 02:30:39,597
----------------------------------------------------------------------
#1 order(s) to place
gross$: 13$ | net$: +13$
gross%: 4% | net%: +4%
 || w>0%  +4% | w<0%  0%
----------------------------------------------------------------------
PTF Expo% -4.3% >> 0.0% (current>>target)
PTF expo $-13.0 >> $0 (current>>target)
----------------------------------------------------------------------
2023-07-21 02:30:39,599
orders_ofthe_day
2023-07-21 02:30:39,599
                  ptf_usd  target_usd  totrd_usd  ...  posttrd_w    bid     ask
2023-07-21 02:30                                  ...                          
XRPUSDT             -13.0         0.0       13.0  ...        0.0  0.797  0.7971

[1 rows x 9 columns]
2023-07-21 02:30:40,872
binance_place_orders_peg 20230721_023040
2023-07-21 02:30:41,291
{'orderId': 37691929050, 'symbol': 'XRPUSDT', 'status': 'NEW', 'clientOrderId': 'hpSHxSHCCIZoHExygyYkg2', 'price': '0.7967', 'avgPrice': '0.00', 'origQty': '15.7', 'executedQty': '0.0', 'cumQty': '0.0', 'cumQuote': '0.00000', 'timeInForce': 'GTC', 'type': 'LIMIT', 'reduceOnly': False, 'closePosition': False, 'side': 'BUY', 'positionSide': 'BOTH', 'stopPrice': '0.0000', 'workingType': 'CONTRACT_PRICE', 'priceProtect': False, 'origType': 'LIMIT', 'updateTime': 1689906641188}
2023-07-21 02:30:41,704
update 0: filled 0 / 1 () | working 1 / 1 (+XRPUSDT)
2023-07-21 02:30:45,705
+XRPUSDT: bp5.0|
2023-07-21 02:30:46,117
update 1: filled 0 / 1 () | working 1 / 1 (+XRPUSDT)
2023-07-21 02:30:50,117
+XRPUSDT: bp9.0|
2023-07-21 02:30:50,528
update 2: filled 0 / 1 () | working 1 / 1 (+XRPUSDT)
2023-07-21 02:30:54,529
+XRPUSDT: bp6.0|
2023-07-21 02:30:54,943
update 3: filled 0 / 1 () | working 1 / 1 (+XRPUSDT)
2023-07-21 02:30:58,944
+XRPUSDT: bp5.0|
2023-07-21 02:30:59,356
update 4: filled 0 / 1 () | working 1 / 1 (+XRPUSDT)
2023-07-21 02:31:03,356
+XRPUSDT: bp3.0|
2023-07-21 02:31:03,770
update 5: filled 1 / 1 (+XRPUSDT) | working 0 / 1 ()
2023-07-21 02:31:08,833
Trades of the day
in$
as of: 21Jul 02:31>>02:31 (#trades: 1)
trade net: +13.0 (+4.4%), trade gross: +13.0 (+4.4%), BUY: +13.0 (+4.4%), SELL: +0.0 (+0.0%)
fees: $ 0.002 (1.6bp)
2023-07-21 02:31:09,058
Trades: 
Filled #1
______________________________________________
                   in$ | in bp 12 traded | in bp 295 AUMs
realizedPnl    +0.03   | +24     | +1     
PnLvsArrival   +0.01   | +8      | +0     
PnLvsLast      -0.01   | -8      | -0     
______________________________________________
                 | Value$ | PnL Arrival/Last 
______________________________________________
XRP:+15.7@0.7967 | +13$ | 0.01/-0.01
2023-07-21 02:31:09,754
***************************
Positions after orders
***************************
2023-07-21 02:31:09,754
********No Position************
2023-07-21 02:31:09,754
***************************
