2023-07-20 12:30:24,199
ON program started 20230720 12:30:24,
US time: 20230720 08:30:24
2023-07-20 12:30:24,546
the strat is currently running @ 20-07-2023 and the target positions is NEUTRAL
2023-07-20 12:30:25,994
CURRENT STATUS IS NEUTRAL
-----
return before 14h30:
BTCUSDT+1.08%, ETHUSDT+1.34%, XRPUSDT-2.17%
-----
target alloc initial:BTCUSDT+0.00%, ETHUSDT+0.00%, XRPUSDT+0.00%
-----
alloc target x rt%<0:BTCUSDT+0.00%, ETHUSDT+0.00%, XRPUSDT+0.00%
-----
           BTCUSDT ETHUSDT XRPUSDT
w_target      0.0%    0.0%    0.0%
rt_14h30     0.01%   0.01%  -0.02%
w_target_f    0.0%    0.0%    0.0%
2023-07-20 12:30:25,995
Portfolio was rebalanced less than 2 hours ago, 1.8 hours ago
2023-07-20 12:30:25,998
Status: prev = NEUTRAL <> NEUTRAL = target
2023-07-20 12:30:25,998
the strat is currently running @ 20-07-2023 and the target positions is NEUTRAL
the strat was previously run @ 2023-07-14 10:41:32 UTC, success:yes 
   and the current positions is NEUTRAL
2023-07-20 12:30:27,083
positions_future #0
2023-07-20 12:30:27,083
Empty DataFrame
Columns: [symbol, positionAmt, entryPrice, markPrice, unRealizedProfit, value_usd, updateTime, AUMs_account, w%]
Index: []
2023-07-20 12:30:27,084
programm stoppeddd!!! 20230720_123027
