2023-07-09 16:31:22,442
ON program started 20230709 16:31:22,
US time: 20230709 12:31:22
2023-07-09 16:31:22,474
the strat is currently running @ 09-07-2023 and the target positions is NEUTRAL
2023-07-09 16:31:23,786
CURRENT STATUS IS NEUTRAL
-----
return before 14h30:
BTCUSDT+0.01%, ETHUSDT-0.18%, XRPUSDT-0.04%
-----
target alloc initial:BTCUSDT+0.00%, ETHUSDT+0.00%, XRPUSDT+0.00%
-----
alloc target x rt%<0:BTCUSDT+0.00%, ETHUSDT+0.00%, XRPUSDT+0.00%
-----
           BTCUSDT ETHUSDT XRPUSDT
w_target      0.0%    0.0%    0.0%
rt_14h30     0.00%  -0.00%  -0.00%
w_target_f    0.0%    0.0%    0.0%
2023-07-09 16:31:23,787
Portfolio was rebalanced less than 2 hours ago, 8.5 hours ago
2023-07-09 16:31:23,790
Status: prev = NEUTRAL <> NEUTRAL = target
2023-07-09 16:31:23,790
the strat is currently running @ 09-07-2023 and the target positions is NEUTRAL
the strat was previously run @ 2023-07-09 08:02:46 UTC, success:yes 
   and the current positions is NEUTRAL
2023-07-09 16:31:24,872
positions_future #0
2023-07-09 16:31:24,872
Empty DataFrame
Columns: [symbol, positionAmt, entryPrice, markPrice, unRealizedProfit, value_usd, updateTime, AUMs_account, w%]
Index: []
2023-07-09 16:31:24,873
programm stoppeddd!!! 20230709_163124
