2023-07-17 22:30:30,134
ON program started 20230717 22:30:30,
US time: 20230717 18:30:30
2023-07-17 22:30:30,480
the strat is currently running @ 17-07-2023 and the target positions is SHORT
2023-07-17 22:30:33,010
CURRENT STATUS IS SHORT, WE CHECK IF THE DAY IS A NEGATIVE ONE
-----
return before 14h30:
BTCUSDT-0.93%, ETHUSDT-1.82%, XRPUSDT-4.07%
-----
target alloc initial:BTCUSDT-4.17%, ETHUSDT+0.00%, XRPUSDT-4.17%
-----
alloc target x rt%<0:BTCUSDT-4.17%, ETHUSDT+0.00%, XRPUSDT-4.17%
-----
           BTCUSDT ETHUSDT XRPUSDT
w_target     -4.2%    0.0%   -4.2%
rt_14h30    -0.01%  -0.02%  -0.04%
w_target_f   -4.2%    0.0%   -4.2%
2023-07-17 22:30:33,012
Portfolio was rebalanced less than 2 hours ago, 11.8 hours ago
2023-07-17 22:30:33,014
Status: prev = SHORT <> NEUTRAL = target
2023-07-17 22:30:33,015
the strat is currently running @ 17-07-2023 and the target positions is SHORT
the strat was previously run @ 2023-07-14 10:41:32 UTC, success:yes 
   and the current positions is NEUTRAL
2023-07-17 22:30:34,099
positions_future #3
2023-07-17 22:30:34,099
      symbol  positionAmt entryPrice  ...   updateTime  AUMs_account        w%
215  BTCUSDT        0.002    29996.0  ...  17Jul-18:30         296.1  0.203933
107  XRPUSDT       67.400     0.7273  ...  17Jul-18:30         296.1  0.168656
133  ETHUSDT        0.026    1894.47  ...  17Jul-18:31         296.1  0.168254

[3 rows x 9 columns]
2023-07-17 22:30:34,326
------------------------------
binance_account_balance
2023-07-17 22:30:34,326
  asset     balance withdrawAvailable   updateTime
7  USDT  294.236925      288.12386148  17Jul-18:31
2023-07-17 22:30:35,167
------------------------------
open_orders
2023-07-17 22:30:35,167
                                      0  ...                           2
symbol                          BTCUSDT  ...                     ETHUSDT
status                              NEW  ...                         NEW
price                                 0  ...                           0
avgPrice                              0  ...                           0
origQty                           0.002  ...                       0.026
executedQty                           0  ...                           0
type                        STOP_MARKET  ...                 STOP_MARKET
side                               SELL  ...                        SELL
stopPrice                      28474.10  ...                     1798.87
time         2023-07-17 18:31:17.200000  ...  2023-07-17 18:31:17.622000
updateTime   2023-07-17 18:31:17.200000  ...  2023-07-17 18:31:17.622000

[11 rows x 3 columns]
2023-07-17 22:30:38,307
------------------------------
AUMS account:296

2023-07-17 22:30:38,309
--------------- compute_futures_order_book() ----------------
2023-07-17 22:30:39,570
----------------------------------------------------------------------
#3 order(s) to place
gross$: 172$ | net$: -172$
gross%: 58% | net%: -58%
 || w>0%  +0% | w<0%  -58%
----------------------------------------------------------------------
PTF Expo% 54.0% >> -8.3% (current>>target)
PTF expo $160.0 >> $-24 (current>>target)
----------------------------------------------------------------------
2023-07-17 22:30:39,571
orders_ofthe_day
2023-07-17 22:30:39,571
                  ptf_usd  target_usd  ...         bid         ask
2023-07-17 22:30                       ...                        
XRPUSDT              50.0      -12.35  ...      0.7406      0.7407
BTCUSDT              60.0      -12.35  ...  30194.0000  30194.1000
ETHUSDT              50.0        0.00  ...   1916.5600   1916.5700

[3 rows x 9 columns]
2023-07-17 22:30:40,946
binance_place_orders_peg 20230717_223040
2023-07-17 22:30:41,359
{'orderId': 37323875730, 'symbol': 'XRPUSDT', 'status': 'NEW', 'clientOrderId': 'rizmfEBICMHOHoz94lSHMS', 'price': '0.7411', 'avgPrice': '0.00', 'origQty': '84.2', 'executedQty': '0.0', 'cumQty': '0.0', 'cumQuote': '0.00000', 'timeInForce': 'GTC', 'type': 'LIMIT', 'reduceOnly': False, 'closePosition': False, 'side': 'SELL', 'positionSide': 'BOTH', 'stopPrice': '0.0000', 'workingType': 'CONTRACT_PRICE', 'priceProtect': False, 'origType': 'LIMIT', 'updateTime': 1689633041256}
2023-07-17 22:30:41,775
{'orderId': 172279674351, 'symbol': 'BTCUSDT', 'status': 'NEW', 'clientOrderId': 'LPQFh1DuXH3X5Q1QwiKzRV', 'price': '30209.20', 'avgPrice': '0.00', 'origQty': '0.002', 'executedQty': '0.000', 'cumQty': '0.000', 'cumQuote': '0.00000', 'timeInForce': 'GTC', 'type': 'LIMIT', 'reduceOnly': False, 'closePosition': False, 'side': 'SELL', 'positionSide': 'BOTH', 'stopPrice': '0.00', 'workingType': 'CONTRACT_PRICE', 'priceProtect': False, 'origType': 'LIMIT', 'updateTime': 1689633041668}
2023-07-17 22:30:42,187
{'orderId': 8389765608826080564, 'symbol': 'ETHUSDT', 'status': 'NEW', 'clientOrderId': 'Fj3sQ6WUlJkWirlkA7ZeD9', 'price': '1917.53', 'avgPrice': '0.00', 'origQty': '0.026', 'executedQty': '0.000', 'cumQty': '0.000', 'cumQuote': '0.00000', 'timeInForce': 'GTC', 'type': 'LIMIT', 'reduceOnly': False, 'closePosition': False, 'side': 'SELL', 'positionSide': 'BOTH', 'stopPrice': '0.00', 'workingType': 'CONTRACT_PRICE', 'priceProtect': False, 'origType': 'LIMIT', 'updateTime': 1689633042085}
2023-07-17 22:30:43,428
update 0: filled 0 / 3 () | working 3 / 3 (-XRPUSDT,-BTCUSDT,-ETHUSDT)
2023-07-17 22:30:47,429
-XRPUSDT: bp5.0|-BTCUSDT: bp5.0|-ETHUSDT: bp5.0|
2023-07-17 22:30:48,658
update 1: filled 0 / 3 () | working 3 / 3 (-XRPUSDT,-BTCUSDT,-ETHUSDT)
2023-07-17 22:30:52,659
-XRPUSDT: bp5.0|-BTCUSDT: bp5.0|-ETHUSDT: bp4.0|
2023-07-17 22:30:53,889
update 2: filled 0 / 3 () | working 3 / 3 (-XRPUSDT,-BTCUSDT,-ETHUSDT)
2023-07-17 22:30:57,890
-XRPUSDT: bp3.0|-BTCUSDT: bp5.0|-ETHUSDT: bp3.0|
2023-07-17 22:30:59,121
update 3: filled 0 / 3 () | working 3 / 3 (-XRPUSDT,-BTCUSDT,-ETHUSDT)
2023-07-17 22:31:03,122
-XRPUSDT: bp3.0|-BTCUSDT: bp4.0|-ETHUSDT: bp3.0|
2023-07-17 22:31:04,353
update 4: filled 0 / 3 () | working 3 / 3 (-XRPUSDT,-BTCUSDT,-ETHUSDT)
2023-07-17 22:31:08,354
-XRPUSDT: bp1.0|-BTCUSDT: bp3.0|-ETHUSDT: bp2.0|
2023-07-17 22:31:09,586
update 5: filled 0 / 3 () | working 3 / 3 (-XRPUSDT,-BTCUSDT,-ETHUSDT)
2023-07-17 22:31:13,587
-XRPUSDT: bp1.0|-BTCUSDT: bp2.0|-ETHUSDT: bp1.0|
2023-07-17 22:31:14,816
update 6: filled 0 / 3 () | working 3 / 3 (-XRPUSDT,-BTCUSDT,-ETHUSDT)
2023-07-17 22:31:18,817
-XRPUSDT: bp4.0|-BTCUSDT: bp2.0|-ETHUSDT: bp1.0|
2023-07-17 22:31:20,048
update 7: filled 0 / 3 () | working 3 / 3 (-XRPUSDT,-BTCUSDT,-ETHUSDT)
2023-07-17 22:31:24,048
-XRPUSDT: bp3.0|-BTCUSDT: bp1.0|-ETHUSDT: bp0.0|
2023-07-17 22:31:25,279
update 8: filled 0 / 3 () | working 3 / 3 (-XRPUSDT,-BTCUSDT,-ETHUSDT)
2023-07-17 22:31:29,279
-XRPUSDT: bp1.0|-BTCUSDT: bp1.0|-ETHUSDT: bp0.0|
2023-07-17 22:31:30,509
update 9: filled 1 / 3 (-XRPUSDT) | working 2 / 3 (-BTCUSDT,-ETHUSDT)
2023-07-17 22:31:34,509
-BTCUSDT: bp1.0|-ETHUSDT: bp0.0|
2023-07-17 22:31:35,739
update 10: filled 1 / 3 (-XRPUSDT) | working 2 / 3 (-BTCUSDT,-ETHUSDT)
2023-07-17 22:31:39,740
-BTCUSDT: bp3.0|-ETHUSDT: bp2.0|
2023-07-17 22:31:40,971
update 11: filled 1 / 3 (-XRPUSDT) | working 2 / 3 (-BTCUSDT,-ETHUSDT)
2023-07-17 22:31:44,971
-BTCUSDT: bp2.0|-ETHUSDT: bp1.0|
2023-07-17 22:31:46,204
update 12: filled 1 / 3 (-XRPUSDT) | working 2 / 3 (-BTCUSDT,-ETHUSDT)
2023-07-17 22:31:50,205
-BTCUSDT: bp2.0|-ETHUSDT: bp1.0|
2023-07-17 22:31:51,434
update 13: filled 1 / 3 (-XRPUSDT) | working 2 / 3 (-BTCUSDT,-ETHUSDT)
2023-07-17 22:31:55,435
-BTCUSDT: bp2.0|-ETHUSDT: bp1.0|
2023-07-17 22:31:56,665
update 14: filled 1 / 3 (-XRPUSDT) | working 2 / 3 (-BTCUSDT,-ETHUSDT)
2023-07-17 22:32:00,665
-BTCUSDT: bp2.0|-ETHUSDT: bp1.0|
2023-07-17 22:32:00,665
Adjustment limit #1 ... 
 we cancel current orders and replace
2023-07-17 22:32:00,666
@+/-2.5bp limit 
2023-07-17 22:32:00,666
binance_cancel_and_replace_orders_peg 20230717_223200
2023-07-17 22:32:02,523
binance_place_orders_peg 20230717_223202
2023-07-17 22:32:02,936
{'orderId': 172279988696, 'symbol': 'BTCUSDT', 'status': 'NEW', 'clientOrderId': 'MoEX9nii99q5XsISOCEARx', 'price': '30207.70', 'avgPrice': '0.00', 'origQty': '0.002', 'executedQty': '0.000', 'cumQty': '0.000', 'cumQuote': '0.00000', 'timeInForce': 'GTC', 'type': 'LIMIT', 'reduceOnly': False, 'closePosition': False, 'side': 'SELL', 'positionSide': 'BOTH', 'stopPrice': '0.00', 'workingType': 'CONTRACT_PRICE', 'priceProtect': False, 'origType': 'LIMIT', 'updateTime': 1689633122831}
2023-07-17 22:32:03,349
{'orderId': 8389765608826245052, 'symbol': 'ETHUSDT', 'status': 'NEW', 'clientOrderId': 'HApSUfJqbI85PcVlUwUbs1', 'price': '1917.42', 'avgPrice': '0.00', 'origQty': '0.026', 'executedQty': '0.000', 'cumQty': '0.000', 'cumQuote': '0.00000', 'timeInForce': 'GTC', 'type': 'LIMIT', 'reduceOnly': False, 'closePosition': False, 'side': 'SELL', 'positionSide': 'BOTH', 'stopPrice': '0.00', 'workingType': 'CONTRACT_PRICE', 'priceProtect': False, 'origType': 'LIMIT', 'updateTime': 1689633123245}
2023-07-17 22:32:04,579
update 0: filled 1 / 3 (-XRPUSDT) | working 2 / 3 (-BTCUSDT,-ETHUSDT)
2023-07-17 22:32:08,580
-BTCUSDT: bp3.0|-ETHUSDT: bp3.0|
2023-07-17 22:32:09,816
update 1: filled 1 / 3 (-XRPUSDT) | working 2 / 3 (-BTCUSDT,-ETHUSDT)
2023-07-17 22:32:13,817
-BTCUSDT: bp3.0|-ETHUSDT: bp3.0|
2023-07-17 22:32:15,049
update 2: filled 1 / 3 (-XRPUSDT) | working 2 / 3 (-BTCUSDT,-ETHUSDT)
2023-07-17 22:32:19,050
-BTCUSDT: bp3.0|-ETHUSDT: bp3.0|
2023-07-17 22:32:20,279
update 3: filled 1 / 3 (-XRPUSDT) | working 2 / 3 (-BTCUSDT,-ETHUSDT)
2023-07-17 22:32:24,280
-BTCUSDT: bp3.0|-ETHUSDT: bp3.0|
2023-07-17 22:32:25,512
update 4: filled 1 / 3 (-XRPUSDT) | working 2 / 3 (-BTCUSDT,-ETHUSDT)
2023-07-17 22:32:29,513
-BTCUSDT: bp4.0|-ETHUSDT: bp5.0|
2023-07-17 22:32:30,742
update 5: filled 1 / 3 (-XRPUSDT) | working 2 / 3 (-BTCUSDT,-ETHUSDT)
2023-07-17 22:32:34,743
-BTCUSDT: bp5.0|-ETHUSDT: bp5.0|
2023-07-17 22:32:35,973
update 6: filled 1 / 3 (-XRPUSDT) | working 2 / 3 (-BTCUSDT,-ETHUSDT)
2023-07-17 22:32:39,974
-BTCUSDT: bp3.0|-ETHUSDT: bp5.0|
2023-07-17 22:32:41,203
update 7: filled 1 / 3 (-XRPUSDT) | working 2 / 3 (-BTCUSDT,-ETHUSDT)
2023-07-17 22:32:45,203
-BTCUSDT: bp3.0|-ETHUSDT: bp5.0|
2023-07-17 22:32:46,433
update 8: filled 1 / 3 (-XRPUSDT) | working 2 / 3 (-BTCUSDT,-ETHUSDT)
2023-07-17 22:32:50,434
-BTCUSDT: bp3.0|-ETHUSDT: bp5.0|
2023-07-17 22:32:51,663
update 9: filled 1 / 3 (-XRPUSDT) | working 2 / 3 (-BTCUSDT,-ETHUSDT)
2023-07-17 22:32:55,664
-BTCUSDT: bp5.0|-ETHUSDT: bp5.0|
2023-07-17 22:32:56,894
update 10: filled 1 / 3 (-XRPUSDT) | working 2 / 3 (-BTCUSDT,-ETHUSDT)
2023-07-17 22:33:00,895
-BTCUSDT: bp4.0|-ETHUSDT: bp5.0|
2023-07-17 22:33:02,124
update 11: filled 1 / 3 (-XRPUSDT) | working 2 / 3 (-BTCUSDT,-ETHUSDT)
2023-07-17 22:33:06,125
-BTCUSDT: bp6.0|-ETHUSDT: bp8.0|
2023-07-17 22:33:07,354
update 12: filled 1 / 3 (-XRPUSDT) | working 2 / 3 (-BTCUSDT,-ETHUSDT)
2023-07-17 22:33:11,355
-BTCUSDT: bp6.0|-ETHUSDT: bp8.0|
2023-07-17 22:33:12,584
update 13: filled 1 / 3 (-XRPUSDT) | working 2 / 3 (-BTCUSDT,-ETHUSDT)
2023-07-17 22:33:16,585
-BTCUSDT: bp6.0|-ETHUSDT: bp10.0|
2023-07-17 22:33:17,815
update 14: filled 1 / 3 (-XRPUSDT) | working 2 / 3 (-BTCUSDT,-ETHUSDT)
2023-07-17 22:33:21,815
-BTCUSDT: bp8.0|-ETHUSDT: bp11.0|
2023-07-17 22:33:21,815
Adjustment limit #2 ... 
 we cancel current orders and replace
2023-07-17 22:33:21,815
@+/-1.25bp limit 
2023-07-17 22:33:21,815
binance_cancel_and_replace_orders_peg 20230717_223321
2023-07-17 22:33:23,679
binance_place_orders_peg 20230717_223323
2023-07-17 22:33:24,092
{'orderId': 172280373997, 'symbol': 'BTCUSDT', 'status': 'NEW', 'clientOrderId': '1gpgjy930oPryoFXR26fVY', 'price': '30192.60', 'avgPrice': '0.00', 'origQty': '0.002', 'executedQty': '0.000', 'cumQty': '0.000', 'cumQuote': '0.00000', 'timeInForce': 'GTC', 'type': 'LIMIT', 'reduceOnly': False, 'closePosition': False, 'side': 'SELL', 'positionSide': 'BOTH', 'stopPrice': '0.00', 'workingType': 'CONTRACT_PRICE', 'priceProtect': False, 'origType': 'LIMIT', 'updateTime': 1689633203988}
2023-07-17 22:33:24,505
{'orderId': 8389765608826419725, 'symbol': 'ETHUSDT', 'status': 'NEW', 'clientOrderId': 'fKvzjX7E8VXqiDRbIzuVqO', 'price': '1915.97', 'avgPrice': '0.00', 'origQty': '0.026', 'executedQty': '0.000', 'cumQty': '0.000', 'cumQuote': '0.00000', 'timeInForce': 'GTC', 'type': 'LIMIT', 'reduceOnly': False, 'closePosition': False, 'side': 'SELL', 'positionSide': 'BOTH', 'stopPrice': '0.00', 'workingType': 'CONTRACT_PRICE', 'priceProtect': False, 'origType': 'LIMIT', 'updateTime': 1689633204400}
2023-07-17 22:33:25,735
update 0: filled 1 / 3 (-XRPUSDT) | working 2 / 3 (-BTCUSDT,-ETHUSDT)
2023-07-17 22:33:29,736
-BTCUSDT: bp1.0|-ETHUSDT: bp1.0|
2023-07-17 22:33:30,966
update 1: filled 3 / 3 (-XRPUSDT,-BTCUSDT,-ETHUSDT) | working 0 / 3 ()
2023-07-17 22:33:37,662
Trades of the day
in$
as of: 17Jul 22:31>>22:33 (#trades: 3)
trade net: -173.0 (-58.4%), trade gross: +173.0 (+58.4%), BUY: +0.0 (+0.0%), SELL: -173.0 (-58.4%)
fees: $ 0.028 (1.6bp)
2023-07-17 22:33:38,291
Trades: 
Filled #3
______________________________________________
                   in$ | in bp 172 traded | in bp 296 AUMs
realizedPnl    +1.88   | +109    | +63    
PnLvsArrival   +0.02   | +1      | +1     
PnLvsLast      +0.15   | +9      | +5     
______________________________________________
                 | Value$ | PnL Arrival/Last 
______________________________________________
XRP:-84.2@0.7411 | -62$ | 0.04/0.12
BTC:-0.002@30192.6 | -60$ | -0/0.01
ETH:-0.026@1915.97 | -50$ | -0.02/0.02
2023-07-17 22:33:38,802
***************************
Positions after orders
***************************
2023-07-17 22:33:38,802
      symbol  qty_ptf   execP        lstP  ...  value_usd   updateTime   AUMs     w%
107  XRPUSDT    -16.8  0.7411  0.73980724  ...    -12.429  17Jul-22:31  296.1 -0.042

[1 rows x 9 columns]
2023-07-17 22:33:38,808
***************************
2023-07-17 22:33:39,420
3 STOP orders will be placed
2023-07-17 22:33:39,420
@+/-500.0bp limit
2023-07-17 22:33:39,420
binance_place_orders_peg 20230717_223339
2023-07-17 22:33:39,832
{'orderId': 37324077203, 'symbol': 'XRPUSDT', 'status': 'NEW', 'clientOrderId': 'tSvUMAXSgsNDcJWsGqk539', 'price': '0', 'avgPrice': '0.00000', 'origQty': '16.8', 'executedQty': '0', 'cumQty': '0', 'cumQuote': '0', 'timeInForce': 'GTC', 'type': 'STOP_MARKET', 'reduceOnly': False, 'closePosition': False, 'side': 'BUY', 'positionSide': 'BOTH', 'stopPrice': '0.7767', 'workingType': 'CONTRACT_PRICE', 'priceProtect': False, 'origType': 'STOP_MARKET', 'updateTime': 1689633219730}
