2023-07-14 22:30:28,876
ON program started 20230714 22:30:28,
US time: 20230714 18:30:28
2023-07-14 22:30:29,294
the strat is currently running @ 14-07-2023 and the target positions is SHORT
2023-07-14 22:30:31,444
CURRENT STATUS IS SHORT, WE CHECK IF THE DAY IS A NEGATIVE ONE
-----
return before 14h30:
BTCUSDT-2.45%, ETHUSDT-2.40%, XRPUSDT-9.63%
-----
target alloc initial:BTCUSDT-4.17%, ETHUSDT+0.00%, XRPUSDT-4.17%
-----
alloc target x rt%<0:BTCUSDT-4.17%, ETHUSDT+0.00%, XRPUSDT-4.17%
-----
           BTCUSDT ETHUSDT XRPUSDT
w_target     -4.2%    0.0%   -4.2%
rt_14h30    -0.02%  -0.02%  -0.10%
w_target_f   -4.2%    0.0%   -4.2%
2023-07-14 22:30:31,445
Portfolio was rebalanced less than 2 hours ago, 11.8 hours ago
2023-07-14 22:30:31,448
Status: prev = SHORT <> NEUTRAL = target
2023-07-14 22:30:31,448
the strat is currently running @ 14-07-2023 and the target positions is SHORT
the strat was previously run @ 2023-07-14 10:41:32 UTC, success:yes 
   and the current positions is NEUTRAL
2023-07-14 22:30:32,537
positions_future #1
2023-07-14 22:30:32,537
      symbol  positionAmt entryPrice  ...   updateTime  AUMs_account        w%
215  BTCUSDT        0.002    30291.4  ...  14Jul-18:30         297.6  0.203003

[1 rows x 9 columns]
2023-07-14 22:30:32,763
------------------------------
binance_account_balance
2023-07-14 22:30:32,763
  asset     balance withdrawAvailable   updateTime
7  USDT  297.731701      294.52988638  14Jul-18:30
2023-07-14 22:30:33,190
------------------------------
open_orders
2023-07-14 22:30:33,190
                                      0
symbol                          BTCUSDT
status                              NEW
price                                 0
avgPrice                              0
origQty                           0.002
executedQty                           0
type                        STOP_MARKET
side                               SELL
stopPrice                      28740.50
time         2023-07-14 18:30:56.753000
updateTime   2023-07-14 18:30:56.753000
2023-07-14 22:30:35,095
------------------------------
AUMS account:297

2023-07-14 22:30:35,097
--------------- compute_futures_order_book() ----------------
2023-07-14 22:30:36,365
----------------------------------------------------------------------
#2 order(s) to place
gross$: 72$ | net$: -72$
gross%: 24% | net%: -24%
 || w>0%  +0% | w<0%  -24%
----------------------------------------------------------------------
PTF Expo% 20.1% >> -8.3% (current>>target)
PTF expo $60.0 >> $-24 (current>>target)
----------------------------------------------------------------------
2023-07-14 22:30:36,367
orders_ofthe_day
2023-07-14 22:30:36,367
                  ptf_usd  target_usd  ...         bid        ask
2023-07-14 22:30                       ...                       
BTCUSDT              60.0      -12.41  ...  30200.6000  30200.700
XRPUSDT               0.0      -12.41  ...      0.7159      0.716

[2 rows x 9 columns]
2023-07-14 22:30:37,535
binance_place_orders_peg 20230714_223037
2023-07-14 22:30:37,948
{'orderId': 171383740555, 'symbol': 'BTCUSDT', 'status': 'NEW', 'clientOrderId': 'OvuhAA23yWnm2GIk319GPf', 'price': '30215.80', 'avgPrice': '0.00', 'origQty': '0.002', 'executedQty': '0.000', 'cumQty': '0.000', 'cumQuote': '0.00000', 'timeInForce': 'GTC', 'type': 'LIMIT', 'reduceOnly': False, 'closePosition': False, 'side': 'SELL', 'positionSide': 'BOTH', 'stopPrice': '0.00', 'workingType': 'CONTRACT_PRICE', 'priceProtect': False, 'origType': 'LIMIT', 'updateTime': 1689373837844}
2023-07-14 22:30:38,362
{'orderId': 36982126257, 'symbol': 'XRPUSDT', 'status': 'NEW', 'clientOrderId': '1NN3vpbScd0QSQHKJc9PWQ', 'price': '0.7164', 'avgPrice': '0.00', 'origQty': '17.3', 'executedQty': '0.0', 'cumQty': '0.0', 'cumQuote': '0.00000', 'timeInForce': 'GTC', 'type': 'LIMIT', 'reduceOnly': False, 'closePosition': False, 'side': 'SELL', 'positionSide': 'BOTH', 'stopPrice': '0.0000', 'workingType': 'CONTRACT_PRICE', 'priceProtect': False, 'origType': 'LIMIT', 'updateTime': 1689373838258}
2023-07-14 22:30:39,187
update 0: filled 0 / 2 () | working 2 / 2 (-BTCUSDT,-XRPUSDT)
2023-07-14 22:30:43,188
-BTCUSDT: bp5.0|-XRPUSDT: bp6.0|
2023-07-14 22:30:44,011
update 1: filled 0 / 2 () | working 2 / 2 (-BTCUSDT,-XRPUSDT)
2023-07-14 22:30:48,012
-BTCUSDT: bp5.0|-XRPUSDT: bp6.0|
2023-07-14 22:30:48,835
update 2: filled 0 / 2 () | working 2 / 2 (-BTCUSDT,-XRPUSDT)
2023-07-14 22:30:52,836
-BTCUSDT: bp5.0|-XRPUSDT: bp4.0|
2023-07-14 22:30:53,659
update 3: filled 0 / 2 () | working 2 / 2 (-BTCUSDT,-XRPUSDT)
2023-07-14 22:30:57,660
-BTCUSDT: bp4.0|-XRPUSDT: bp6.0|
2023-07-14 22:30:58,483
update 4: filled 0 / 2 () | working 2 / 2 (-BTCUSDT,-XRPUSDT)
2023-07-14 22:31:02,483
-BTCUSDT: bp4.0|-XRPUSDT: bp6.0|
2023-07-14 22:31:03,308
update 5: filled 0 / 2 () | working 2 / 2 (-BTCUSDT,-XRPUSDT)
2023-07-14 22:31:07,308
-BTCUSDT: bp4.0|-XRPUSDT: bp6.0|
2023-07-14 22:31:08,133
update 6: filled 0 / 2 () | working 2 / 2 (-BTCUSDT,-XRPUSDT)
2023-07-14 22:31:12,133
-BTCUSDT: bp5.0|-XRPUSDT: bp15.0|
2023-07-14 22:31:12,959
update 7: filled 0 / 2 () | working 2 / 2 (-BTCUSDT,-XRPUSDT)
2023-07-14 22:31:16,959
-BTCUSDT: bp5.0|-XRPUSDT: bp18.0|
2023-07-14 22:31:17,781
update 8: filled 0 / 2 () | working 2 / 2 (-BTCUSDT,-XRPUSDT)
2023-07-14 22:31:21,782
-BTCUSDT: bp4.0|-XRPUSDT: bp21.0|
2023-07-14 22:31:22,607
update 9: filled 0 / 2 () | working 2 / 2 (-BTCUSDT,-XRPUSDT)
2023-07-14 22:31:26,608
-BTCUSDT: bp4.0|-XRPUSDT: bp28.0|
2023-07-14 22:31:27,431
update 10: filled 0 / 2 () | working 2 / 2 (-BTCUSDT,-XRPUSDT)
2023-07-14 22:31:31,432
-BTCUSDT: bp3.0|-XRPUSDT: bp29.0|
2023-07-14 22:31:32,259
update 11: filled 0 / 2 () | working 2 / 2 (-BTCUSDT,-XRPUSDT)
2023-07-14 22:31:36,259
-BTCUSDT: bp3.0|-XRPUSDT: bp35.0|
2023-07-14 22:31:37,084
update 12: filled 0 / 2 () | working 2 / 2 (-BTCUSDT,-XRPUSDT)
2023-07-14 22:31:41,085
-BTCUSDT: bp4.0|-XRPUSDT: bp28.0|
2023-07-14 22:31:41,912
update 13: filled 0 / 2 () | working 2 / 2 (-BTCUSDT,-XRPUSDT)
2023-07-14 22:31:45,913
-BTCUSDT: bp4.0|-XRPUSDT: bp24.0|
2023-07-14 22:31:46,737
update 14: filled 0 / 2 () | working 2 / 2 (-BTCUSDT,-XRPUSDT)
2023-07-14 22:31:50,737
-BTCUSDT: bp5.0|-XRPUSDT: bp20.0|
2023-07-14 22:31:50,737
Adjustment limit #1 ... 
 we cancel current orders and replace
2023-07-14 22:31:50,737
@+/-2.5bp limit 
2023-07-14 22:31:50,738
binance_cancel_and_replace_orders_peg 20230714_223150
2023-07-14 22:31:51,989
binance_place_orders_peg 20230714_223151
2023-07-14 22:31:52,408
{'orderId': 171384013844, 'symbol': 'BTCUSDT', 'status': 'NEW', 'clientOrderId': 'RiNOPUsiiEu4Vwd1LSc8W4', 'price': '30214.10', 'avgPrice': '0.00', 'origQty': '0.002', 'executedQty': '0.000', 'cumQty': '0.000', 'cumQuote': '0.00000', 'timeInForce': 'GTC', 'type': 'LIMIT', 'reduceOnly': False, 'closePosition': False, 'side': 'SELL', 'positionSide': 'BOTH', 'stopPrice': '0.00', 'workingType': 'CONTRACT_PRICE', 'priceProtect': False, 'origType': 'LIMIT', 'updateTime': 1689373912301}
2023-07-14 22:31:52,823
{'orderId': 36982223664, 'symbol': 'XRPUSDT', 'status': 'NEW', 'clientOrderId': 'edjekXWfsHsevqay7JZ8Dx', 'price': '0.7151', 'avgPrice': '0.00', 'origQty': '17.3', 'executedQty': '0.0', 'cumQty': '0.0', 'cumQuote': '0.00000', 'timeInForce': 'GTC', 'type': 'LIMIT', 'reduceOnly': False, 'closePosition': False, 'side': 'SELL', 'positionSide': 'BOTH', 'stopPrice': '0.0000', 'workingType': 'CONTRACT_PRICE', 'priceProtect': False, 'origType': 'LIMIT', 'updateTime': 1689373912717}
2023-07-14 22:31:53,649
update 0: filled 0 / 2 () | working 2 / 2 (-BTCUSDT,-XRPUSDT)
2023-07-14 22:31:57,650
-BTCUSDT: bp3.0|-XRPUSDT: bp3.0|
2023-07-14 22:31:58,472
update 1: filled 0 / 2 () | working 2 / 2 (-BTCUSDT,-XRPUSDT)
2023-07-14 22:32:02,473
-BTCUSDT: bp3.0|-XRPUSDT: bp3.0|
2023-07-14 22:32:03,297
update 2: filled 0 / 2 () | working 2 / 2 (-BTCUSDT,-XRPUSDT)
2023-07-14 22:32:07,298
-BTCUSDT: bp3.0|-XRPUSDT: bp1.0|
2023-07-14 22:32:08,124
update 3: filled 0 / 2 () | working 2 / 2 (-BTCUSDT,-XRPUSDT)
2023-07-14 22:32:12,124
-BTCUSDT: bp3.0|-XRPUSDT: bp4.0|
2023-07-14 22:32:12,948
update 4: filled 0 / 2 () | working 2 / 2 (-BTCUSDT,-XRPUSDT)
2023-07-14 22:32:16,949
-BTCUSDT: bp3.0|-XRPUSDT: bp4.0|
2023-07-14 22:32:17,774
update 5: filled 0 / 2 () | working 2 / 2 (-BTCUSDT,-XRPUSDT)
2023-07-14 22:32:21,775
-BTCUSDT: bp3.0|-XRPUSDT: bp6.0|
2023-07-14 22:32:22,598
update 6: filled 0 / 2 () | working 2 / 2 (-BTCUSDT,-XRPUSDT)
2023-07-14 22:32:26,599
-BTCUSDT: bp3.0|-XRPUSDT: bp8.0|
2023-07-14 22:32:27,422
update 7: filled 0 / 2 () | working 2 / 2 (-BTCUSDT,-XRPUSDT)
2023-07-14 22:32:31,423
-BTCUSDT: bp3.0|-XRPUSDT: bp8.0|
2023-07-14 22:32:32,248
update 8: filled 0 / 2 () | working 2 / 2 (-BTCUSDT,-XRPUSDT)
2023-07-14 22:32:36,249
-BTCUSDT: bp3.0|-XRPUSDT: bp7.0|
2023-07-14 22:32:37,072
update 9: filled 0 / 2 () | working 2 / 2 (-BTCUSDT,-XRPUSDT)
2023-07-14 22:32:41,073
-BTCUSDT: bp3.0|-XRPUSDT: bp7.0|
2023-07-14 22:32:41,898
update 10: filled 0 / 2 () | working 2 / 2 (-BTCUSDT,-XRPUSDT)
2023-07-14 22:32:45,899
-BTCUSDT: bp3.0|-XRPUSDT: bp6.0|
2023-07-14 22:32:46,721
update 11: filled 0 / 2 () | working 2 / 2 (-BTCUSDT,-XRPUSDT)
2023-07-14 22:32:50,722
-BTCUSDT: bp3.0|-XRPUSDT: bp6.0|
2023-07-14 22:32:51,545
update 12: filled 0 / 2 () | working 2 / 2 (-BTCUSDT,-XRPUSDT)
2023-07-14 22:32:55,545
-BTCUSDT: bp3.0|-XRPUSDT: bp6.0|
2023-07-14 22:32:56,370
update 13: filled 0 / 2 () | working 2 / 2 (-BTCUSDT,-XRPUSDT)
2023-07-14 22:33:00,371
-BTCUSDT: bp3.0|-XRPUSDT: bp6.0|
2023-07-14 22:33:01,194
update 14: filled 0 / 2 () | working 2 / 2 (-BTCUSDT,-XRPUSDT)
2023-07-14 22:33:05,195
-BTCUSDT: bp2.0|-XRPUSDT: bp6.0|
2023-07-14 22:33:05,195
Adjustment limit #2 ... 
 we cancel current orders and replace
2023-07-14 22:33:05,195
@+/-1.25bp limit 
2023-07-14 22:33:05,195
binance_cancel_and_replace_orders_peg 20230714_223305
2023-07-14 22:33:06,438
binance_place_orders_peg 20230714_223306
2023-07-14 22:33:06,856
{'orderId': 171384173171, 'symbol': 'BTCUSDT', 'status': 'NEW', 'clientOrderId': 'GQgEsv9mWx732ZhrlWRvUm', 'price': '30212.00', 'avgPrice': '0.00', 'origQty': '0.002', 'executedQty': '0.000', 'cumQty': '0.000', 'cumQuote': '0.00000', 'timeInForce': 'GTC', 'type': 'LIMIT', 'reduceOnly': False, 'closePosition': False, 'side': 'SELL', 'positionSide': 'BOTH', 'stopPrice': '0.00', 'workingType': 'CONTRACT_PRICE', 'priceProtect': False, 'origType': 'LIMIT', 'updateTime': 1689373986748}
2023-07-14 22:33:07,274
{'orderId': 36982287305, 'symbol': 'XRPUSDT', 'status': 'NEW', 'clientOrderId': 'UssSn0NAUtQcYXXoQ1Jr3X', 'price': '0.7148', 'avgPrice': '0.00', 'origQty': '17.3', 'executedQty': '0.0', 'cumQty': '0.0', 'cumQuote': '0.00000', 'timeInForce': 'GTC', 'type': 'LIMIT', 'reduceOnly': False, 'closePosition': False, 'side': 'SELL', 'positionSide': 'BOTH', 'stopPrice': '0.0000', 'workingType': 'CONTRACT_PRICE', 'priceProtect': False, 'origType': 'LIMIT', 'updateTime': 1689373987167}
2023-07-14 22:33:08,105
update 0: filled 0 / 2 () | working 2 / 2 (-BTCUSDT,-XRPUSDT)
2023-07-14 22:33:12,106
-BTCUSDT: bp1.0|-XRPUSDT: bp1.0|
2023-07-14 22:33:12,931
update 1: filled 1 / 2 (-BTCUSDT) | working 1 / 2 (-XRPUSDT)
2023-07-14 22:33:16,932
-XRPUSDT: bp4.0|
2023-07-14 22:33:17,756
update 2: filled 2 / 2 (-BTCUSDT,-XRPUSDT) | working 0 / 2 ()
2023-07-14 22:33:23,634
Trades of the day
in$
as of: 14Jul 22:33>>22:33 (#trades: 2)
trade net: -73.0 (-24.5%), trade gross: +73.0 (+24.5%), BUY: +0.0 (+0.0%), SELL: -73.0 (-24.5%)
fees: $ 0.012 (1.6bp)
2023-07-14 22:33:24,059
Trades: 
Filled #2
______________________________________________
                   in$ | in bp 72 traded | in bp 297 AUMs
realizedPnl    -0.16   | -22     | -5     
PnLvsArrival   +0      | +0      | +0     
PnLvsLast      -0.02   | -3      | -1     
______________________________________________
                 | Value$ | PnL Arrival/Last 
______________________________________________
BTC:-0.002@30212 | -60$ | 0.02/-0.01
XRP:-17.3@0.7148 | -12$ | -0.02/-0.01
2023-07-14 22:33:24,565
***************************
Positions after orders
***************************
2023-07-14 22:33:24,566
      symbol  qty_ptf   execP        lstP  ...  value_usd   updateTime   AUMs     w%
107  XRPUSDT    -17.3  0.7148  0.71585835  ...    -12.384  14Jul-22:33  297.5 -0.042

[1 rows x 9 columns]
2023-07-14 22:33:24,573
***************************
2023-07-14 22:33:24,982
2 STOP orders will be placed
2023-07-14 22:33:24,982
@+/-500.0bp limit
2023-07-14 22:33:24,983
binance_place_orders_peg 20230714_223324
2023-07-14 22:33:25,396
{'orderId': 36982318458, 'symbol': 'XRPUSDT', 'status': 'NEW', 'clientOrderId': 'aL9kBqIQfQuWBCuQk0VXng', 'price': '0.0000', 'avgPrice': '0.00', 'origQty': '17.3', 'executedQty': '0.0', 'cumQty': '0.0', 'cumQuote': '0.00000', 'timeInForce': 'GTC', 'type': 'STOP_MARKET', 'reduceOnly': False, 'closePosition': False, 'side': 'BUY', 'positionSide': 'BOTH', 'stopPrice': '0.7523', 'workingType': 'CONTRACT_PRICE', 'priceProtect': False, 'origType': 'STOP_MARKET', 'updateTime': 1689374005291}
