2023-07-15 02:30:25,837
ON program started 20230715 02:30:25,
US time: 20230714 22:30:25
2023-07-15 02:30:26,170
the strat is currently running @ 15-07-2023 and the target positions is NEUTRAL
2023-07-15 02:30:28,667
CURRENT STATUS IS NEUTRAL
-----
return before 14h30:
BTCUSDT+0.00%, ETHUSDT+0.00%, XRPUSDT+0.00%
-----
target alloc initial:BTCUSDT+0.00%, ETHUSDT+0.00%, XRPUSDT+0.00%
-----
alloc target x rt%<0:BTCUSDT+0.00%, ETHUSDT+0.00%, XRPUSDT+0.00%
-----
           BTCUSDT ETHUSDT XRPUSDT
w_target      0.0%    0.0%    0.0%
rt_14h30     0.00%   0.00%   0.00%
w_target_f    0.0%    0.0%    0.0%
2023-07-15 02:30:28,668
Portfolio was rebalanced less than 2 hours ago, 15.8 hours ago
2023-07-15 02:30:28,671
Status: prev = NEUTRAL <> NEUTRAL = target
2023-07-15 02:30:28,671
the strat is currently running @ 15-07-2023 and the target positions is NEUTRAL
the strat was previously run @ 2023-07-14 10:41:32 UTC, success:yes 
   and the current positions is NEUTRAL
2023-07-15 02:30:29,747

------------------------------
SOMETHING WENT WRONG : status is NEUTRAL but still some positions, we cut evrything
2023-07-15 02:30:29,747
positions_future #1
2023-07-15 02:30:29,747
      symbol  positionAmt entryPrice  ...   updateTime  AUMs_account        w%
107  XRPUSDT        -17.3     0.7148  ...  14Jul-22:33         297.7 -0.040983

[1 rows x 9 columns]
2023-07-15 02:30:29,969
------------------------------
binance_account_balance
2023-07-15 02:30:29,969
  asset     balance withdrawAvailable   updateTime
7  USDT  297.562496      297.11676168  14Jul-22:33
2023-07-15 02:30:30,388
------------------------------
open_orders
2023-07-15 02:30:30,388
                                      0
symbol                          XRPUSDT
status                              NEW
price                                 0
avgPrice                              0
origQty                            17.3
executedQty                           0
type                        STOP_MARKET
side                                BUY
stopPrice                        0.7523
time         2023-07-14 22:33:25.291000
updateTime   2023-07-14 22:33:25.291000
2023-07-15 02:30:32,273
------------------------------
AUMS account:297

2023-07-15 02:30:32,274
--------------- compute_futures_order_book() ----------------
2023-07-15 02:30:33,523
----------------------------------------------------------------------
#1 order(s) to place
gross$: 12$ | net$: +12$
gross%: 4% | net%: +4%
 || w>0%  +4% | w<0%  0%
----------------------------------------------------------------------
PTF Expo% -4.0% >> 0.0% (current>>target)
PTF expo $-12.0 >> $0 (current>>target)
----------------------------------------------------------------------
2023-07-15 02:30:33,525
orders_ofthe_day
2023-07-15 02:30:33,525
                  ptf_usd  target_usd  totrd_usd  ...  posttrd_w     bid     ask
2023-07-15 02:30                                  ...                           
XRPUSDT             -12.0         0.0       12.0  ...        0.0  0.7043  0.7044

[1 rows x 9 columns]
2023-07-15 02:30:34,716
binance_place_orders_peg 20230715_023034
2023-07-15 02:30:35,127
{'orderId': 37004533164, 'symbol': 'XRPUSDT', 'status': 'NEW', 'clientOrderId': 'uLaqdTAFqHE1OFMJ4kXQeX', 'price': '0.7041', 'avgPrice': '0.00', 'origQty': '17.3', 'executedQty': '0.0', 'cumQty': '0.0', 'cumQuote': '0.00000', 'timeInForce': 'GTC', 'type': 'LIMIT', 'reduceOnly': False, 'closePosition': False, 'side': 'BUY', 'positionSide': 'BOTH', 'stopPrice': '0.0000', 'workingType': 'CONTRACT_PRICE', 'priceProtect': False, 'origType': 'LIMIT', 'updateTime': 1689388235025}
2023-07-15 02:30:35,538
update 0: filled 0 / 1 () | working 1 / 1 (+XRPUSDT)
2023-07-15 02:30:39,539
+XRPUSDT: bp4.0|
2023-07-15 02:30:39,951
update 1: filled 0 / 1 () | working 1 / 1 (+XRPUSDT)
2023-07-15 02:30:43,951
+XRPUSDT: bp13.0|
2023-07-15 02:30:44,363
update 2: filled 0 / 1 () | working 1 / 1 (+XRPUSDT)
2023-07-15 02:30:48,364
+XRPUSDT: bp9.0|
2023-07-15 02:30:48,775
update 3: filled 0 / 1 () | working 1 / 1 (+XRPUSDT)
2023-07-15 02:30:52,775
+XRPUSDT: bp11.0|
2023-07-15 02:30:53,187
update 4: filled 0 / 1 () | working 1 / 1 (+XRPUSDT)
2023-07-15 02:30:57,188
+XRPUSDT: bp13.0|
2023-07-15 02:30:57,601
update 5: filled 0 / 1 () | working 1 / 1 (+XRPUSDT)
2023-07-15 02:31:01,601
+XRPUSDT: bp7.0|
2023-07-15 02:31:02,013
update 6: filled 1 / 1 (+XRPUSDT) | working 0 / 1 ()
2023-07-15 02:31:07,074
Trades of the day
in$
as of: 15Jul 02:30>>02:30 (#trades: 1)
trade net: +12.0 (+4.0%), trade gross: +12.0 (+4.0%), BUY: +12.0 (+4.0%), SELL: +0.0 (+0.0%)
fees: $ 0.002 (1.6bp)
2023-07-15 02:31:07,295
Trades: 
Filled #1
______________________________________________
                   in$ | in bp 12 traded | in bp 297 AUMs
realizedPnl    +0.19   | +156    | +6     
PnLvsArrival   +0      | +0      | +0     
PnLvsLast      +0      | +0      | +0     
______________________________________________
                 | Value$ | PnL Arrival/Last 
______________________________________________
XRP:+17.3@0.7041 | +12$ | 0/-0
2023-07-15 02:31:07,791
***************************
Positions after orders
***************************
2023-07-15 02:31:07,791
********No Position************
2023-07-15 02:31:07,791
***************************
