2023-07-05 17:16:25,239
ON program started 20230705 17:16:25,
US time: 20230705 13:16:25
2023-07-05 17:16:25,265
the strat is currently running @ 05-07-2023 and the target positions is NEUTRAL
2023-07-05 17:16:26,980
CURRENT STATUS IS NEUTRAL
-----
return before 14h30:
BTCUSDT-1.32%, ETHUSDT-1.68%, XRPUSDT-3.60%
-----
target alloc initial:BTCUSDT+0.00%, ETHUSDT+0.00%, XRPUSDT+0.00%
-----
alloc target x rt%<0:BTCUSDT+0.00%, ETHUSDT+0.00%, XRPUSDT+0.00%
-----
           BTCUSDT ETHUSDT XRPUSDT
w_target      0.0%    0.0%    0.0%
rt_14h30    -0.01%  -0.02%  -0.04%
w_target_f    0.0%    0.0%    0.0%
2023-07-05 17:16:26,982
Portfolio was rebalanced less than 2 hours ago, 0.0 hours ago
2023-07-05 17:16:26,985
Status: prev = NEUTRAL <> LONG = target
2023-07-05 17:16:26,985
the strat is currently running @ 05-07-2023 and the target positions is NEUTRAL
the strat was previously run @ 2023-07-05 17:14:46 UTC, success:yes 
   and the current positions is LONG
2023-07-05 17:16:28,061
positions_future #1
2023-07-05 17:16:28,061
      symbol  positionAmt entryPrice  ...   updateTime  AUMs_account        w%
215  BTCUSDT        0.002    30494.4  ...  05Jul-17:14         304.5  0.200176

[1 rows x 9 columns]
2023-07-05 17:16:28,277
------------------------------
binance_account_balance
2023-07-05 17:16:28,277
  asset     balance withdrawAvailable   updateTime
8  USDT  304.553393      301.47449320  05Jul-17:14
2023-07-05 17:16:28,696
------------------------------
open_orders
2023-07-05 17:16:28,696
                                      0
symbol                          BTCUSDT
status                              NEW
price                                 0
avgPrice                              0
origQty                           0.002
executedQty                           0
type                        STOP_MARKET
side                               SELL
stopPrice                      28968.70
time         2023-07-05 17:14:46.225000
updateTime   2023-07-05 17:14:46.225000
2023-07-05 17:16:30,578
------------------------------
AUMS account:304

2023-07-05 17:16:30,579
--------------- compute_futures_order_book() ----------------
2023-07-05 17:16:31,829
----------------------------------------------------------------------
#1 order(s) to place
gross$: 61$ | net$: -61$
gross%: 20% | net%: -20%
 || w>0%  +0% | w<0%  -20%
----------------------------------------------------------------------
PTF Expo% 20.0% >> 0.0% (current>>target)
PTF expo $61.0 >> $0 (current>>target)
----------------------------------------------------------------------
2023-07-05 17:16:31,830
orders_ofthe_day
2023-07-05 17:16:31,830
                  ptf_usd  target_usd  totrd_usd  ...  posttrd_w      bid      ask
2023-07-05 17:16                                  ...                             
BTCUSDT              61.0         0.0      -61.0  ...        0.0  30478.9  30479.0

[1 rows x 9 columns]
2023-07-05 17:16:32,848
binance_place_orders_peg 20230705_171632
2023-07-05 17:16:33,258
{'orderId': 167856055025, 'symbol': 'BTCUSDT', 'status': 'NEW', 'clientOrderId': 'bz6aUEA5EoOQZOB6LahLIg', 'price': '30494.20', 'avgPrice': '0.00', 'origQty': '0.002', 'executedQty': '0.000', 'cumQty': '0.000', 'cumQuote': '0.00000', 'timeInForce': 'GTC', 'type': 'LIMIT', 'reduceOnly': False, 'closePosition': False, 'side': 'SELL', 'positionSide': 'BOTH', 'stopPrice': '0.00', 'workingType': 'CONTRACT_PRICE', 'priceProtect': False, 'origType': 'LIMIT', 'updateTime': 1688577393154}
2023-07-05 17:16:33,670
update 0: filled 0 / 1 () | working 1 / 1 (-BTCUSDT)
2023-07-05 17:16:37,670
-BTCUSDT: bp5.0|
2023-07-05 17:16:38,082
update 1: filled 0 / 1 () | working 1 / 1 (-BTCUSDT)
2023-07-05 17:16:42,083
-BTCUSDT: bp5.0|
2023-07-05 17:16:42,494
update 2: filled 0 / 1 () | working 1 / 1 (-BTCUSDT)
2023-07-05 17:16:46,495
-BTCUSDT: bp5.0|
2023-07-05 17:16:46,905
update 3: filled 0 / 1 () | working 1 / 1 (-BTCUSDT)
2023-07-05 17:16:50,906
-BTCUSDT: bp5.0|
2023-07-05 17:16:51,317
update 4: filled 0 / 1 () | working 1 / 1 (-BTCUSDT)
2023-07-05 17:16:55,317
-BTCUSDT: bp5.0|
2023-07-05 17:16:55,727
update 5: filled 0 / 1 () | working 1 / 1 (-BTCUSDT)
2023-07-05 17:16:59,728
-BTCUSDT: bp5.0|
2023-07-05 17:17:00,146
update 6: filled 0 / 1 () | working 1 / 1 (-BTCUSDT)
2023-07-05 17:17:04,147
-BTCUSDT: bp5.0|
2023-07-05 17:17:04,559
update 7: filled 0 / 1 () | working 1 / 1 (-BTCUSDT)
2023-07-05 17:17:08,560
-BTCUSDT: bp5.0|
2023-07-05 17:17:08,971
update 8: filled 0 / 1 () | working 1 / 1 (-BTCUSDT)
2023-07-05 17:17:12,971
-BTCUSDT: bp4.0|
2023-07-05 17:17:13,382
update 9: filled 0 / 1 () | working 1 / 1 (-BTCUSDT)
2023-07-05 17:17:17,383
-BTCUSDT: bp4.0|
2023-07-05 17:17:17,794
update 10: filled 0 / 1 () | working 1 / 1 (-BTCUSDT)
2023-07-05 17:17:21,794
-BTCUSDT: bp4.0|
2023-07-05 17:17:22,206
update 11: filled 0 / 1 () | working 1 / 1 (-BTCUSDT)
2023-07-05 17:17:26,206
-BTCUSDT: bp4.0|
2023-07-05 17:17:26,619
update 12: filled 0 / 1 () | working 1 / 1 (-BTCUSDT)
2023-07-05 17:17:30,620
-BTCUSDT: bp4.0|
2023-07-05 17:17:31,031
update 13: filled 0 / 1 () | working 1 / 1 (-BTCUSDT)
2023-07-05 17:17:35,032
-BTCUSDT: bp4.0|
2023-07-05 17:17:35,442
update 14: filled 0 / 1 () | working 1 / 1 (-BTCUSDT)
2023-07-05 17:17:39,443
-BTCUSDT: bp4.0|
2023-07-05 17:17:39,443
Adjustment limit #1 ... 
 we cancel current orders and replace
2023-07-05 17:17:39,443
@+/-2.5bp limit 
2023-07-05 17:17:39,443
binance_cancel_and_replace_orders_peg 20230705_171739
2023-07-05 17:17:40,061
binance_place_orders_peg 20230705_171740
2023-07-05 17:17:40,470
{'orderId': 167856236195, 'symbol': 'BTCUSDT', 'status': 'NEW', 'clientOrderId': '5vn5S1GmSL4FNmqKoDhGrf', 'price': '30489.60', 'avgPrice': '0.00', 'origQty': '0.002', 'executedQty': '0.000', 'cumQty': '0.000', 'cumQuote': '0.00000', 'timeInForce': 'GTC', 'type': 'LIMIT', 'reduceOnly': False, 'closePosition': False, 'side': 'SELL', 'positionSide': 'BOTH', 'stopPrice': '0.00', 'workingType': 'CONTRACT_PRICE', 'priceProtect': False, 'origType': 'LIMIT', 'updateTime': 1688577460366}
2023-07-05 17:17:40,882
update 0: filled 0 / 1 () | working 1 / 1 (-BTCUSDT)
2023-07-05 17:17:44,883
-BTCUSDT: bp2.0|
2023-07-05 17:17:45,295
update 1: filled 0 / 1 () | working 1 / 1 (-BTCUSDT)
2023-07-05 17:17:49,295
-BTCUSDT: bp4.0|
2023-07-05 17:17:49,706
update 2: filled 0 / 1 () | working 1 / 1 (-BTCUSDT)
2023-07-05 17:17:53,706
-BTCUSDT: bp4.0|
2023-07-05 17:17:54,117
update 3: filled 0 / 1 () | working 1 / 1 (-BTCUSDT)
2023-07-05 17:17:58,118
-BTCUSDT: bp4.0|
2023-07-05 17:17:58,528
update 4: filled 0 / 1 () | working 1 / 1 (-BTCUSDT)
2023-07-05 17:18:02,529
-BTCUSDT: bp4.0|
2023-07-05 17:18:02,940
update 5: filled 0 / 1 () | working 1 / 1 (-BTCUSDT)
2023-07-05 17:18:06,941
-BTCUSDT: bp4.0|
2023-07-05 17:18:07,352
update 6: filled 0 / 1 () | working 1 / 1 (-BTCUSDT)
2023-07-05 17:18:11,352
-BTCUSDT: bp6.0|
2023-07-05 17:18:11,765
update 7: filled 0 / 1 () | working 1 / 1 (-BTCUSDT)
2023-07-05 17:18:15,765
-BTCUSDT: bp5.0|
2023-07-05 17:18:16,177
update 8: filled 0 / 1 () | working 1 / 1 (-BTCUSDT)
2023-07-05 17:18:20,178
-BTCUSDT: bp4.0|
2023-07-05 17:18:20,589
update 9: filled 0 / 1 () | working 1 / 1 (-BTCUSDT)
2023-07-05 17:18:24,589
-BTCUSDT: bp4.0|
2023-07-05 17:18:25,001
update 10: filled 0 / 1 () | working 1 / 1 (-BTCUSDT)
2023-07-05 17:18:29,002
-BTCUSDT: bp4.0|
2023-07-05 17:18:29,413
update 11: filled 0 / 1 () | working 1 / 1 (-BTCUSDT)
2023-07-05 17:18:33,414
-BTCUSDT: bp4.0|
2023-07-05 17:18:33,826
update 12: filled 0 / 1 () | working 1 / 1 (-BTCUSDT)
2023-07-05 17:18:37,827
-BTCUSDT: bp4.0|
2023-07-05 17:18:38,237
update 13: filled 0 / 1 () | working 1 / 1 (-BTCUSDT)
2023-07-05 17:18:42,238
-BTCUSDT: bp4.0|
2023-07-05 17:18:42,648
update 14: filled 0 / 1 () | working 1 / 1 (-BTCUSDT)
2023-07-05 17:18:46,649
-BTCUSDT: bp4.0|
2023-07-05 17:18:46,649
Adjustment limit #2 ... 
 we cancel current orders and replace
2023-07-05 17:18:46,649
@+/-1.25bp limit 
2023-07-05 17:18:46,649
binance_cancel_and_replace_orders_peg 20230705_171846
2023-07-05 17:18:47,269
binance_place_orders_peg 20230705_171847
2023-07-05 17:18:47,679
{'orderId': 167856499491, 'symbol': 'BTCUSDT', 'status': 'NEW', 'clientOrderId': 'Mbi2cR6cDzoW2Lps9FHAqX', 'price': '30480.30', 'avgPrice': '0.00', 'origQty': '0.002', 'executedQty': '0.000', 'cumQty': '0.000', 'cumQuote': '0.00000', 'timeInForce': 'GTC', 'type': 'LIMIT', 'reduceOnly': False, 'closePosition': False, 'side': 'SELL', 'positionSide': 'BOTH', 'stopPrice': '0.00', 'workingType': 'CONTRACT_PRICE', 'priceProtect': False, 'origType': 'LIMIT', 'updateTime': 1688577527573}
2023-07-05 17:18:48,091
update 0: filled 0 / 1 () | working 1 / 1 (-BTCUSDT)
2023-07-05 17:18:52,091
-BTCUSDT: bp1.0|
2023-07-05 17:18:52,502
update 1: filled 0 / 1 () | working 1 / 1 (-BTCUSDT)
2023-07-05 17:18:56,503
-BTCUSDT: bp1.0|
2023-07-05 17:18:56,915
update 2: filled 0 / 1 () | working 1 / 1 (-BTCUSDT)
2023-07-05 17:19:00,915
-BTCUSDT: bp1.0|
2023-07-05 17:19:01,326
update 3: filled 0 / 1 () | working 1 / 1 (-BTCUSDT)
2023-07-05 17:19:05,326
-BTCUSDT: bp0.0|
2023-07-05 17:19:05,738
update 4: filled 1 / 1 (-BTCUSDT) | working 0 / 1 ()
2023-07-05 17:19:10,177
Trades of the day
in$
as of: 05Jul 17:14>>17:19 (#trades: 1)
trade net: +0.0 (+0.0%), trade gross: +122.0 (+40.1%), BUY: +61.0 (+20.0%), SELL: -61.0 (-20.0%)
fees: $ 0.02 (1.6bp)
2023-07-05 17:19:10,398
Trades: 
Filled #1
______________________________________________
                   in$ | in bp 0 traded | in bp 304 AUMs
realizedPnl    -0.03   | -10714  | -1     
PnLvsArrival   +0      | +0      | +0     
PnLvsLast      +0      | +0      | +0     
______________________________________________
                 | Value$ | PnL Arrival/Last 
______________________________________________
BTC:+0@inf   | +0$ | nan/nan
2023-07-05 17:19:10,877
***************************
Positions after orders
***************************
2023-07-05 17:19:10,877
********No Position************
2023-07-05 17:19:10,877
***************************
2023-07-05 17:19:13,085
***************************
EXECUTION TRADES OK:
scripts : | 05 Jul 2023 17:19:execution
***************************
Trades of the day
in$
as of: 05Jul 17:14>>17:19 (#trades: 1)
trade net: +0.0 (+0.0%), trade gross: +122.0 (+40.1%), BUY: +61.0 (+20.0%), SELL: -61.0 (-20.0%)
fees: $ 0.02 (1.6bp)

***************************
Trades: 
Filled #1
______________________________________________
                   in$ | in bp 0 traded | in bp 304 AUMs
realizedPnl    -0.03   | -10714  | -1     
PnLvsArrival   +0      | +0      | +0     
PnLvsLast      +0      | +0      | +0     
______________________________________________
                 | Value$ | PnL Arrival/Last 
______________________________________________
BTC:+0@inf   | +0$ | nan/nan

***************************
EXECUTION ALL GOOD: THE END
***************************
