2023-06-21 17:02:13,337
ON program started 20230621 17:02:13,
US time: 20230621 12:02:13
2023-06-21 17:02:13,504
the strat is currently running @ 21-06-2023 and the target positions is NEUTRAL
2023-06-21 17:02:15,066
CURRENT STATUS IS LONG
-----
return before 14h30:
BTCUSDT+3.97%, ETHUSDT+2.12%, XRPUSDT-0.48%
-----
target alloc initial:BTCUSDT+0.00%, ETHUSDT+0.00%, XRPUSDT+nan%
-----
alloc target x rt%<0:BTCUSDT+0.00%, ETHUSDT+0.00%, XRPUSDT+nan%
-----
           BTCUSDT ETHUSDT XRPUSDT
w_target      0.0%    0.0%    nan%
rt_14h30     0.04%   0.02%  -0.00%
w_target_f    0.0%    0.0%    nan%
2023-06-21 17:02:15,097
Portfolio was rebalanced less than 2 hours ago, 3.5 hours ago
2023-06-21 17:02:15,100
Status: prev = LONG <> NEUTRAL = target
2023-06-21 17:02:15,101
the strat is currently running @ 21-06-2023 and the target positions is LONG
the strat was previously run @ 2023-06-21 12:31:44 UTC, success:yes 
   and the current positions is NEUTRAL
2023-06-21 17:02:16,483
positions_future #0
2023-06-21 17:02:16,483
Empty DataFrame
Columns: [symbol, positionAmt, entryPrice, markPrice, unRealizedProfit, value_usd, updateTime, AUMs_account, w%]
Index: []
2023-06-21 17:02:16,795
------------------------------
binance_account_balance
2023-06-21 17:02:16,795
  asset     balance withdrawAvailable   updateTime
8  USDT  318.651335      318.65133507  21Jun-02:48
2023-06-21 17:02:17,098
------------------------------
open_orders
2023-06-21 17:02:17,098
Empty DataFrame
Columns: []
Index: []
2023-06-21 17:02:17,932
------------------------------
AUMS account:318

2023-06-21 17:02:17,959
--------------- compute_futures_order_book() ----------------
2023-06-21 17:02:19,600
----------------------------------------------------------------------
#0 order(s) to place
gross$: 0$ | net$: +0$
gross%: 0% | net%: +0%
 || w>0%  +0% | w<0%  0%
----------------------------------------------------------------------
PTF Expo% 0.0% >> 0.0% (current>>target)
PTF expo $0.0 >> $0 (current>>target)
----------------------------------------------------------------------
2023-06-21 17:02:19,640
orders_ofthe_day
2023-06-21 17:02:19,640
Empty DataFrame
Columns: [ptf_usd, target_usd, totrd_usd, posttrd_usd, qty, posttrd_qty, posttrd_w, bid, ask]
Index: []
2023-06-21 17:02:19,669
Orders of the day is empty, current and target potfolios are aligned
2023-06-21 17:02:19,669
Program stopped
2023-06-21 17:04:58,230
the strat is currently running @ 21-06-2023 and the target positions is NEUTRAL
