2023-07-13 20:55:07,741
ON program started 20230713 20:55:07,
US time: 20230713 16:55:07
2023-07-13 20:55:08,094
the strat is currently running @ 13-07-2023 and the target positions is LONG
2023-07-13 20:55:09,420
CURRENT STATUS IS LONG
-----
return before 14h30:
BTCUSDT+2.55%, ETHUSDT+6.51%, XRPUSDT+57.86%
-----
target alloc initial:BTCUSDT+6.67%, ETHUSDT+0.00%, XRPUSDT+0.00%
-----
alloc target x rt%<0:BTCUSDT+6.67%, ETHUSDT+0.00%, XRPUSDT+0.00%
-----
           BTCUSDT ETHUSDT XRPUSDT
w_target      6.7%    0.0%    0.0%
rt_14h30     0.03%   0.07%   0.58%
w_target_f    6.7%    0.0%    0.0%
2023-07-13 20:55:09,421
Portfolio was rebalanced less than 2 hours ago, 3.9 hours ago
2023-07-13 20:55:09,424
Status: prev = LONG <> LONG = target
2023-07-13 20:55:09,424
the strat is currently running @ 13-07-2023 and the target positions is LONG
the strat was previously run @ 2023-07-13 17:01:48 UTC, success:yes 
   and the current positions is LONG
2023-07-13 20:55:10,505
positions_future #2
2023-07-13 20:55:10,505
      symbol  positionAmt entryPrice  ...   updateTime  AUMs_account        w%
215  BTCUSDT        0.002    31015.5  ...  13Jul-18:30         298.1  0.211064
133  ETHUSDT        0.025    1988.02  ...  13Jul-18:30         298.1  0.166691

[2 rows x 9 columns]
2023-07-13 20:55:10,515
programm stoppeddd!!! 20230713_205510
