2023-07-14 03:00:23,785
ON program started 20230714 03:00:23,
US time: 20230713 23:00:23
2023-07-14 03:00:23,893
the strat is currently running @ 14-07-2023 and the target positions is NEUTRAL
2023-07-14 03:00:26,804
CURRENT STATUS IS LONG
-----
return before 14h30:
BTCUSDT+0.00%, ETHUSDT+0.00%, XRPUSDT+0.00%
-----
target alloc initial:BTCUSDT+6.67%, ETHUSDT+0.00%, XRPUSDT+0.00%
-----
alloc target x rt%<0:BTCUSDT+6.67%, ETHUSDT+0.00%, XRPUSDT+0.00%
-----
           BTCUSDT ETHUSDT XRPUSDT
w_target      6.7%    0.0%    0.0%
rt_14h30     0.00%   0.00%   0.00%
w_target_f    6.7%    0.0%    0.0%
2023-07-14 03:00:26,806
Portfolio was rebalanced less than 2 hours ago, 5.3 hours ago
2023-07-14 03:00:26,808
Status: prev = LONG <> LONG = target
2023-07-14 03:00:26,808
the strat is currently running @ 14-07-2023 and the target positions is LONG
the strat was previously run @ 2023-07-13 21:43:30 UTC, success:yes 
   and the current positions is LONG
2023-07-14 03:00:27,890
positions_future #2
2023-07-14 03:00:27,890
      symbol  positionAmt entryPrice  ...   updateTime  AUMs_account        w%
215  BTCUSDT        0.002    31015.5  ...  13Jul-18:30         298.6  0.210629
133  ETHUSDT        0.025    1988.02  ...  13Jul-18:30         298.6  0.168353

[2 rows x 9 columns]
2023-07-14 03:00:27,899
programm stoppeddd!!! 20230714_030027
