2023-06-21 13:00:46,165
ON program started 20230621 13:00:46,
US time: 20230621 08:00:46
2023-06-21 13:00:46,305
the strat is currently running @ 21-06-2023 and the target positions is NEUTRAL
2023-06-21 13:00:47,812
CURRENT STATUS IS NEUTRAL
-----
return before 14h30:
BTCUSDT+0.76%, ETHUSDT+1.01%, XRPUSDT-0.60%
-----
target alloc initial:BTCUSDT+0.00%, ETHUSDT+0.00%, XRPUSDT+0.00%
-----
alloc target x rt%<0:BTCUSDT+0.00%, ETHUSDT+0.00%, XRPUSDT+0.00%
-----
           BTCUSDT ETHUSDT XRPUSDT
w_target      0.0%    0.0%    0.0%
rt_14h30     0.01%   0.01%  -0.01%
w_target_f    0.0%    0.0%    0.0%
2023-06-21 13:00:47,831
Portfolio was rebalanced less than 2 hours ago, 18.2 hours ago
2023-06-21 13:00:47,833
Status: prev = NEUTRAL <> NEUTRAL = target
2023-06-21 13:00:47,833
the strat is currently running @ 21-06-2023 and the target positions is NEUTRAL
the strat was previously run @ 20 Jun 2023 18:47, success:yes 
   and the current positions is NEUTRAL
2023-06-21 13:00:49,162
positions_future #0
2023-06-21 13:00:49,162
Empty DataFrame
Columns: [symbol, positionAmt, entryPrice, markPrice, unRealizedProfit, value_usd, updateTime, AUMs_account, w%]
Index: []
2023-06-21 13:00:49,191
programm stoppeddd!!! 20230621_130049
