2023-07-19 18:30:29,529
ON program started 20230719 18:30:29,
US time: 20230719 14:30:29
2023-07-19 18:30:29,878
the strat is currently running @ 19-07-2023 and the target positions is LONG
2023-07-19 18:30:31,204
CURRENT STATUS IS LONG
-----
return before 14h30:
BTCUSDT-0.22%, ETHUSDT-0.17%, XRPUSDT+2.07%
-----
target alloc initial:BTCUSDT+16.67%, ETHUSDT+16.67%, XRPUSDT+16.67%
-----
alloc target x rt%<0:BTCUSDT+16.67%, ETHUSDT+16.67%, XRPUSDT+16.67%
-----
           BTCUSDT ETHUSDT XRPUSDT
w_target     16.7%   16.7%   16.7%
rt_14h30    -0.00%  -0.00%   0.02%
w_target_f   16.7%   16.7%   16.7%
2023-07-19 18:30:31,206
Portfolio was rebalanced less than 2 hours ago, 7.8 hours ago
2023-07-19 18:30:31,208
Status: prev = LONG <> NEUTRAL = target
2023-07-19 18:30:31,209
the strat is currently running @ 19-07-2023 and the target positions is LONG
the strat was previously run @ 2023-07-14 10:41:32 UTC, success:yes 
   and the current positions is NEUTRAL
2023-07-19 18:30:32,282
positions_future #0
2023-07-19 18:30:32,282
Empty DataFrame
Columns: [symbol, positionAmt, entryPrice, markPrice, unRealizedProfit, value_usd, updateTime, AUMs_account, w%]
Index: []
2023-07-19 18:30:32,492
------------------------------
binance_account_balance
2023-07-19 18:30:32,492
  asset     balance withdrawAvailable   updateTime
7  USDT  296.001227      296.00122701  18Jul-22:37
2023-07-19 18:30:32,707
------------------------------
open_orders
2023-07-19 18:30:32,707
Empty DataFrame
Columns: []
Index: []
2023-07-19 18:30:33,314
------------------------------
AUMS account:296

2023-07-19 18:30:33,316
--------------- compute_futures_order_book() ----------------
2023-07-19 18:30:34,566
----------------------------------------------------------------------
#3 order(s) to place
gross$: 159$ | net$: +159$
gross%: 54% | net%: +54%
 || w>0%  +54% | w<0%  0%
----------------------------------------------------------------------
PTF Expo% 0.0% >> 50.0% (current>>target)
PTF expo $0.0 >> $148 (current>>target)
----------------------------------------------------------------------
2023-07-19 18:30:34,567
orders_ofthe_day
2023-07-19 18:30:34,567
                  ptf_usd  target_usd  ...         bid         ask
2023-07-19 18:30                       ...                        
BTCUSDT               0.0       49.34  ...  29993.6000  29993.7000
ETHUSDT               0.0       49.34  ...   1908.8800   1908.8900
XRPUSDT               0.0       49.34  ...      0.8388      0.8389

[3 rows x 9 columns]
2023-07-19 18:30:36,442
binance_place_orders_peg 20230719_183036
2023-07-19 18:30:36,849
{'orderId': 172950731778, 'symbol': 'BTCUSDT', 'status': 'NEW', 'clientOrderId': 'i9ammNfyDQz0MUG4QxsvaO', 'price': '29978.60', 'avgPrice': '0.00', 'origQty': '0.002', 'executedQty': '0.000', 'cumQty': '0.000', 'cumQuote': '0.00000', 'timeInForce': 'GTC', 'type': 'LIMIT', 'reduceOnly': False, 'closePosition': False, 'side': 'BUY', 'positionSide': 'BOTH', 'stopPrice': '0.00', 'workingType': 'CONTRACT_PRICE', 'priceProtect': False, 'origType': 'LIMIT', 'updateTime': 1689791436746}
2023-07-19 18:30:37,281
{'orderId': 8389765609137340569, 'symbol': 'ETHUSDT', 'status': 'NEW', 'clientOrderId': '4oFWlY0FHPsj484MEIaoMi', 'price': '1907.88', 'avgPrice': '0.00', 'origQty': '0.026', 'executedQty': '0.000', 'cumQty': '0.000', 'cumQuote': '0.00000', 'timeInForce': 'GTC', 'type': 'LIMIT', 'reduceOnly': False, 'closePosition': False, 'side': 'BUY', 'positionSide': 'BOTH', 'stopPrice': '0.00', 'workingType': 'CONTRACT_PRICE', 'priceProtect': False, 'origType': 'LIMIT', 'updateTime': 1689791437179}
2023-07-19 18:30:37,690
{'orderId': 37540576606, 'symbol': 'XRPUSDT', 'status': 'NEW', 'clientOrderId': '1OJdNwui4kr5BW7MOKYffo', 'price': '0.8376', 'avgPrice': '0.00', 'origQty': '58.8', 'executedQty': '0.0', 'cumQty': '0.0', 'cumQuote': '0.00000', 'timeInForce': 'GTC', 'type': 'LIMIT', 'reduceOnly': False, 'closePosition': False, 'side': 'BUY', 'positionSide': 'BOTH', 'stopPrice': '0.0000', 'workingType': 'CONTRACT_PRICE', 'priceProtect': False, 'origType': 'LIMIT', 'updateTime': 1689791437587}
2023-07-19 18:30:39,575
update 0: filled 1 / 3 (+XRPUSDT) | working 2 / 3 (+BTCUSDT,+ETHUSDT)
2023-07-19 18:30:43,576
+BTCUSDT: bp4.0|+ETHUSDT: bp3.0|
2023-07-19 18:30:44,803
update 1: filled 1 / 3 (+XRPUSDT) | working 2 / 3 (+BTCUSDT,+ETHUSDT)
2023-07-19 18:30:48,804
+BTCUSDT: bp3.0|+ETHUSDT: bp2.0|
2023-07-19 18:30:50,029
update 2: filled 1 / 3 (+XRPUSDT) | working 2 / 3 (+BTCUSDT,+ETHUSDT)
2023-07-19 18:30:54,030
+BTCUSDT: bp5.0|+ETHUSDT: bp2.0|
2023-07-19 18:30:55,258
update 3: filled 1 / 3 (+XRPUSDT) | working 2 / 3 (+BTCUSDT,+ETHUSDT)
2023-07-19 18:30:59,259
+BTCUSDT: bp5.0|+ETHUSDT: bp3.0|
2023-07-19 18:31:00,488
update 4: filled 1 / 3 (+XRPUSDT) | working 2 / 3 (+BTCUSDT,+ETHUSDT)
2023-07-19 18:31:04,489
+BTCUSDT: bp4.0|+ETHUSDT: bp2.0|
2023-07-19 18:31:05,716
update 5: filled 2 / 3 (+ETHUSDT,+XRPUSDT) | working 1 / 3 (+BTCUSDT)
2023-07-19 18:31:09,717
+BTCUSDT: bp3.0|
2023-07-19 18:31:10,951
update 6: filled 2 / 3 (+ETHUSDT,+XRPUSDT) | working 1 / 3 (+BTCUSDT)
2023-07-19 18:31:14,952
+BTCUSDT: bp2.0|
2023-07-19 18:31:16,179
update 7: filled 3 / 3 (+BTCUSDT,+ETHUSDT,+XRPUSDT) | working 0 / 3 ()
2023-07-19 18:31:22,962
Trades of the day
in$
as of: 19Jul 18:30>>18:31 (#trades: 3)
trade net: +159.0 (+53.7%), trade gross: +159.0 (+53.7%), BUY: +159.0 (+53.7%), SELL: +0.0 (+0.0%)
fees: $ 0.025 (1.6bp)
2023-07-19 18:31:23,596
Trades: 
Filled #3
______________________________________________
                   in$ | in bp 158 traded | in bp 296 AUMs
realizedPnl    +0      | +0      | +0     
PnLvsArrival   +0.13   | +8      | +4     
PnLvsLast      -0.21   | -13     | -7     
______________________________________________
                 | Value$ | PnL Arrival/Last 
______________________________________________
XRP:+58.8@0.8376 | +49$ | 0.07/-0.26
ETH:+0.026@1907.88 | +50$ | 0.03/0.02
BTC:+0.002@29978.6 | +60$ | 0.03/0.03
2023-07-19 18:31:24,204
***************************
Positions after orders
***************************
2023-07-19 18:31:24,204
      symbol  qty_ptf    execP  ...   updateTime   AUMs     w%
215  BTCUSDT    0.002  29978.6  ...  19Jul-18:31  295.8  0.203
133  ETHUSDT    0.026  1907.88  ...  19Jul-18:31  295.8  0.168
107  XRPUSDT   58.800   0.8376  ...  19Jul-18:30  295.8  0.166

[3 rows x 9 columns]
2023-07-19 18:31:24,211
***************************
2023-07-19 18:31:24,817
3 STOP orders will be placed
2023-07-19 18:31:24,817
@+/-500.0bp limit
2023-07-19 18:31:24,818
binance_place_orders_peg 20230719_183124
2023-07-19 18:31:25,224
{'orderId': 172951036344, 'symbol': 'BTCUSDT', 'status': 'NEW', 'clientOrderId': '0GkkXnpQlWm9mNMK55jKmC', 'price': '0.00', 'avgPrice': '0.00', 'origQty': '0.002', 'executedQty': '0.000', 'cumQty': '0.000', 'cumQuote': '0.00000', 'timeInForce': 'GTC', 'type': 'STOP_MARKET', 'reduceOnly': False, 'closePosition': False, 'side': 'SELL', 'positionSide': 'BOTH', 'stopPrice': '28495.90', 'workingType': 'CONTRACT_PRICE', 'priceProtect': False, 'origType': 'STOP_MARKET', 'updateTime': 1689791485122}
2023-07-19 18:31:25,631
{'orderId': 8389765609137475273, 'symbol': 'ETHUSDT', 'status': 'NEW', 'clientOrderId': 'ZcqqwUJAYUt30qczvd5tlK', 'price': '0.00', 'avgPrice': '0.00', 'origQty': '0.026', 'executedQty': '0.000', 'cumQty': '0.000', 'cumQuote': '0.00000', 'timeInForce': 'GTC', 'type': 'STOP_MARKET', 'reduceOnly': False, 'closePosition': False, 'side': 'SELL', 'positionSide': 'BOTH', 'stopPrice': '1813.06', 'workingType': 'CONTRACT_PRICE', 'priceProtect': False, 'origType': 'STOP_MARKET', 'updateTime': 1689791485529}
2023-07-19 18:31:26,039
{'orderId': 37540725045, 'symbol': 'XRPUSDT', 'status': 'NEW', 'clientOrderId': 'wsnjyPxRfjegJguhqvnDk6', 'price': '0.0000', 'avgPrice': '0.00', 'origQty': '58.8', 'executedQty': '0.0', 'cumQty': '0.0', 'cumQuote': '0.00000', 'timeInForce': 'GTC', 'type': 'STOP_MARKET', 'reduceOnly': False, 'closePosition': False, 'side': 'SELL', 'positionSide': 'BOTH', 'stopPrice': '0.7917', 'workingType': 'CONTRACT_PRICE', 'priceProtect': False, 'origType': 'STOP_MARKET', 'updateTime': 1689791485937}
