2023-07-14 08:33:32,096
ON program started 20230714 08:33:32,
US time: 20230714 04:33:32
2023-07-14 08:33:32,204
the strat is currently running @ 14-07-2023 and the target positions is NEUTRAL
2023-07-14 08:33:33,624
CURRENT STATUS IS LONG
-----
return before 14h30:
BTCUSDT-0.75%, ETHUSDT-0.46%, XRPUSDT-0.17%
-----
target alloc initial:BTCUSDT+6.67%, ETHUSDT+0.00%, XRPUSDT+0.00%
-----
alloc target x rt%<0:BTCUSDT+6.67%, ETHUSDT+0.00%, XRPUSDT+0.00%
-----
           BTCUSDT ETHUSDT XRPUSDT
w_target      6.7%    0.0%    0.0%
rt_14h30    -0.01%  -0.00%  -0.00%
w_target_f    6.7%    0.0%    0.0%
2023-07-14 08:33:33,626
Portfolio was rebalanced less than 2 hours ago, 10.8 hours ago
2023-07-14 08:33:33,628
Status: prev = LONG <> LONG = target
2023-07-14 08:33:33,628
the strat is currently running @ 14-07-2023 and the target positions is LONG
the strat was previously run @ 2023-07-13 21:43:30 UTC, success:yes 
   and the current positions is LONG
2023-07-14 08:33:34,712
positions_future #2
2023-07-14 08:33:34,712
      symbol  positionAmt entryPrice  ...   updateTime  AUMs_account        w%
215  BTCUSDT        0.002    31015.5  ...  13Jul-18:30         297.9  0.209561
133  ETHUSDT        0.025    1988.02  ...  13Jul-18:30         297.9  0.167913

[2 rows x 9 columns]
2023-07-14 08:33:34,723
programm stoppeddd!!! 20230714_083334
