2023-06-21 19:03:24,594
ON program started 20230621 19:03:24,
US time: 20230621 14:03:24
2023-06-21 19:03:24,729
the strat is currently running @ 21-06-2023 and the target positions is NEUTRAL
2023-06-21 19:03:27,099
CURRENT STATUS IS NEUTRAL
-----
return before 14h30:
BTCUSDT+4.77%, ETHUSDT+3.36%, XRPUSDT-0.02%
-----
target alloc initial:BTCUSDT+0.00%, ETHUSDT+0.00%, XRPUSDT+0.00%
-----
alloc target x rt%<0:BTCUSDT+0.00%, ETHUSDT+0.00%, XRPUSDT+0.00%
-----
           BTCUSDT ETHUSDT XRPUSDT
w_target      0.0%    0.0%    0.0%
rt_14h30     0.05%   0.03%  -0.00%
w_target_f    0.0%    0.0%    0.0%
2023-06-21 19:03:27,121
Portfolio was rebalanced less than 2 hours ago, 0.7 hours ago
2023-06-21 19:03:27,125
Status: prev = NEUTRAL <> NEUTRAL = target
2023-06-21 19:03:27,125
the strat is currently running @ 21-06-2023 and the target positions is NEUTRAL
the strat was previously run @ 2023-06-21 17:23:38 UTC, success:yes 
   and the current positions is NEUTRAL
2023-06-21 19:03:28,441
positions_future #0
2023-06-21 19:03:28,441
Empty DataFrame
Columns: [symbol, positionAmt, entryPrice, markPrice, unRealizedProfit, value_usd, updateTime, AUMs_account, w%]
Index: []
2023-06-21 19:03:28,474
programm stoppeddd!!! 20230621_190328
