2023-07-19 22:30:24,704
ON program started 20230719 22:30:24,
US time: 20230719 18:30:24
2023-07-19 22:30:25,040
the strat is currently running @ 19-07-2023 and the target positions is SHORT
2023-07-19 22:30:26,357
CURRENT STATUS IS SHORT, WE CHECK IF THE DAY IS A NEGATIVE ONE
-----
return before 14h30:
BTCUSDT-0.22%, ETHUSDT-0.17%, XRPUSDT+2.07%
-----
target alloc initial:BTCUSDT-4.17%, ETHUSDT+0.00%, XRPUSDT-4.17%
-----
alloc target x rt%<0:BTCUSDT-4.17%, ETHUSDT+0.00%, XRPUSDT-0.00%
-----
           BTCUSDT ETHUSDT XRPUSDT
w_target     -4.2%    0.0%   -4.2%
rt_14h30    -0.00%  -0.00%   0.02%
w_target_f   -4.2%    0.0%   -0.0%
2023-07-19 22:30:26,358
Portfolio was rebalanced less than 2 hours ago, 11.8 hours ago
2023-07-19 22:30:26,361
Status: prev = SHORT <> NEUTRAL = target
2023-07-19 22:30:26,361
the strat is currently running @ 19-07-2023 and the target positions is SHORT
the strat was previously run @ 2023-07-14 10:41:32 UTC, success:yes 
   and the current positions is NEUTRAL
2023-07-19 22:30:27,445
positions_future #3
2023-07-19 22:30:27,445
      symbol  positionAmt entryPrice  ...   updateTime  AUMs_account        w%
215  BTCUSDT        0.002    29978.6  ...  19Jul-18:31         294.7  0.202956
133  ETHUSDT        0.026    1907.88  ...  19Jul-18:31         294.7  0.166846
107  XRPUSDT       58.800     0.8376  ...  19Jul-18:30         294.7  0.164759

[3 rows x 9 columns]
2023-07-19 22:30:27,671
------------------------------
binance_account_balance
2023-07-19 22:30:27,672
  asset     balance withdrawAvailable   updateTime
7  USDT  295.975817      286.80915960  19Jul-18:31
2023-07-19 22:30:28,510
------------------------------
open_orders
2023-07-19 22:30:28,510
                                      0  ...                           2
symbol                          BTCUSDT  ...                     XRPUSDT
status                              NEW  ...                         NEW
price                                 0  ...                           0
avgPrice                              0  ...                           0
origQty                           0.002  ...                        58.8
executedQty                           0  ...                           0
type                        STOP_MARKET  ...                 STOP_MARKET
side                               SELL  ...                        SELL
stopPrice                      28495.90  ...                      0.7917
time         2023-07-19 18:31:25.122000  ...  2023-07-19 18:31:25.937000
updateTime   2023-07-19 18:31:25.122000  ...  2023-07-19 18:31:25.937000

[11 rows x 3 columns]
2023-07-19 22:30:31,650
------------------------------
AUMS account:294

2023-07-19 22:30:31,651
--------------- compute_futures_order_book() ----------------
2023-07-19 22:30:32,912
----------------------------------------------------------------------
#3 order(s) to place
gross$: 158$ | net$: -158$
gross%: 54% | net%: -54%
 || w>0%  +0% | w<0%  -54%
----------------------------------------------------------------------
PTF Expo% 53.6% >> -4.1% (current>>target)
PTF expo $158.0 >> $-12 (current>>target)
----------------------------------------------------------------------
2023-07-19 22:30:32,913
orders_ofthe_day
2023-07-19 22:30:32,913
                  ptf_usd  target_usd  ...         bid         ask
2023-07-19 22:30                       ...                        
BTCUSDT              60.0      -12.29  ...  29903.4000  29903.5000
ETHUSDT              49.0        0.00  ...   1890.9500   1890.9600
XRPUSDT              49.0       -0.00  ...      0.8254      0.8255

[3 rows x 9 columns]
2023-07-19 22:30:34,448
binance_place_orders_peg 20230719_223034
2023-07-19 22:30:34,860
{'orderId': 173008356733, 'symbol': 'BTCUSDT', 'status': 'NEW', 'clientOrderId': 'bb5WUwnLV503jjd5hZhm1Z', 'price': '29918.50', 'avgPrice': '0.00', 'origQty': '0.002', 'executedQty': '0.000', 'cumQty': '0.000', 'cumQuote': '0.00000', 'timeInForce': 'GTC', 'type': 'LIMIT', 'reduceOnly': False, 'closePosition': False, 'side': 'SELL', 'positionSide': 'BOTH', 'stopPrice': '0.00', 'workingType': 'CONTRACT_PRICE', 'priceProtect': False, 'origType': 'LIMIT', 'updateTime': 1689805834757}
2023-07-19 22:30:35,273
{'orderId': 8389765609166521631, 'symbol': 'ETHUSDT', 'status': 'NEW', 'clientOrderId': 'axwKHwnnyCTzqreDOuyYRS', 'price': '1891.91', 'avgPrice': '0.00', 'origQty': '0.026', 'executedQty': '0.000', 'cumQty': '0.000', 'cumQuote': '0.00000', 'timeInForce': 'GTC', 'type': 'LIMIT', 'reduceOnly': False, 'closePosition': False, 'side': 'SELL', 'positionSide': 'BOTH', 'stopPrice': '0.00', 'workingType': 'CONTRACT_PRICE', 'priceProtect': False, 'origType': 'LIMIT', 'updateTime': 1689805835168}
2023-07-19 22:30:35,685
{'orderId': 37563994268, 'symbol': 'XRPUSDT', 'status': 'NEW', 'clientOrderId': 'KQRhKVMPZZlo84V8TgYNaO', 'price': '0.8259', 'avgPrice': '0.00', 'origQty': '58.8', 'executedQty': '0.0', 'cumQty': '0.0', 'cumQuote': '0.00000', 'timeInForce': 'GTC', 'type': 'LIMIT', 'reduceOnly': False, 'closePosition': False, 'side': 'SELL', 'positionSide': 'BOTH', 'stopPrice': '0.0000', 'workingType': 'CONTRACT_PRICE', 'priceProtect': False, 'origType': 'LIMIT', 'updateTime': 1689805835582}
2023-07-19 22:30:36,920
update 0: filled 0 / 3 () | working 3 / 3 (-BTCUSDT,-ETHUSDT,-XRPUSDT)
2023-07-19 22:30:40,921
-BTCUSDT: bp5.0|-ETHUSDT: bp5.0|-XRPUSDT: bp4.0|
2023-07-19 22:30:42,151
update 1: filled 0 / 3 () | working 3 / 3 (-BTCUSDT,-ETHUSDT,-XRPUSDT)
2023-07-19 22:30:46,151
-BTCUSDT: bp5.0|-ETHUSDT: bp4.0|-XRPUSDT: bp1.0|
2023-07-19 22:30:47,382
update 2: filled 0 / 3 () | working 3 / 3 (-BTCUSDT,-ETHUSDT,-XRPUSDT)
2023-07-19 22:30:51,383
-BTCUSDT: bp5.0|-ETHUSDT: bp4.0|-XRPUSDT: bp4.0|
2023-07-19 22:30:52,616
update 3: filled 0 / 3 () | working 3 / 3 (-BTCUSDT,-ETHUSDT,-XRPUSDT)
2023-07-19 22:30:56,617
-BTCUSDT: bp5.0|-ETHUSDT: bp4.0|-XRPUSDT: bp6.0|
2023-07-19 22:30:57,848
update 4: filled 0 / 3 () | working 3 / 3 (-BTCUSDT,-ETHUSDT,-XRPUSDT)
2023-07-19 22:31:01,849
-BTCUSDT: bp5.0|-ETHUSDT: bp4.0|-XRPUSDT: bp6.0|
2023-07-19 22:31:03,079
update 5: filled 0 / 3 () | working 3 / 3 (-BTCUSDT,-ETHUSDT,-XRPUSDT)
2023-07-19 22:31:07,080
-BTCUSDT: bp5.0|-ETHUSDT: bp4.0|-XRPUSDT: bp6.0|
2023-07-19 22:31:08,314
update 6: filled 0 / 3 () | working 3 / 3 (-BTCUSDT,-ETHUSDT,-XRPUSDT)
2023-07-19 22:31:12,315
-BTCUSDT: bp6.0|-ETHUSDT: bp5.0|-XRPUSDT: bp5.0|
2023-07-19 22:31:13,547
update 7: filled 0 / 3 () | working 3 / 3 (-BTCUSDT,-ETHUSDT,-XRPUSDT)
2023-07-19 22:31:17,548
-BTCUSDT: bp6.0|-ETHUSDT: bp5.0|-XRPUSDT: bp4.0|
2023-07-19 22:31:18,782
update 8: filled 0 / 3 () | working 3 / 3 (-BTCUSDT,-ETHUSDT,-XRPUSDT)
2023-07-19 22:31:22,783
-BTCUSDT: bp6.0|-ETHUSDT: bp6.0|-XRPUSDT: bp10.0|
2023-07-19 22:31:24,016
update 9: filled 0 / 3 () | working 3 / 3 (-BTCUSDT,-ETHUSDT,-XRPUSDT)
2023-07-19 22:31:28,016
-BTCUSDT: bp6.0|-ETHUSDT: bp5.0|-XRPUSDT: bp11.0|
2023-07-19 22:31:29,251
update 10: filled 0 / 3 () | working 3 / 3 (-BTCUSDT,-ETHUSDT,-XRPUSDT)
2023-07-19 22:31:33,251
-BTCUSDT: bp6.0|-ETHUSDT: bp5.0|-XRPUSDT: bp11.0|
2023-07-19 22:31:34,482
update 11: filled 0 / 3 () | working 3 / 3 (-BTCUSDT,-ETHUSDT,-XRPUSDT)
2023-07-19 22:31:38,483
-BTCUSDT: bp6.0|-ETHUSDT: bp5.0|-XRPUSDT: bp10.0|
2023-07-19 22:31:39,716
update 12: filled 0 / 3 () | working 3 / 3 (-BTCUSDT,-ETHUSDT,-XRPUSDT)
2023-07-19 22:31:43,717
-BTCUSDT: bp6.0|-ETHUSDT: bp5.0|-XRPUSDT: bp12.0|
2023-07-19 22:31:44,971
update 13: filled 0 / 3 () | working 3 / 3 (-BTCUSDT,-ETHUSDT,-XRPUSDT)
2023-07-19 22:31:48,972
-BTCUSDT: bp6.0|-ETHUSDT: bp6.0|-XRPUSDT: bp13.0|
2023-07-19 22:31:50,203
update 14: filled 0 / 3 () | working 3 / 3 (-BTCUSDT,-ETHUSDT,-XRPUSDT)
2023-07-19 22:31:54,203
-BTCUSDT: bp6.0|-ETHUSDT: bp6.0|-XRPUSDT: bp12.0|
2023-07-19 22:31:54,203
Adjustment limit #1 ... 
 we cancel current orders and replace
2023-07-19 22:31:54,203
@+/-2.5bp limit 
2023-07-19 22:31:54,203
binance_cancel_and_replace_orders_peg 20230719_223154
2023-07-19 22:31:56,062
binance_place_orders_peg 20230719_223156
2023-07-19 22:31:56,475
{'orderId': 173008660632, 'symbol': 'BTCUSDT', 'status': 'NEW', 'clientOrderId': 'UqFijsNS2LaOwNILVgFSFl', 'price': '29905.60', 'avgPrice': '0.00', 'origQty': '0.002', 'executedQty': '0.000', 'cumQty': '0.000', 'cumQuote': '0.00000', 'timeInForce': 'GTC', 'type': 'LIMIT', 'reduceOnly': False, 'closePosition': False, 'side': 'SELL', 'positionSide': 'BOTH', 'stopPrice': '0.00', 'workingType': 'CONTRACT_PRICE', 'priceProtect': False, 'origType': 'LIMIT', 'updateTime': 1689805916370}
2023-07-19 22:31:56,888
{'orderId': 8389765609166669438, 'symbol': 'ETHUSDT', 'status': 'NEW', 'clientOrderId': 'AGkIoXeqyJembq2CLBAyuu', 'price': '1890.45', 'avgPrice': '0.00', 'origQty': '0.026', 'executedQty': '0.000', 'cumQty': '0.000', 'cumQuote': '0.00000', 'timeInForce': 'GTC', 'type': 'LIMIT', 'reduceOnly': False, 'closePosition': False, 'side': 'SELL', 'positionSide': 'BOTH', 'stopPrice': '0.00', 'workingType': 'CONTRACT_PRICE', 'priceProtect': False, 'origType': 'LIMIT', 'updateTime': 1689805916783}
2023-07-19 22:31:57,301
{'orderId': 37564083566, 'symbol': 'XRPUSDT', 'status': 'NEW', 'clientOrderId': 'wtTxxaTfUyBr0XldoTwD2o', 'price': '0.8249', 'avgPrice': '0.00', 'origQty': '58.8', 'executedQty': '0.0', 'cumQty': '0.0', 'cumQuote': '0.00000', 'timeInForce': 'GTC', 'type': 'LIMIT', 'reduceOnly': False, 'closePosition': False, 'side': 'SELL', 'positionSide': 'BOTH', 'stopPrice': '0.0000', 'workingType': 'CONTRACT_PRICE', 'priceProtect': False, 'origType': 'LIMIT', 'updateTime': 1689805917197}
2023-07-19 22:31:58,535
update 0: filled 0 / 3 () | working 3 / 3 (-BTCUSDT,-ETHUSDT,-XRPUSDT)
2023-07-19 22:32:02,536
-BTCUSDT: bp3.0|-ETHUSDT: bp3.0|-XRPUSDT: bp4.0|
2023-07-19 22:32:03,767
update 1: filled 0 / 3 () | working 3 / 3 (-BTCUSDT,-ETHUSDT,-XRPUSDT)
2023-07-19 22:32:07,767
-BTCUSDT: bp3.0|-ETHUSDT: bp3.0|-XRPUSDT: bp11.0|
2023-07-19 22:32:08,996
update 2: filled 0 / 3 () | working 3 / 3 (-BTCUSDT,-ETHUSDT,-XRPUSDT)
2023-07-19 22:32:12,997
-BTCUSDT: bp4.0|-ETHUSDT: bp4.0|-XRPUSDT: bp12.0|
2023-07-19 22:32:14,228
update 3: filled 1 / 3 (-XRPUSDT) | working 2 / 3 (-BTCUSDT,-ETHUSDT)
2023-07-19 22:32:18,229
-BTCUSDT: bp4.0|-ETHUSDT: bp4.0|
2023-07-19 22:32:19,463
update 4: filled 1 / 3 (-XRPUSDT) | working 2 / 3 (-BTCUSDT,-ETHUSDT)
2023-07-19 22:32:23,464
-BTCUSDT: bp5.0|-ETHUSDT: bp4.0|
2023-07-19 22:32:24,698
update 5: filled 1 / 3 (-XRPUSDT) | working 2 / 3 (-BTCUSDT,-ETHUSDT)
2023-07-19 22:32:28,699
-BTCUSDT: bp5.0|-ETHUSDT: bp4.0|
2023-07-19 22:32:29,933
update 6: filled 1 / 3 (-XRPUSDT) | working 2 / 3 (-BTCUSDT,-ETHUSDT)
2023-07-19 22:32:33,934
-BTCUSDT: bp5.0|-ETHUSDT: bp4.0|
2023-07-19 22:32:35,166
update 7: filled 1 / 3 (-XRPUSDT) | working 2 / 3 (-BTCUSDT,-ETHUSDT)
2023-07-19 22:32:39,167
-BTCUSDT: bp5.0|-ETHUSDT: bp4.0|
2023-07-19 22:32:40,399
update 8: filled 2 / 3 (-ETHUSDT,-XRPUSDT) | working 1 / 3 (-BTCUSDT)
2023-07-19 22:32:44,400
-BTCUSDT: bp2.0|
2023-07-19 22:32:45,636
update 9: filled 2 / 3 (-ETHUSDT,-XRPUSDT) | working 1 / 3 (-BTCUSDT)
2023-07-19 22:32:49,637
-BTCUSDT: bp2.0|
2023-07-19 22:32:50,869
update 10: filled 2 / 3 (-ETHUSDT,-XRPUSDT) | working 1 / 3 (-BTCUSDT)
2023-07-19 22:32:54,870
-BTCUSDT: bp2.0|
2023-07-19 22:32:56,103
update 11: filled 2 / 3 (-ETHUSDT,-XRPUSDT) | working 1 / 3 (-BTCUSDT)
2023-07-19 22:33:00,104
-BTCUSDT: bp2.0|
2023-07-19 22:33:01,337
update 12: filled 2 / 3 (-ETHUSDT,-XRPUSDT) | working 1 / 3 (-BTCUSDT)
2023-07-19 22:33:05,337
-BTCUSDT: bp2.0|
2023-07-19 22:33:06,586
update 13: filled 2 / 3 (-ETHUSDT,-XRPUSDT) | working 1 / 3 (-BTCUSDT)
2023-07-19 22:33:10,587
-BTCUSDT: bp2.0|
2023-07-19 22:33:11,815
update 14: filled 2 / 3 (-ETHUSDT,-XRPUSDT) | working 1 / 3 (-BTCUSDT)
2023-07-19 22:33:15,816
-BTCUSDT: bp2.0|
2023-07-19 22:33:15,816
Adjustment limit #2 ... 
 we cancel current orders and replace
2023-07-19 22:33:15,816
@+/-1.25bp limit 
2023-07-19 22:33:15,816
binance_cancel_and_replace_orders_peg 20230719_223315
2023-07-19 22:33:17,672
binance_place_orders_peg 20230719_223317
2023-07-19 22:33:18,084
{'orderId': 173008953738, 'symbol': 'BTCUSDT', 'status': 'NEW', 'clientOrderId': 'y0HkP0GAJ37oANFRkxSCTB', 'price': '29903.40', 'avgPrice': '0.00', 'origQty': '0.002', 'executedQty': '0.000', 'cumQty': '0.000', 'cumQuote': '0.00000', 'timeInForce': 'GTC', 'type': 'LIMIT', 'reduceOnly': False, 'closePosition': False, 'side': 'SELL', 'positionSide': 'BOTH', 'stopPrice': '0.00', 'workingType': 'CONTRACT_PRICE', 'priceProtect': False, 'origType': 'LIMIT', 'updateTime': 1689805997980}
2023-07-19 22:33:19,319
update 0: filled 2 / 3 (-ETHUSDT,-XRPUSDT) | working 1 / 3 (-BTCUSDT)
2023-07-19 22:33:23,319
-BTCUSDT: bp1.0|
2023-07-19 22:33:24,556
update 1: filled 2 / 3 (-ETHUSDT,-XRPUSDT) | working 1 / 3 (-BTCUSDT)
2023-07-19 22:33:28,557
-BTCUSDT: bp1.0|
2023-07-19 22:33:29,785
update 2: filled 2 / 3 (-ETHUSDT,-XRPUSDT) | working 1 / 3 (-BTCUSDT)
2023-07-19 22:33:33,786
-BTCUSDT: bp1.0|
2023-07-19 22:33:35,014
update 3: filled 3 / 3 (-ETHUSDT,-XRPUSDT,-BTCUSDT) | working 0 / 3 ()
2023-07-19 22:33:41,720
Trades of the day
in$
as of: 19Jul 22:32>>22:33 (#trades: 3)
trade net: -157.0 (-53.3%), trade gross: +157.0 (+53.3%), BUY: +0.0 (+0.0%), SELL: -157.0 (-53.3%)
fees: $ 0.025 (1.6bp)
2023-07-19 22:33:42,349
Trades: 
Filled #3
______________________________________________
                   in$ | in bp 157 traded | in bp 294 AUMs
realizedPnl    -1.35   | -86     | -46    
PnLvsArrival   -0.04   | -3      | -1     
PnLvsLast      +0.11   | +7      | +4     
______________________________________________
                 | Value$ | PnL Arrival/Last 
______________________________________________
BTC:-0.002@29903.4 | -60$ | -0/-0
ETH:-0.026@1890.45 | -49$ | -0.01/-0
XRP:-58.8@0.8249 | -49$ | -0.03/0.11
2023-07-19 22:33:42,861
***************************
Positions after orders
***************************
2023-07-19 22:33:42,861
********No Position************
2023-07-19 22:33:42,861
***************************
2023-07-19 22:33:43,474
3 STOP orders will be placed
2023-07-19 22:33:43,474
@+/-500.0bp limit
2023-07-19 22:33:43,474
binance_place_orders_peg 20230719_223343
