2023-06-21 13:31:38,451
ON program started 20230621 13:31:38,
US time: 20230621 08:31:38
2023-06-21 13:31:38,616
the strat is currently running @ 21-06-2023 and the target positions is NEUTRAL
2023-06-21 13:31:40,182
CURRENT STATUS IS NEUTRAL
-----
return before 14h30:
BTCUSDT+1.31%, ETHUSDT+1.19%, XRPUSDT-0.64%
-----
target alloc initial:BTCUSDT+0.00%, ETHUSDT+0.00%, XRPUSDT+0.00%
-----
alloc target x rt%<0:BTCUSDT+0.00%, ETHUSDT+0.00%, XRPUSDT+0.00%
-----
           BTCUSDT ETHUSDT XRPUSDT
w_target      0.0%    0.0%    0.0%
rt_14h30     0.01%   0.01%  -0.01%
w_target_f    0.0%    0.0%    0.0%
2023-06-21 13:31:40,224
Portfolio was rebalanced less than 2 hours ago, 0.0 hours ago
2023-06-21 13:31:40,228
Status: prev = NEUTRAL <> NEUTRAL = target
2023-06-21 13:31:40,228
the strat is currently running @ 21-06-2023 and the target positions is NEUTRAL
the strat was previously run @ 2023-06-21 12:31:06 UTC, success:? 
   and the current positions is NEUTRAL
2023-06-21 13:31:41,544
positions_future #0
2023-06-21 13:31:41,545
Empty DataFrame
Columns: [symbol, positionAmt, entryPrice, markPrice, unRealizedProfit, value_usd, updateTime, AUMs_account, w%]
Index: []
2023-06-21 13:31:41,845
------------------------------
binance_account_balance
2023-06-21 13:31:41,845
  asset     balance withdrawAvailable   updateTime
8  USDT  318.651335      318.65133507  21Jun-02:48
2023-06-21 13:31:42,130
------------------------------
open_orders
2023-06-21 13:31:42,130
Empty DataFrame
Columns: []
Index: []
2023-06-21 13:31:42,921
------------------------------
AUMS account:318

2023-06-21 13:31:42,956
--------------- compute_futures_order_book() ----------------
2023-06-21 13:31:44,520
----------------------------------------------------------------------
#0 order(s) to place
gross$: 0$ | net$: +0$
gross%: 0% | net%: +0%
 || w>0%  +0% | w<0%  0%
----------------------------------------------------------------------
PTF Expo% 0.0% >> 0.0% (current>>target)
PTF expo $0.0 >> $0 (current>>target)
----------------------------------------------------------------------
2023-06-21 13:31:44,546
orders_ofthe_day
2023-06-21 13:31:44,547
Empty DataFrame
Columns: [ptf_usd, target_usd, totrd_usd, posttrd_usd, qty, posttrd_qty, posttrd_w, bid, ask]
Index: []
2023-06-21 13:31:44,562
Orders of the day is empty, current and target potfolios are aligned
2023-06-21 13:31:44,562
Program stopped
