2023-06-20 18:47:29,359
ON program started 20230620 18:47:29,
US time: 20230620 13:47:29
2023-06-20 18:47:29,504
the strat is currently running @ 20-06-2023 and the target positions is NEUTRAL
2023-06-20 18:47:31,138
CURRENT STATUS IS NEUTRAL
-----
return before 14h30:
BTCUSDT+1.88%, ETHUSDT+1.06%, XRPUSDT-1.75%
-----
target alloc initial:BTCUSDT+0.00%, ETHUSDT+0.00%, XRPUSDT+0.00%
-----
alloc target x rt%<0:BTCUSDT+0.00%, ETHUSDT+0.00%, XRPUSDT+0.00%
-----
           BTCUSDT ETHUSDT XRPUSDT
w_target      0.0%    0.0%    0.0%
rt_14h30     0.02%   0.01%  -0.02%
w_target_f    0.0%    0.0%    0.0%
2023-06-20 18:47:31,161
Portfolio was rebalanced less than 2 hours ago, 0.0 hours ago
2023-06-20 18:47:31,163
Status: prev = NEUTRAL <> SHORT = target
2023-06-20 18:47:31,164
the strat is currently running @ 20-06-2023 and the target positions is NEUTRAL
the strat was previously run @ 14 Jun 2023 18:47, success:yes 
   and the current positions is SHORT
2023-06-20 18:47:32,483
positions_future #0
2023-06-20 18:47:32,483
Empty DataFrame
Columns: [symbol, positionAmt, entryPrice, markPrice, unRealizedProfit, value_usd, updateTime, AUMs_account, w%]
Index: []
2023-06-20 18:47:32,787
------------------------------
binance_account_balance
2023-06-20 18:47:32,788
  asset     balance withdrawAvailable   updateTime
8  USDT  317.317586      317.31758611  19Jun-22:33
2023-06-20 18:47:33,092
------------------------------
open_orders
2023-06-20 18:47:33,092
Empty DataFrame
Columns: []
Index: []
2023-06-20 18:47:33,880
------------------------------
AUMS account:317

2023-06-20 18:47:33,936
--------------- compute_futures_order_book() ----------------
2023-06-20 18:47:35,530
----------------------------------------------------------------------
#0 order(s) to place
gross$: 0$ | net$: +0$
gross%: 0% | net%: +0%
 || w>0%  +0% | w<0%  0%
----------------------------------------------------------------------
PTF Expo% 0.0% >> 0.0% (current>>target)
PTF expo $0.0 >> $0 (current>>target)
----------------------------------------------------------------------
2023-06-20 18:47:35,583
orders_ofthe_day
2023-06-20 18:47:35,583
Empty DataFrame
Columns: [ptf_usd, target_usd, totrd_usd, posttrd_usd, qty, posttrd_qty, posttrd_w, bid, ask]
Index: []
2023-06-20 18:47:35,595
Orders of the day is empty, current and target potfolios are aligned
2023-06-20 18:47:35,596
Program stopped
