2023-07-14 10:05:31,312
ON program started 20230714 10:05:31,
US time: 20230714 06:05:31
2023-07-14 10:05:31,644
the strat is currently running @ 14-07-2023 and the target positions is NEUTRAL
2023-07-14 10:05:34,707
CURRENT STATUS IS NEUTRAL
-----
return before 14h30:
BTCUSDT-0.87%, ETHUSDT-0.61%, XRPUSDT-0.68%
-----
target alloc initial:BTCUSDT+0.00%, ETHUSDT+0.00%, XRPUSDT+0.00%
-----
alloc target x rt%<0:BTCUSDT+0.00%, ETHUSDT+0.00%, XRPUSDT+0.00%
-----
           BTCUSDT ETHUSDT XRPUSDT
w_target      0.0%    0.0%    0.0%
rt_14h30    -0.01%  -0.01%  -0.01%
w_target_f    0.0%    0.0%    0.0%
2023-07-14 10:05:34,709
Portfolio was rebalanced less than 2 hours ago, 12.4 hours ago
2023-07-14 10:05:34,711
Status: prev = NEUTRAL <> LONG = target
2023-07-14 10:05:34,711
the strat is currently running @ 14-07-2023 and the target positions is NEUTRAL
the strat was previously run @ 2023-07-13 21:43:30 UTC, success:yes 
   and the current positions is LONG
2023-07-14 10:05:35,787
positions_future #2
2023-07-14 10:05:35,787
      symbol  positionAmt entryPrice  ...   updateTime  AUMs_account        w%
215  BTCUSDT        0.002    31015.5  ...  13Jul-18:30         297.7  0.209403
133  ETHUSDT        0.025    1988.02  ...  13Jul-18:30         297.7  0.167606

[2 rows x 9 columns]
2023-07-14 10:05:36,003
------------------------------
binance_account_balance
2023-07-14 10:05:36,003
  asset     balance withdrawAvailable   updateTime
7  USDT  297.175336      292.05264686  13Jul-18:31
2023-07-14 10:05:36,626
------------------------------
open_orders
2023-07-14 10:05:36,626
                                      0                           1
symbol                          BTCUSDT                     ETHUSDT
status                              NEW                         NEW
price                                 0                           0
avgPrice                              0                           0
origQty                           0.002                       0.025
executedQty                           0                           0
type                        STOP_MARKET                 STOP_MARKET
side                               SELL                        SELL
stopPrice                      29593.40                     1884.70
time         2023-07-13 18:30:58.177000  2023-07-13 18:30:59.010000
updateTime   2023-07-13 18:30:58.177000  2023-07-13 18:30:59.010000
2023-07-14 10:05:39,121
------------------------------
AUMS account:297

2023-07-14 10:05:39,123
--------------- compute_futures_order_book() ----------------
2023-07-14 10:05:40,369
----------------------------------------------------------------------
#2 order(s) to place
gross$: 112$ | net$: -112$
gross%: 38% | net%: -38%
 || w>0%  +0% | w<0%  -38%
----------------------------------------------------------------------
PTF Expo% 37.6% >> 0.0% (current>>target)
PTF expo $112.0 >> $0 (current>>target)
----------------------------------------------------------------------
2023-07-14 10:05:40,371
orders_ofthe_day
2023-07-14 10:05:40,371
                  ptf_usd  target_usd  totrd_usd  ...  posttrd_w       bid       ask
2023-07-14 10:05                                  ...                               
BTCUSDT              62.0         0.0      -62.0  ...        0.0  31165.60  31165.70
ETHUSDT              50.0         0.0      -50.0  ...        0.0   1995.54   1995.55

[2 rows x 9 columns]
2023-07-14 10:05:41,385
binance_place_orders_peg 20230714_100541
2023-07-14 10:05:41,795
{'orderId': 171134064662, 'symbol': 'BTCUSDT', 'status': 'NEW', 'clientOrderId': '2L1hwylHIo5siKQa13MYYB', 'price': '31181.30', 'avgPrice': '0.00', 'origQty': '0.002', 'executedQty': '0.000', 'cumQty': '0.000', 'cumQuote': '0.00000', 'timeInForce': 'GTC', 'type': 'LIMIT', 'reduceOnly': False, 'closePosition': False, 'side': 'SELL', 'positionSide': 'BOTH', 'stopPrice': '0.00', 'workingType': 'CONTRACT_PRICE', 'priceProtect': False, 'origType': 'LIMIT', 'updateTime': 1689329141690}
2023-07-14 10:05:42,202
{'orderId': 8389765608250969281, 'symbol': 'ETHUSDT', 'status': 'NEW', 'clientOrderId': 'tEOp7gyeNPcTga5mFDszmq', 'price': '1996.55', 'avgPrice': '0.00', 'origQty': '0.025', 'executedQty': '0.000', 'cumQty': '0.000', 'cumQuote': '0.00000', 'timeInForce': 'GTC', 'type': 'LIMIT', 'reduceOnly': False, 'closePosition': False, 'side': 'SELL', 'positionSide': 'BOTH', 'stopPrice': '0.00', 'workingType': 'CONTRACT_PRICE', 'priceProtect': False, 'origType': 'LIMIT', 'updateTime': 1689329142099}
2023-07-14 10:05:43,018
update 0: filled 0 / 2 () | working 2 / 2 (-BTCUSDT,-ETHUSDT)
2023-07-14 10:05:47,019
-BTCUSDT: bp5.0|-ETHUSDT: bp5.0|
2023-07-14 10:05:47,838
update 1: filled 0 / 2 () | working 2 / 2 (-BTCUSDT,-ETHUSDT)
2023-07-14 10:05:51,839
-BTCUSDT: bp5.0|-ETHUSDT: bp5.0|
2023-07-14 10:05:52,654
update 2: filled 0 / 2 () | working 2 / 2 (-BTCUSDT,-ETHUSDT)
2023-07-14 10:05:56,655
-BTCUSDT: bp5.0|-ETHUSDT: bp5.0|
2023-07-14 10:05:57,474
update 3: filled 0 / 2 () | working 2 / 2 (-BTCUSDT,-ETHUSDT)
2023-07-14 10:06:01,474
-BTCUSDT: bp5.0|-ETHUSDT: bp5.0|
2023-07-14 10:06:02,292
update 4: filled 0 / 2 () | working 2 / 2 (-BTCUSDT,-ETHUSDT)
2023-07-14 10:06:06,293
-BTCUSDT: bp5.0|-ETHUSDT: bp5.0|
2023-07-14 10:06:07,114
update 5: filled 0 / 2 () | working 2 / 2 (-BTCUSDT,-ETHUSDT)
2023-07-14 10:06:11,114
-BTCUSDT: bp5.0|-ETHUSDT: bp5.0|
2023-07-14 10:06:11,932
update 6: filled 0 / 2 () | working 2 / 2 (-BTCUSDT,-ETHUSDT)
2023-07-14 10:06:15,933
-BTCUSDT: bp5.0|-ETHUSDT: bp5.0|
2023-07-14 10:06:16,750
update 7: filled 0 / 2 () | working 2 / 2 (-BTCUSDT,-ETHUSDT)
2023-07-14 10:06:20,750
-BTCUSDT: bp5.0|-ETHUSDT: bp5.0|
2023-07-14 10:06:21,571
update 8: filled 0 / 2 () | working 2 / 2 (-BTCUSDT,-ETHUSDT)
2023-07-14 10:06:25,572
-BTCUSDT: bp5.0|-ETHUSDT: bp5.0|
2023-07-14 10:06:26,388
update 9: filled 0 / 2 () | working 2 / 2 (-BTCUSDT,-ETHUSDT)
2023-07-14 10:06:30,389
-BTCUSDT: bp6.0|-ETHUSDT: bp6.0|
2023-07-14 10:06:31,206
update 10: filled 0 / 2 () | working 2 / 2 (-BTCUSDT,-ETHUSDT)
2023-07-14 10:06:35,206
-BTCUSDT: bp5.0|-ETHUSDT: bp6.0|
2023-07-14 10:06:36,023
update 11: filled 0 / 2 () | working 2 / 2 (-BTCUSDT,-ETHUSDT)
2023-07-14 10:06:40,023
-BTCUSDT: bp3.0|-ETHUSDT: bp4.0|
2023-07-14 10:06:40,840
update 12: filled 0 / 2 () | working 2 / 2 (-BTCUSDT,-ETHUSDT)
2023-07-14 10:06:44,841
-BTCUSDT: bp3.0|-ETHUSDT: bp4.0|
2023-07-14 10:06:45,657
update 13: filled 0 / 2 () | working 2 / 2 (-BTCUSDT,-ETHUSDT)
2023-07-14 10:06:49,658
-BTCUSDT: bp3.0|-ETHUSDT: bp4.0|
2023-07-14 10:06:50,477
update 14: filled 0 / 2 () | working 2 / 2 (-BTCUSDT,-ETHUSDT)
2023-07-14 10:06:54,477
-BTCUSDT: bp2.0|-ETHUSDT: bp4.0|
2023-07-14 10:06:54,477
Adjustment limit #1 ... 
 we cancel current orders and replace
2023-07-14 10:06:54,477
@+/-2.5bp limit 
2023-07-14 10:06:54,477
binance_cancel_and_replace_orders_peg 20230714_100654
2023-07-14 10:06:55,711
binance_place_orders_peg 20230714_100655
2023-07-14 10:06:56,120
{'orderId': 171134344145, 'symbol': 'BTCUSDT', 'status': 'NEW', 'clientOrderId': '8nXncBHvNLtT0Cv5O8bBZi', 'price': '31182.60', 'avgPrice': '0.00', 'origQty': '0.002', 'executedQty': '0.000', 'cumQty': '0.000', 'cumQuote': '0.00000', 'timeInForce': 'GTC', 'type': 'LIMIT', 'reduceOnly': False, 'closePosition': False, 'side': 'SELL', 'positionSide': 'BOTH', 'stopPrice': '0.00', 'workingType': 'CONTRACT_PRICE', 'priceProtect': False, 'origType': 'LIMIT', 'updateTime': 1689329216014}
2023-07-14 10:06:56,529
{'orderId': 8389765608251120208, 'symbol': 'ETHUSDT', 'status': 'NEW', 'clientOrderId': 'ShwONdhEAWgtRlH8Duv55n', 'price': '1996.21', 'avgPrice': '0.00', 'origQty': '0.025', 'executedQty': '0.000', 'cumQty': '0.000', 'cumQuote': '0.00000', 'timeInForce': 'GTC', 'type': 'LIMIT', 'reduceOnly': False, 'closePosition': False, 'side': 'SELL', 'positionSide': 'BOTH', 'stopPrice': '0.00', 'workingType': 'CONTRACT_PRICE', 'priceProtect': False, 'origType': 'LIMIT', 'updateTime': 1689329216425}
2023-07-14 10:06:57,346
update 0: filled 0 / 2 () | working 2 / 2 (-BTCUSDT,-ETHUSDT)
2023-07-14 10:07:01,346
-BTCUSDT: bp3.0|-ETHUSDT: bp3.0|
2023-07-14 10:07:02,165
update 1: filled 0 / 2 () | working 2 / 2 (-BTCUSDT,-ETHUSDT)
2023-07-14 10:07:06,166
-BTCUSDT: bp3.0|-ETHUSDT: bp3.0|
2023-07-14 10:07:06,982
update 2: filled 0 / 2 () | working 2 / 2 (-BTCUSDT,-ETHUSDT)
2023-07-14 10:07:10,983
-BTCUSDT: bp3.0|-ETHUSDT: bp3.0|
2023-07-14 10:07:11,802
update 3: filled 0 / 2 () | working 2 / 2 (-BTCUSDT,-ETHUSDT)
2023-07-14 10:07:15,802
-BTCUSDT: bp3.0|-ETHUSDT: bp2.0|
2023-07-14 10:07:16,619
update 4: filled 0 / 2 () | working 2 / 2 (-BTCUSDT,-ETHUSDT)
2023-07-14 10:07:20,619
-BTCUSDT: bp3.0|-ETHUSDT: bp2.0|
2023-07-14 10:07:21,434
update 5: filled 0 / 2 () | working 2 / 2 (-BTCUSDT,-ETHUSDT)
2023-07-14 10:07:25,435
-BTCUSDT: bp3.0|-ETHUSDT: bp0.0|
2023-07-14 10:07:26,251
update 6: filled 1 / 2 (-ETHUSDT) | working 1 / 2 (-BTCUSDT)
2023-07-14 10:07:30,251
-BTCUSDT: bp0.0|
2023-07-14 10:07:31,070
update 7: filled 1 / 2 (-ETHUSDT) | working 1 / 2 (-BTCUSDT)
2023-07-14 10:07:35,070
-BTCUSDT: bp3.0|
2023-07-14 10:07:35,888
update 8: filled 1 / 2 (-ETHUSDT) | working 1 / 2 (-BTCUSDT)
2023-07-14 10:07:39,889
-BTCUSDT: bp4.0|
2023-07-14 10:07:40,706
update 9: filled 1 / 2 (-ETHUSDT) | working 1 / 2 (-BTCUSDT)
2023-07-14 10:07:44,706
-BTCUSDT: bp4.0|
2023-07-14 10:07:45,523
update 10: filled 1 / 2 (-ETHUSDT) | working 1 / 2 (-BTCUSDT)
2023-07-14 10:07:49,524
-BTCUSDT: bp4.0|
2023-07-14 10:07:50,341
update 11: filled 1 / 2 (-ETHUSDT) | working 1 / 2 (-BTCUSDT)
2023-07-14 10:07:54,342
-BTCUSDT: bp4.0|
2023-07-14 10:07:55,160
update 12: filled 1 / 2 (-ETHUSDT) | working 1 / 2 (-BTCUSDT)
2023-07-14 10:07:59,160
-BTCUSDT: bp2.0|
2023-07-14 10:07:59,976
update 13: filled 1 / 2 (-ETHUSDT) | working 1 / 2 (-BTCUSDT)
2023-07-14 10:08:03,977
-BTCUSDT: bp1.0|
2023-07-14 10:08:04,793
update 14: filled 1 / 2 (-ETHUSDT) | working 1 / 2 (-BTCUSDT)
2023-07-14 10:08:08,793
-BTCUSDT: bp1.0|
2023-07-14 10:08:08,794
Adjustment limit #2 ... 
 we cancel current orders and replace
2023-07-14 10:08:08,794
@+/-1.25bp limit 
2023-07-14 10:08:08,794
binance_cancel_and_replace_orders_peg 20230714_100808
2023-07-14 10:08:10,021
binance_place_orders_peg 20230714_100810
2023-07-14 10:08:10,432
{'orderId': 171134693340, 'symbol': 'BTCUSDT', 'status': 'NEW', 'clientOrderId': 'yfJHjAVyexSG7PZ2X8a525', 'price': '31185.60', 'avgPrice': '0.00000', 'origQty': '0.002', 'executedQty': '0', 'cumQty': '0', 'cumQuote': '0', 'timeInForce': 'GTC', 'type': 'LIMIT', 'reduceOnly': False, 'closePosition': False, 'side': 'SELL', 'positionSide': 'BOTH', 'stopPrice': '0', 'workingType': 'CONTRACT_PRICE', 'priceProtect': False, 'origType': 'LIMIT', 'updateTime': 1689329290327}
2023-07-14 10:08:11,247
update 0: filled 1 / 2 (-ETHUSDT) | working 1 / 2 (-BTCUSDT)
2023-07-14 10:08:15,248
-BTCUSDT: bp1.0|
2023-07-14 10:08:16,066
update 1: filled 1 / 2 (-ETHUSDT) | working 1 / 2 (-BTCUSDT)
2023-07-14 10:08:20,066
-BTCUSDT: bp1.0|
2023-07-14 10:08:20,884
update 2: filled 1 / 2 (-ETHUSDT) | working 1 / 2 (-BTCUSDT)
2023-07-14 10:08:24,885
-BTCUSDT: bp2.0|
2023-07-14 10:08:25,703
update 3: filled 1 / 2 (-ETHUSDT) | working 1 / 2 (-BTCUSDT)
2023-07-14 10:08:29,704
-BTCUSDT: bp4.0|
2023-07-14 10:08:30,521
update 4: filled 1 / 2 (-ETHUSDT) | working 1 / 2 (-BTCUSDT)
2023-07-14 10:08:34,521
-BTCUSDT: bp4.0|
2023-07-14 10:08:35,342
update 5: filled 1 / 2 (-ETHUSDT) | working 1 / 2 (-BTCUSDT)
2023-07-14 10:08:39,343
-BTCUSDT: bp3.0|
2023-07-14 10:08:40,161
update 6: filled 1 / 2 (-ETHUSDT) | working 1 / 2 (-BTCUSDT)
2023-07-14 10:08:44,162
-BTCUSDT: bp2.0|
2023-07-14 10:08:44,978
update 7: filled 1 / 2 (-ETHUSDT) | working 1 / 2 (-BTCUSDT)
2023-07-14 10:08:48,979
-BTCUSDT: bp1.0|
2023-07-14 10:08:49,795
update 8: filled 1 / 2 (-ETHUSDT) | working 1 / 2 (-BTCUSDT)
2023-07-14 10:08:53,796
-BTCUSDT: bp1.0|
2023-07-14 10:08:54,615
update 9: filled 1 / 2 (-ETHUSDT) | working 1 / 2 (-BTCUSDT)
2023-07-14 10:08:58,615
-BTCUSDT: bp1.0|
2023-07-14 10:08:59,434
update 10: filled 1 / 2 (-ETHUSDT) | working 1 / 2 (-BTCUSDT)
2023-07-14 10:09:03,434
-BTCUSDT: bp3.0|
2023-07-14 10:09:04,252
update 11: filled 1 / 2 (-ETHUSDT) | working 1 / 2 (-BTCUSDT)
2023-07-14 10:09:08,252
-BTCUSDT: bp3.0|
2023-07-14 10:09:09,082
update 12: filled 1 / 2 (-ETHUSDT) | working 1 / 2 (-BTCUSDT)
2023-07-14 10:09:13,082
-BTCUSDT: bp3.0|
2023-07-14 10:09:13,899
update 13: filled 1 / 2 (-ETHUSDT) | working 1 / 2 (-BTCUSDT)
2023-07-14 10:09:17,900
-BTCUSDT: bp3.0|
2023-07-14 10:09:18,717
update 14: filled 1 / 2 (-ETHUSDT) | working 1 / 2 (-BTCUSDT)
2023-07-14 10:09:22,718
-BTCUSDT: bp3.0|
2023-07-14 10:09:22,718
Adjustment limit #3 ... 
 we cancel current orders and replace
2023-07-14 10:09:22,718
@+/-0.625bp limit 
2023-07-14 10:09:22,718
binance_cancel_and_replace_orders_peg 20230714_100922
2023-07-14 10:09:23,945
binance_place_orders_peg 20230714_100923
2023-07-14 10:09:24,355
{'orderId': 171135025568, 'symbol': 'BTCUSDT', 'status': 'NEW', 'clientOrderId': 'TMoQH79wj7iGEudYIRxydQ', 'price': '31177.70', 'avgPrice': '0.00', 'origQty': '0.002', 'executedQty': '0.000', 'cumQty': '0.000', 'cumQuote': '0.00000', 'timeInForce': 'GTC', 'type': 'LIMIT', 'reduceOnly': False, 'closePosition': False, 'side': 'SELL', 'positionSide': 'BOTH', 'stopPrice': '0.00', 'workingType': 'CONTRACT_PRICE', 'priceProtect': False, 'origType': 'LIMIT', 'updateTime': 1689329364250}
2023-07-14 10:09:25,172
update 0: filled 1 / 2 (-ETHUSDT) | working 1 / 2 (-BTCUSDT)
2023-07-14 10:09:29,172
-BTCUSDT: bp1.0|
2023-07-14 10:09:29,988
update 1: filled 1 / 2 (-ETHUSDT) | working 1 / 2 (-BTCUSDT)
2023-07-14 10:09:33,989
-BTCUSDT: bp1.0|
2023-07-14 10:09:34,806
update 2: filled 1 / 2 (-ETHUSDT) | working 1 / 2 (-BTCUSDT)
2023-07-14 10:09:38,807
-BTCUSDT: bp2.0|
2023-07-14 10:09:39,627
update 3: filled 1 / 2 (-ETHUSDT) | working 1 / 2 (-BTCUSDT)
2023-07-14 10:09:43,627
-BTCUSDT: bp1.0|
2023-07-14 10:09:44,443
update 4: filled 1 / 2 (-ETHUSDT) | working 1 / 2 (-BTCUSDT)
2023-07-14 10:09:48,444
-BTCUSDT: bp0.0|
2023-07-14 10:09:49,259
update 5: filled 1 / 2 (-ETHUSDT) | working 1 / 2 (-BTCUSDT)
2023-07-14 10:09:53,260
-BTCUSDT: bp0.0|
2023-07-14 10:09:54,077
update 6: filled 1 / 2 (-ETHUSDT) | working 1 / 2 (-BTCUSDT)
2023-07-14 10:09:58,078
-BTCUSDT: bp0.0|
2023-07-14 10:09:58,897
update 7: filled 1 / 2 (-ETHUSDT) | working 1 / 2 (-BTCUSDT)
2023-07-14 10:10:02,898
-BTCUSDT: bp2.0|
2023-07-14 10:10:03,717
update 8: filled 1 / 2 (-ETHUSDT) | working 1 / 2 (-BTCUSDT)
2023-07-14 10:10:07,717
-BTCUSDT: bp2.0|
2023-07-14 10:10:08,534
update 9: filled 1 / 2 (-ETHUSDT) | working 1 / 2 (-BTCUSDT)
2023-07-14 10:10:12,535
-BTCUSDT: bp3.0|
2023-07-14 10:10:13,352
update 10: filled 1 / 2 (-ETHUSDT) | working 1 / 2 (-BTCUSDT)
2023-07-14 10:10:17,353
-BTCUSDT: bp3.0|
2023-07-14 10:10:18,177
update 11: filled 1 / 2 (-ETHUSDT) | working 1 / 2 (-BTCUSDT)
2023-07-14 10:10:22,181
-BTCUSDT: bp3.0|
2023-07-14 10:10:22,999
update 12: filled 1 / 2 (-ETHUSDT) | working 1 / 2 (-BTCUSDT)
2023-07-14 10:10:27,000
-BTCUSDT: bp3.0|
2023-07-14 10:10:27,817
update 13: filled 1 / 2 (-ETHUSDT) | working 1 / 2 (-BTCUSDT)
2023-07-14 10:10:31,818
-BTCUSDT: bp2.0|
2023-07-14 10:10:32,634
update 14: filled 1 / 2 (-ETHUSDT) | working 1 / 2 (-BTCUSDT)
2023-07-14 10:10:36,635
-BTCUSDT: bp2.0|
2023-07-14 10:10:36,635
Adjustment limit #4 ... 
 we cancel current orders and replace
2023-07-14 10:10:36,635
@+/-0.3125bp limit 
2023-07-14 10:10:36,635
binance_cancel_and_replace_orders_peg 20230714_101036
2023-07-14 10:10:37,867
binance_place_orders_peg 20230714_101037
2023-07-14 10:10:38,288
{'orderId': 171135270003, 'symbol': 'BTCUSDT', 'status': 'NEW', 'clientOrderId': 'LugFZypbWK5H5PVMneF4YH', 'price': '31171.00', 'avgPrice': '0.00', 'origQty': '0.002', 'executedQty': '0.000', 'cumQty': '0.000', 'cumQuote': '0.00000', 'timeInForce': 'GTC', 'type': 'LIMIT', 'reduceOnly': False, 'closePosition': False, 'side': 'SELL', 'positionSide': 'BOTH', 'stopPrice': '0.00', 'workingType': 'CONTRACT_PRICE', 'priceProtect': False, 'origType': 'LIMIT', 'updateTime': 1689329438182}
2023-07-14 10:10:39,107
update 0: filled 1 / 2 (-ETHUSDT) | working 1 / 2 (-BTCUSDT)
2023-07-14 10:10:43,108
-BTCUSDT: bp0.0|
2023-07-14 10:10:43,930
update 1: filled 1 / 2 (-ETHUSDT) | working 1 / 2 (-BTCUSDT)
2023-07-14 10:10:47,930
-BTCUSDT: bp1.0|
2023-07-14 10:10:48,749
update 2: filled 1 / 2 (-ETHUSDT) | working 1 / 2 (-BTCUSDT)
2023-07-14 10:10:52,750
-BTCUSDT: bp1.0|
2023-07-14 10:10:53,566
update 3: filled 1 / 2 (-ETHUSDT) | working 1 / 2 (-BTCUSDT)
2023-07-14 10:10:57,567
-BTCUSDT: bp1.0|
2023-07-14 10:10:58,384
update 4: filled 1 / 2 (-ETHUSDT) | working 1 / 2 (-BTCUSDT)
2023-07-14 10:11:02,385
-BTCUSDT: bp1.0|
2023-07-14 10:11:03,217
update 5: filled 1 / 2 (-ETHUSDT) | working 1 / 2 (-BTCUSDT)
2023-07-14 10:11:07,218
-BTCUSDT: bp1.0|
2023-07-14 10:11:08,036
update 6: filled 1 / 2 (-ETHUSDT) | working 1 / 2 (-BTCUSDT)
2023-07-14 10:11:12,036
-BTCUSDT: bp2.0|
2023-07-14 10:11:12,853
update 7: filled 1 / 2 (-ETHUSDT) | working 1 / 2 (-BTCUSDT)
2023-07-14 10:11:16,854
-BTCUSDT: bp2.0|
2023-07-14 10:11:17,670
update 8: filled 1 / 2 (-ETHUSDT) | working 1 / 2 (-BTCUSDT)
2023-07-14 10:11:21,671
-BTCUSDT: bp2.0|
2023-07-14 10:11:22,489
update 9: filled 1 / 2 (-ETHUSDT) | working 1 / 2 (-BTCUSDT)
2023-07-14 10:11:26,490
-BTCUSDT: bp3.0|
2023-07-14 10:11:27,313
update 10: filled 1 / 2 (-ETHUSDT) | working 1 / 2 (-BTCUSDT)
2023-07-14 10:11:31,314
-BTCUSDT: bp3.0|
2023-07-14 10:11:32,140
update 11: filled 1 / 2 (-ETHUSDT) | working 1 / 2 (-BTCUSDT)
2023-07-14 10:11:36,141
-BTCUSDT: bp3.0|
2023-07-14 10:11:36,957
update 12: filled 1 / 2 (-ETHUSDT) | working 1 / 2 (-BTCUSDT)
2023-07-14 10:11:40,958
-BTCUSDT: bp3.0|
2023-07-14 10:11:41,776
update 13: filled 1 / 2 (-ETHUSDT) | working 1 / 2 (-BTCUSDT)
2023-07-14 10:11:45,777
-BTCUSDT: bp3.0|
2023-07-14 10:11:46,596
update 14: filled 1 / 2 (-ETHUSDT) | working 1 / 2 (-BTCUSDT)
2023-07-14 10:11:50,597
-BTCUSDT: bp3.0|
2023-07-14 10:11:50,597
Adjustment limit #5 ... 
 we cancel current orders and replace
2023-07-14 10:11:50,597
@+/-0.15625bp limit 
2023-07-14 10:11:50,597
binance_cancel_and_replace_orders_peg 20230714_101150
2023-07-14 10:11:51,832
binance_place_orders_peg 20230714_101151
2023-07-14 10:11:52,240
{'orderId': 171135489767, 'symbol': 'BTCUSDT', 'status': 'NEW', 'clientOrderId': 'WOAQpy8UaoeT9lCdarFWUf', 'price': '31162.60', 'avgPrice': '0.00', 'origQty': '0.002', 'executedQty': '0.000', 'cumQty': '0.000', 'cumQuote': '0.00000', 'timeInForce': 'GTC', 'type': 'LIMIT', 'reduceOnly': False, 'closePosition': False, 'side': 'SELL', 'positionSide': 'BOTH', 'stopPrice': '0.00', 'workingType': 'CONTRACT_PRICE', 'priceProtect': False, 'origType': 'LIMIT', 'updateTime': 1689329512135}
2023-07-14 10:11:53,055
update 0: filled 1 / 2 (-ETHUSDT) | working 1 / 2 (-BTCUSDT)
2023-07-14 10:11:57,055
-BTCUSDT: bp0.0|
2023-07-14 10:11:57,872
update 1: filled 1 / 2 (-ETHUSDT) | working 1 / 2 (-BTCUSDT)
2023-07-14 10:12:01,872
-BTCUSDT: bp0.0|
2023-07-14 10:12:02,690
update 2: filled 1 / 2 (-ETHUSDT) | working 1 / 2 (-BTCUSDT)
2023-07-14 10:12:06,691
-BTCUSDT: bp0.0|
2023-07-14 10:12:07,509
update 3: filled 1 / 2 (-ETHUSDT) | working 1 / 2 (-BTCUSDT)
2023-07-14 10:12:11,510
-BTCUSDT: bp1.0|
2023-07-14 10:12:12,326
update 4: filled 1 / 2 (-ETHUSDT) | working 1 / 2 (-BTCUSDT)
2023-07-14 10:12:16,327
-BTCUSDT: bp1.0|
2023-07-14 10:12:17,187
update 5: filled 1 / 2 (-ETHUSDT) | working 1 / 2 (-BTCUSDT)
2023-07-14 10:12:21,188
-BTCUSDT: bp1.0|
2023-07-14 10:12:22,005
update 6: filled 1 / 2 (-ETHUSDT) | working 1 / 2 (-BTCUSDT)
2023-07-14 10:12:26,006
-BTCUSDT: bp1.0|
2023-07-14 10:12:26,825
update 7: filled 1 / 2 (-ETHUSDT) | working 1 / 2 (-BTCUSDT)
2023-07-14 10:12:30,826
-BTCUSDT: bp2.0|
2023-07-14 10:12:31,647
update 8: filled 1 / 1 (-ETHUSDT) | working 0 / 1 ()
2023-07-14 10:12:35,647

2023-07-14 10:12:36,465
update 9: filled 1 / 1 (-ETHUSDT) | working 0 / 1 ()
2023-07-14 10:12:40,466

2023-07-14 10:12:41,282
update 10: filled 1 / 1 (-ETHUSDT) | working 0 / 1 ()
2023-07-14 10:12:45,283

2023-07-14 10:12:46,102
update 11: filled 1 / 1 (-ETHUSDT) | working 0 / 1 ()
2023-07-14 10:12:50,102

2023-07-14 10:12:50,920
update 12: filled 1 / 1 (-ETHUSDT) | working 0 / 1 ()
2023-07-14 10:12:54,921

2023-07-14 10:12:55,737
update 13: filled 1 / 1 (-ETHUSDT) | working 0 / 1 ()
2023-07-14 10:12:59,737

2023-07-14 10:13:00,564
update 14: filled 1 / 1 (-ETHUSDT) | working 0 / 1 ()
2023-07-14 10:13:04,565

2023-07-14 10:13:04,565
Adjustment limit #6 ... 
 we cancel current orders and replace
2023-07-14 10:13:04,565
@+/-0.078125bp limit 
2023-07-14 10:13:04,565
binance_cancel_and_replace_orders_peg 20230714_101304
2023-07-14 10:13:05,795
binance_place_orders_peg 20230714_101305
2023-07-14 10:13:06,207
{'orderId': 171135729166, 'symbol': 'BTCUSDT', 'status': 'NEW', 'clientOrderId': 'pzZUWCVftQ4S1YhMF1HzYz', 'price': '31167.80', 'avgPrice': '0.00', 'origQty': '0.002', 'executedQty': '0.000', 'cumQty': '0.000', 'cumQuote': '0.00000', 'timeInForce': 'GTC', 'type': 'LIMIT', 'reduceOnly': False, 'closePosition': False, 'side': 'SELL', 'positionSide': 'BOTH', 'stopPrice': '0.00', 'workingType': 'CONTRACT_PRICE', 'priceProtect': False, 'origType': 'LIMIT', 'updateTime': 1689329586101}
2023-07-14 10:13:07,030
update 0: filled 1 / 2 (-ETHUSDT) | working 1 / 2 (-BTCUSDT)
2023-07-14 10:13:11,031
-BTCUSDT: bp0.0|
2023-07-14 10:13:11,849
update 1: filled 1 / 2 (-ETHUSDT) | working 1 / 2 (-BTCUSDT)
2023-07-14 10:13:15,850
-BTCUSDT: bp0.0|
2023-07-14 10:13:16,667
update 2: filled 1 / 2 (-ETHUSDT) | working 1 / 2 (-BTCUSDT)
2023-07-14 10:13:20,668
-BTCUSDT: bp0.0|
2023-07-14 10:13:21,495
update 3: filled 1 / 2 (-ETHUSDT) | working 1 / 2 (-BTCUSDT)
2023-07-14 10:13:25,496
-BTCUSDT: bp0.0|
2023-07-14 10:13:26,314
update 4: filled 1 / 2 (-ETHUSDT) | working 1 / 2 (-BTCUSDT)
2023-07-14 10:13:30,315
-BTCUSDT: bp0.0|
2023-07-14 10:13:31,135
update 5: filled 1 / 2 (-ETHUSDT) | working 1 / 2 (-BTCUSDT)
2023-07-14 10:13:35,136
-BTCUSDT: bp0.0|
2023-07-14 10:13:35,953
update 6: filled 1 / 2 (-ETHUSDT) | working 1 / 2 (-BTCUSDT)
2023-07-14 10:13:39,953
-BTCUSDT: bp1.0|
2023-07-14 10:13:40,771
update 7: filled 1 / 2 (-ETHUSDT) | working 1 / 2 (-BTCUSDT)
2023-07-14 10:13:44,772
-BTCUSDT: bp1.0|
2023-07-14 10:13:45,590
update 8: filled 1 / 2 (-ETHUSDT) | working 1 / 2 (-BTCUSDT)
2023-07-14 10:13:49,591
-BTCUSDT: bp1.0|
2023-07-14 10:13:50,411
update 9: filled 1 / 2 (-ETHUSDT) | working 1 / 2 (-BTCUSDT)
2023-07-14 10:13:54,412
-BTCUSDT: bp1.0|
2023-07-14 10:13:55,233
update 10: filled 1 / 2 (-ETHUSDT) | working 1 / 2 (-BTCUSDT)
2023-07-14 10:13:59,234
-BTCUSDT: bp1.0|
2023-07-14 10:14:00,051
update 11: filled 1 / 2 (-ETHUSDT) | working 1 / 2 (-BTCUSDT)
2023-07-14 10:14:04,051
-BTCUSDT: bp2.0|
2023-07-14 10:14:04,868
update 12: filled 1 / 2 (-ETHUSDT) | working 1 / 2 (-BTCUSDT)
2023-07-14 10:14:08,868
-BTCUSDT: bp3.0|
2023-07-14 10:14:09,686
update 13: filled 1 / 2 (-ETHUSDT) | working 1 / 2 (-BTCUSDT)
2023-07-14 10:14:13,687
-BTCUSDT: bp3.0|
2023-07-14 10:14:14,503
update 14: filled 1 / 2 (-ETHUSDT) | working 1 / 2 (-BTCUSDT)
2023-07-14 10:14:18,504
-BTCUSDT: bp2.0|
2023-07-14 10:14:18,504
Adjustment limit #7 ... 
 we cancel current orders and replace
2023-07-14 10:14:18,504
@+/-0.0390625bp limit 
2023-07-14 10:14:18,504
binance_cancel_and_replace_orders_peg 20230714_101418
2023-07-14 10:14:19,733
binance_place_orders_peg 20230714_101419
2023-07-14 10:14:20,142
{'orderId': 171136045813, 'symbol': 'BTCUSDT', 'status': 'NEW', 'clientOrderId': 'UiJdsCNMElJnvj6w7IiTeA', 'price': '31165.50', 'avgPrice': '0.00', 'origQty': '0.002', 'executedQty': '0.000', 'cumQty': '0.000', 'cumQuote': '0.00000', 'timeInForce': 'GTC', 'type': 'LIMIT', 'reduceOnly': False, 'closePosition': False, 'side': 'SELL', 'positionSide': 'BOTH', 'stopPrice': '0.00', 'workingType': 'CONTRACT_PRICE', 'priceProtect': False, 'origType': 'LIMIT', 'updateTime': 1689329660036}
2023-07-14 10:14:20,957
update 0: filled 1 / 2 (-ETHUSDT) | working 1 / 2 (-BTCUSDT)
2023-07-14 10:14:24,958
-BTCUSDT: bp0.0|
2023-07-14 10:14:25,776
update 1: filled 1 / 2 (-ETHUSDT) | working 1 / 2 (-BTCUSDT)
2023-07-14 10:14:29,777
-BTCUSDT: bp0.0|
2023-07-14 10:14:30,595
update 2: filled 1 / 2 (-ETHUSDT) | working 1 / 2 (-BTCUSDT)
2023-07-14 10:14:34,595
-BTCUSDT: bp0.0|
2023-07-14 10:14:35,412
update 3: filled 1 / 2 (-ETHUSDT) | working 1 / 2 (-BTCUSDT)
2023-07-14 10:14:39,413
-BTCUSDT: bp0.0|
2023-07-14 10:14:40,229
update 4: filled 1 / 2 (-ETHUSDT) | working 1 / 2 (-BTCUSDT)
2023-07-14 10:14:44,230
-BTCUSDT: bp0.0|
2023-07-14 10:14:45,047
update 5: filled 1 / 2 (-ETHUSDT) | working 1 / 2 (-BTCUSDT)
2023-07-14 10:14:49,048
-BTCUSDT: bp0.0|
2023-07-14 10:14:49,864
update 6: filled 1 / 2 (-ETHUSDT) | working 1 / 2 (-BTCUSDT)
2023-07-14 10:14:53,865
-BTCUSDT: bp0.0|
2023-07-14 10:14:54,683
update 7: filled 1 / 2 (-ETHUSDT) | working 1 / 2 (-BTCUSDT)
2023-07-14 10:14:58,684
-BTCUSDT: bp0.0|
2023-07-14 10:14:59,501
update 8: filled 1 / 2 (-ETHUSDT) | working 1 / 2 (-BTCUSDT)
2023-07-14 10:15:03,502
-BTCUSDT: bp0.0|
2023-07-14 10:15:04,317
update 9: filled 1 / 2 (-ETHUSDT) | working 1 / 2 (-BTCUSDT)
2023-07-14 10:15:08,318
-BTCUSDT: bp2.0|
2023-07-14 10:15:09,134
update 10: filled 1 / 2 (-ETHUSDT) | working 1 / 2 (-BTCUSDT)
2023-07-14 10:15:13,135
-BTCUSDT: bp2.0|
2023-07-14 10:15:13,967
update 11: filled 1 / 2 (-ETHUSDT) | working 1 / 2 (-BTCUSDT)
2023-07-14 10:15:17,967
-BTCUSDT: bp3.0|
2023-07-14 10:15:18,786
update 12: filled 1 / 2 (-ETHUSDT) | working 1 / 2 (-BTCUSDT)
2023-07-14 10:15:22,787
-BTCUSDT: bp3.0|
2023-07-14 10:15:23,603
update 13: filled 1 / 2 (-ETHUSDT) | working 1 / 2 (-BTCUSDT)
2023-07-14 10:15:27,604
-BTCUSDT: bp3.0|
2023-07-14 10:15:28,423
update 14: filled 1 / 2 (-ETHUSDT) | working 1 / 2 (-BTCUSDT)
2023-07-14 10:15:32,424
-BTCUSDT: bp3.0|
2023-07-14 10:15:32,424
Adjustment limit #8 ... 
 we cancel current orders and replace
2023-07-14 10:15:32,424
@+/-0.01953125bp limit 
2023-07-14 10:15:32,424
binance_cancel_and_replace_orders_peg 20230714_101532
2023-07-14 10:15:33,657
binance_place_orders_peg 20230714_101533
2023-07-14 10:15:34,069
{'orderId': 171136293186, 'symbol': 'BTCUSDT', 'status': 'NEW', 'clientOrderId': 'p2wR32rMHZFy70mCgSXaOi', 'price': '31163.90', 'avgPrice': '0.00', 'origQty': '0.002', 'executedQty': '0.000', 'cumQty': '0.000', 'cumQuote': '0.00000', 'timeInForce': 'GTC', 'type': 'LIMIT', 'reduceOnly': False, 'closePosition': False, 'side': 'SELL', 'positionSide': 'BOTH', 'stopPrice': '0.00', 'workingType': 'CONTRACT_PRICE', 'priceProtect': False, 'origType': 'LIMIT', 'updateTime': 1689329733963}
2023-07-14 10:15:34,890
update 0: filled 1 / 2 (-ETHUSDT) | working 1 / 2 (-BTCUSDT)
2023-07-14 10:15:38,890
-BTCUSDT: bp0.0|
2023-07-14 10:15:39,707
update 1: filled 2 / 2 (-ETHUSDT,-BTCUSDT) | working 0 / 2 ()
2023-07-14 10:15:44,340
Trades of the day
in$
as of: 14Jul 10:07>>10:15 (#trades: 2)
trade net: -112.0 (-37.6%), trade gross: +112.0 (+37.6%), BUY: +0.0 (+0.0%), SELL: -112.0 (-37.6%)
fees: $ 0.018 (1.6bp)
2023-07-14 10:15:44,766
Trades: 
Filled #2
______________________________________________
                   in$ | in bp 112 traded | in bp 297 AUMs
realizedPnl    +0.5    | +45     | +17    
PnLvsArrival   +0.02   | +2      | +1     
PnLvsLast      +0.02   | +2      | +1     
______________________________________________
                 | Value$ | PnL Arrival/Last 
______________________________________________
BTC:-0.002@31163.9 | -62$ | -0/-0.01
ETH:-0.025@1996.21 | -50$ | 0.02/0.03
2023-07-14 10:15:45,288
***************************
Positions after orders
***************************
2023-07-14 10:15:45,288
      symbol  qty_ptf    execP  ...   updateTime   AUMs     w%
215  BTCUSDT   -0.002  31173.2  ...  14Jul-10:15  297.7 -0.209

[1 rows x 9 columns]
2023-07-14 10:15:45,294
***************************
