2023-07-09 19:48:07,423
ON program started 20230709 19:48:07,
US time: 20230709 14:48:07
2023-07-09 19:48:07,477
programm stoppeddd!!! 20230709_194807
2023-07-09 19:48:08,147
the strat is currently running @ 09-07-2023 and the target positions is LONG
2023-07-09 19:48:09,693
CURRENT STATUS IS LONG
-----
return before 14h30:
BTCUSDT+0.00%, ETHUSDT-0.01%, XRPUSDT-0.02%
-----
target alloc initial:BTCUSDT+50.00%, ETHUSDT+50.00%, XRPUSDT+50.00%
-----
alloc target x rt%<0:BTCUSDT+50.00%, ETHUSDT+50.00%, XRPUSDT+50.00%
-----
           BTCUSDT ETHUSDT XRPUSDT
w_target     50.0%   50.0%   50.0%
rt_14h30     0.00%  -0.00%  -0.00%
w_target_f   50.0%   50.0%   50.0%
2023-07-09 19:48:09,713
Portfolio was rebalanced less than 2 hours ago, 0.0 hours ago
2023-07-09 19:48:09,718
Status: prev = LONG <> LONG = target
2023-07-09 19:48:09,719
the strat is currently running @ 09-07-2023 and the target positions is LONG
the strat was previously run @ 2023-07-09 18:47:39 UTC, success:? 
   and the current positions is LONG
2023-07-09 19:48:11,124
positions_future #3
2023-07-09 19:48:11,125
      symbol  positionAmt entryPrice       markPrice  unRealizedProfit  \
215  BTCUSDT        0.005    30257.2  30252.36094804         -0.024195   
133  ETHUSDT        0.081    1866.45   1867.17409507          0.058652   
107  XRPUSDT      322.200     0.4693      0.46930000          0.000000   

      value_usd   updateTime  AUMs_account        w%  
215  151.261805  09Jul-18:38         302.3  0.500394  
133  151.241102  09Jul-18:36         302.3  0.500325  
107  151.208460  09Jul-18:39         302.3  0.500217  
2023-07-09 19:48:11,452
------------------------------
binance_account_balance
2023-07-09 19:48:11,452
  asset     balance withdrawAvailable   updateTime
7  USDT  302.251089      279.58629031  09Jul-18:39
2023-07-09 19:48:12,586
------------------------------
open_orders
2023-07-09 19:48:12,586
                                      0                           1  \
symbol                          BTCUSDT                     ETHUSDT   
status                              NEW                         NEW   
price                                 0                           0   
avgPrice                              0                           0   
origQty                           0.005                       0.081   
executedQty                           0                           0   
type                        STOP_MARKET                 STOP_MARKET   
side                               SELL                        SELL   
stopPrice                      28740.30                     1772.96   
time         2023-07-09 18:40:04.891000  2023-07-09 18:40:05.968000   
updateTime   2023-07-09 18:40:04.891000  2023-07-09 18:40:05.968000   

                                      2  
symbol                          XRPUSDT  
status                              NEW  
price                                 0  
avgPrice                              0  
origQty                           322.2  
executedQty                           0  
type                        STOP_MARKET  
side                               SELL  
stopPrice                        0.4458  
time         2023-07-09 18:40:05.433000  
updateTime   2023-07-09 18:40:05.433000  
2023-07-09 19:48:16,630
------------------------------
AUMS account:302

2023-07-09 19:48:16,678
--------------- compute_futures_order_book() ----------------
2023-07-09 19:48:18,346
----------------------------------------------------------------------
#0 order(s) to place
gross$: 0$ | net$: +0$
gross%: 0% | net%: +0%
 || w>0%  +0% | w<0%  0%
----------------------------------------------------------------------
PTF Expo% 149.8% >> 150.0% (current>>target)
PTF expo $453.0 >> $453 (current>>target)
----------------------------------------------------------------------
2023-07-09 19:48:18,374
orders_ofthe_day
2023-07-09 19:48:18,374
Empty DataFrame
Columns: [ptf_usd, target_usd, totrd_usd, posttrd_usd, qty, posttrd_qty, posttrd_w, bid, ask]
Index: []
2023-07-09 19:48:18,396
Orders of the day is empty, current and target potfolios are aligned
2023-07-09 19:48:18,397
Program stopped
