2023-07-09 09:02:42,936
ON program started 20230709 09:02:42,
US time: 20230709 04:02:42
2023-07-09 09:02:42,972
the strat is currently running @ 09-07-2023 and the target positions is NEUTRAL
2023-07-09 09:02:44,964
CURRENT STATUS IS NEUTRAL
-----
return before 14h30:
BTCUSDT-0.08%, ETHUSDT-0.02%, XRPUSDT-0.23%
-----
target alloc initial:BTCUSDT+0.00%, ETHUSDT+0.00%, XRPUSDT+0.00%
-----
alloc target x rt%<0:BTCUSDT+0.00%, ETHUSDT+0.00%, XRPUSDT+0.00%
-----
           BTCUSDT ETHUSDT XRPUSDT
w_target      0.0%    0.0%    0.0%
rt_14h30    -0.00%  -0.00%  -0.00%
w_target_f    0.0%    0.0%    0.0%
2023-07-09 09:02:44,966
Portfolio was rebalanced less than 2 hours ago, 0.3 hours ago
2023-07-09 09:02:44,971
Status: prev = NEUTRAL <> NEUTRAL = target
2023-07-09 09:02:44,977
the strat is currently running @ 09-07-2023 and the target positions is NEUTRAL
the strat was previously run @ 2023-07-08 07:47:15 UTC, success:yes 
   and the current positions is NEUTRAL
2023-07-09 09:02:46,353
positions_future #0
2023-07-09 09:02:46,353
Empty DataFrame
Columns: [symbol, positionAmt, entryPrice, markPrice, unRealizedProfit, value_usd, updateTime, AUMs_account, w%]
Index: []
2023-07-09 09:02:46,359
programm stoppeddd!!! 20230709_090246
