2023-07-15 12:30:33,703
ON program started 20230715 12:30:33,
US time: 20230715 08:30:33
2023-07-15 12:30:34,074
the strat is currently running @ 15-07-2023 and the target positions is NEUTRAL
2023-07-15 12:30:35,388
CURRENT STATUS IS NEUTRAL
-----
return before 14h30:
BTCUSDT+0.21%, ETHUSDT+0.56%, XRPUSDT+0.87%
-----
target alloc initial:BTCUSDT+0.00%, ETHUSDT+0.00%, XRPUSDT+0.00%
-----
alloc target x rt%<0:BTCUSDT+0.00%, ETHUSDT+0.00%, XRPUSDT+0.00%
-----
           BTCUSDT ETHUSDT XRPUSDT
w_target      0.0%    0.0%    0.0%
rt_14h30     0.00%   0.01%   0.01%
w_target_f    0.0%    0.0%    0.0%
2023-07-15 12:30:35,390
Portfolio was rebalanced less than 2 hours ago, 1.8 hours ago
2023-07-15 12:30:35,393
Status: prev = NEUTRAL <> NEUTRAL = target
2023-07-15 12:30:35,393
the strat is currently running @ 15-07-2023 and the target positions is NEUTRAL
the strat was previously run @ 2023-07-14 10:41:32 UTC, success:yes 
   and the current positions is NEUTRAL
2023-07-15 12:30:36,514
positions_future #0
2023-07-15 12:30:36,514
Empty DataFrame
Columns: [symbol, positionAmt, entryPrice, markPrice, unRealizedProfit, value_usd, updateTime, AUMs_account, w%]
Index: []
2023-07-15 12:30:36,515
programm stoppeddd!!! 20230715_123036
