2023-07-16 02:30:24,999
ON program started 20230716 02:30:24,
US time: 20230715 22:30:24
2023-07-16 02:30:25,410
the strat is currently running @ 16-07-2023 and the target positions is NEUTRAL
2023-07-16 02:30:26,729
CURRENT STATUS IS NEUTRAL
-----
return before 14h30:
BTCUSDT+0.00%, ETHUSDT+0.00%, XRPUSDT+0.00%
-----
target alloc initial:BTCUSDT+0.00%, ETHUSDT+0.00%, XRPUSDT+0.00%
-----
alloc target x rt%<0:BTCUSDT+0.00%, ETHUSDT+0.00%, XRPUSDT+0.00%
-----
           BTCUSDT ETHUSDT XRPUSDT
w_target      0.0%    0.0%    0.0%
rt_14h30     0.00%   0.00%   0.00%
w_target_f    0.0%    0.0%    0.0%
2023-07-16 02:30:26,730
Portfolio was rebalanced less than 2 hours ago, 15.8 hours ago
2023-07-16 02:30:26,733
Status: prev = NEUTRAL <> NEUTRAL = target
2023-07-16 02:30:26,734
the strat is currently running @ 16-07-2023 and the target positions is NEUTRAL
the strat was previously run @ 2023-07-14 10:41:32 UTC, success:yes 
   and the current positions is NEUTRAL
2023-07-16 02:30:27,818

------------------------------
SOMETHING WENT WRONG : status is NEUTRAL but still some positions, we cut evrything
2023-07-16 02:30:27,818
positions_future #1
2023-07-16 02:30:27,818
      symbol  positionAmt entryPrice  ...   updateTime  AUMs_account        w%
107  XRPUSDT        -17.4     0.7177  ...  15Jul-22:31         297.6 -0.041534

[1 rows x 9 columns]
2023-07-16 02:30:28,045
------------------------------
binance_account_balance
2023-07-16 02:30:28,045
  asset     balance withdrawAvailable   updateTime
7  USDT  297.502506      297.00622083  15Jul-22:34
2023-07-16 02:30:28,468
------------------------------
open_orders
2023-07-16 02:30:28,468
                                      0
symbol                          XRPUSDT
status                              NEW
price                                 0
avgPrice                              0
origQty                            17.4
executedQty                           0
type                        STOP_MARKET
side                                BUY
stopPrice                        0.7533
time         2023-07-15 22:34:18.901000
updateTime   2023-07-15 22:34:18.901000
2023-07-16 02:30:30,388
------------------------------
AUMS account:297

2023-07-16 02:30:30,389
--------------- compute_futures_order_book() ----------------
2023-07-16 02:30:31,655
----------------------------------------------------------------------
#1 order(s) to place
gross$: 12$ | net$: +12$
gross%: 4% | net%: +4%
 || w>0%  +4% | w<0%  0%
----------------------------------------------------------------------
PTF Expo% -4.0% >> 0.0% (current>>target)
PTF expo $-12.0 >> $0 (current>>target)
----------------------------------------------------------------------
2023-07-16 02:30:31,657
orders_ofthe_day
2023-07-16 02:30:31,657
                  ptf_usd  target_usd  totrd_usd  ...  posttrd_w     bid     ask
2023-07-16 02:30                                  ...                           
XRPUSDT             -12.0         0.0       12.0  ...        0.0  0.7108  0.7109

[1 rows x 9 columns]
2023-07-16 02:30:32,768
binance_place_orders_peg 20230716_023032
2023-07-16 02:30:33,180
{'orderId': 37112383899, 'symbol': 'XRPUSDT', 'status': 'NEW', 'clientOrderId': 'FhOEDr8tiC5ghUCflfdX1H', 'price': '0.7105', 'avgPrice': '0.00', 'origQty': '17.4', 'executedQty': '0.0', 'cumQty': '0.0', 'cumQuote': '0.00000', 'timeInForce': 'GTC', 'type': 'LIMIT', 'reduceOnly': False, 'closePosition': False, 'side': 'BUY', 'positionSide': 'BOTH', 'stopPrice': '0.0000', 'workingType': 'CONTRACT_PRICE', 'priceProtect': False, 'origType': 'LIMIT', 'updateTime': 1689474633075}
2023-07-16 02:30:33,595
update 0: filled 0 / 1 () | working 1 / 1 (+XRPUSDT)
2023-07-16 02:30:37,595
+XRPUSDT: bp10.0|
2023-07-16 02:30:38,010
update 1: filled 1 / 1 (+XRPUSDT) | working 0 / 1 ()
2023-07-16 02:30:43,067
Trades of the day
in$
as of: 16Jul 02:30>>02:30 (#trades: 1)
trade net: +12.0 (+4.0%), trade gross: +12.0 (+4.0%), BUY: +12.0 (+4.0%), SELL: +0.0 (+0.0%)
fees: $ 0.002 (1.6bp)
2023-07-16 02:30:43,292
Trades: 
Filled #1
______________________________________________
                   in$ | in bp 12 traded | in bp 297 AUMs
realizedPnl    +0.13   | +105    | +4     
PnLvsArrival   +0.01   | +8      | +0     
PnLvsLast      +0      | +0      | +0     
______________________________________________
                 | Value$ | PnL Arrival/Last 
______________________________________________
XRP:+17.4@0.7105 | +12$ | 0.01/0
2023-07-16 02:30:43,821
***************************
Positions after orders
***************************
2023-07-16 02:30:43,821
********No Position************
2023-07-16 02:30:43,821
***************************
