2023-07-18 03:00:58,206
ON program started 20230718 03:00:58,
US time: 20230717 23:00:58
2023-07-18 03:00:58,550
the strat is currently running @ 18-07-2023 and the target positions is NEUTRAL
2023-07-18 03:00:59,888
CURRENT STATUS IS NEUTRAL
-----
return before 14h30:
BTCUSDT+0.00%, ETHUSDT+0.00%, XRPUSDT+0.00%
-----
target alloc initial:BTCUSDT+0.00%, ETHUSDT+0.00%, XRPUSDT+0.00%
-----
alloc target x rt%<0:BTCUSDT+0.00%, ETHUSDT+0.00%, XRPUSDT+0.00%
-----
           BTCUSDT ETHUSDT XRPUSDT
w_target      0.0%    0.0%    0.0%
rt_14h30     0.00%   0.00%   0.00%
w_target_f    0.0%    0.0%    0.0%
2023-07-18 03:00:59,889
Portfolio was rebalanced less than 2 hours ago, 16.3 hours ago
2023-07-18 03:00:59,892
Status: prev = NEUTRAL <> NEUTRAL = target
2023-07-18 03:00:59,892
the strat is currently running @ 18-07-2023 and the target positions is NEUTRAL
the strat was previously run @ 2023-07-14 10:41:32 UTC, success:yes 
   and the current positions is NEUTRAL
2023-07-18 03:01:00,978
positions_future #0
2023-07-18 03:01:00,978
Empty DataFrame
Columns: [symbol, positionAmt, entryPrice, markPrice, unRealizedProfit, value_usd, updateTime, AUMs_account, w%]
Index: []
2023-07-18 03:01:00,979
programm stoppeddd!!! 20230718_030100
