2023-07-20 02:30:38,646
ON program started 20230720 02:30:38,
US time: 20230719 22:30:38
2023-07-20 02:30:39,024
the strat is currently running @ 20-07-2023 and the target positions is NEUTRAL
2023-07-20 02:30:40,348
CURRENT STATUS IS NEUTRAL
-----
return before 14h30:
BTCUSDT+0.00%, ETHUSDT+0.00%, XRPUSDT+0.00%
-----
target alloc initial:BTCUSDT+0.00%, ETHUSDT+0.00%, XRPUSDT+0.00%
-----
alloc target x rt%<0:BTCUSDT+0.00%, ETHUSDT+0.00%, XRPUSDT+0.00%
-----
           BTCUSDT ETHUSDT XRPUSDT
w_target      0.0%    0.0%    0.0%
rt_14h30     0.00%   0.00%   0.00%
w_target_f    0.0%    0.0%    0.0%
2023-07-20 02:30:40,350
Portfolio was rebalanced less than 2 hours ago, 15.8 hours ago
2023-07-20 02:30:40,352
Status: prev = NEUTRAL <> NEUTRAL = target
2023-07-20 02:30:40,352
the strat is currently running @ 20-07-2023 and the target positions is NEUTRAL
the strat was previously run @ 2023-07-14 10:41:32 UTC, success:yes 
   and the current positions is NEUTRAL
2023-07-20 02:30:41,428
positions_future #0
2023-07-20 02:30:41,428
Empty DataFrame
Columns: [symbol, positionAmt, entryPrice, markPrice, unRealizedProfit, value_usd, updateTime, AUMs_account, w%]
Index: []
2023-07-20 02:30:41,429
programm stoppeddd!!! 20230720_023041
