2023-07-16 12:30:23,492
ON program started 20230716 12:30:23,
US time: 20230716 08:30:23
2023-07-16 12:30:23,859
the strat is currently running @ 16-07-2023 and the target positions is NEUTRAL
2023-07-16 12:30:25,184
CURRENT STATUS IS NEUTRAL
-----
return before 14h30:
BTCUSDT+0.35%, ETHUSDT+0.46%, XRPUSDT+4.69%
-----
target alloc initial:BTCUSDT+0.00%, ETHUSDT+0.00%, XRPUSDT+0.00%
-----
alloc target x rt%<0:BTCUSDT+0.00%, ETHUSDT+0.00%, XRPUSDT+0.00%
-----
           BTCUSDT ETHUSDT XRPUSDT
w_target      0.0%    0.0%    0.0%
rt_14h30     0.00%   0.00%   0.05%
w_target_f    0.0%    0.0%    0.0%
2023-07-16 12:30:25,185
Portfolio was rebalanced less than 2 hours ago, 1.8 hours ago
2023-07-16 12:30:25,188
Status: prev = NEUTRAL <> NEUTRAL = target
2023-07-16 12:30:25,188
the strat is currently running @ 16-07-2023 and the target positions is NEUTRAL
the strat was previously run @ 2023-07-14 10:41:32 UTC, success:yes 
   and the current positions is NEUTRAL
2023-07-16 12:30:26,271
positions_future #0
2023-07-16 12:30:26,271
Empty DataFrame
Columns: [symbol, positionAmt, entryPrice, markPrice, unRealizedProfit, value_usd, updateTime, AUMs_account, w%]
Index: []
2023-07-16 12:30:26,272
programm stoppeddd!!! 20230716_123026
