2023-06-21 18:21:02,626
ON program started 20230621 18:21:00,
US time: 20230621 13:21:02
2023-06-21 18:21:10,663
the strat is currently running @ 21-06-2023 and the target positions is NEUTRAL
2023-06-21 18:21:16,996
CURRENT STATUS IS NEUTRAL
-----
return before 14h30:
BTCUSDT+5.06%, ETHUSDT+3.25%, XRPUSDT-0.30%
-----
target alloc initial:BTCUSDT+0.00%, ETHUSDT+0.00%, XRPUSDT+0.00%
-----
alloc target x rt%<0:BTCUSDT+0.00%, ETHUSDT+0.00%, XRPUSDT+0.00%
-----
           BTCUSDT ETHUSDT XRPUSDT
w_target      0.0%    0.0%    0.0%
rt_14h30     0.05%   0.03%  -0.00%
w_target_f    0.0%    0.0%    0.0%
2023-06-21 18:21:22,678
Portfolio was rebalanced less than 2 hours ago, 1.3 hours ago
2023-06-21 18:21:22,682
Status: prev = NEUTRAL <> LONG = target
2023-06-21 18:21:22,682
the strat is currently running @ 21-06-2023 and the target positions is NEUTRAL
the strat was previously run @ 2023-06-21 16:02:19 UTC, success:yes 
   and the current positions is LONG
2023-06-21 18:21:25,644
positions_future #0
2023-06-21 18:21:25,645
Empty DataFrame
Columns: [symbol, positionAmt, entryPrice, markPrice, unRealizedProfit, value_usd, updateTime, AUMs_account, w%]
Index: []
2023-06-21 18:23:31,986
ON program started 20230621 18:23:31,
US time: 20230621 13:23:31
2023-06-21 18:23:32,110
the strat is currently running @ 21-06-2023 and the target positions is NEUTRAL
2023-06-21 18:23:33,574
CURRENT STATUS IS NEUTRAL
-----
return before 14h30:
BTCUSDT+5.06%, ETHUSDT+3.25%, XRPUSDT-0.30%
-----
target alloc initial:BTCUSDT+0.00%, ETHUSDT+0.00%, XRPUSDT+0.00%
-----
alloc target x rt%<0:BTCUSDT+0.00%, ETHUSDT+0.00%, XRPUSDT+0.00%
-----
           BTCUSDT ETHUSDT XRPUSDT
w_target      0.0%    0.0%    0.0%
rt_14h30     0.05%   0.03%  -0.00%
w_target_f    0.0%    0.0%    0.0%
2023-06-21 18:23:33,601
Portfolio was rebalanced less than 2 hours ago, 0.0 hours ago
2023-06-21 18:23:33,606
Status: prev = NEUTRAL <> NEUTRAL = target
2023-06-21 18:23:33,606
the strat is currently running @ 21-06-2023 and the target positions is NEUTRAL
the strat was previously run @ 2023-06-21 17:21:22 UTC, success:? 
   and the current positions is NEUTRAL
2023-06-21 18:23:34,961
positions_future #0
2023-06-21 18:23:34,961
Empty DataFrame
Columns: [symbol, positionAmt, entryPrice, markPrice, unRealizedProfit, value_usd, updateTime, AUMs_account, w%]
Index: []
2023-06-21 18:23:35,284
------------------------------
binance_account_balance
2023-06-21 18:23:35,284
  asset     balance withdrawAvailable   updateTime
8  USDT  318.651335      318.65133507  21Jun-02:48
2023-06-21 18:23:35,591
------------------------------
open_orders
2023-06-21 18:23:35,591
Empty DataFrame
Columns: []
Index: []
2023-06-21 18:23:36,403
------------------------------
AUMS account:318

2023-06-21 18:23:36,436
--------------- compute_futures_order_book() ----------------
2023-06-21 18:23:38,066
----------------------------------------------------------------------
#0 order(s) to place
gross$: 0$ | net$: +0$
gross%: 0% | net%: +0%
 || w>0%  +0% | w<0%  0%
----------------------------------------------------------------------
PTF Expo% 0.0% >> 0.0% (current>>target)
PTF expo $0.0 >> $0 (current>>target)
----------------------------------------------------------------------
2023-06-21 18:23:38,097
orders_ofthe_day
2023-06-21 18:23:38,097
Empty DataFrame
Columns: [ptf_usd, target_usd, totrd_usd, posttrd_usd, qty, posttrd_qty, posttrd_w, bid, ask]
Index: []
2023-06-21 18:23:38,114
Orders of the day is empty, current and target potfolios are aligned
2023-06-21 18:23:38,114
Program stopped
2023-06-21 18:26:11,120

------------------------------
SOMETHING WENT WRONG : status is NEUTRAL but still some positions, we cut evrything
2023-06-21 18:26:11,120
positions_future #1
2023-06-21 18:26:11,120
      symbol  positionAmt entryPrice       markPrice  unRealizedProfit   
211  BTCUSDT        0.002    29948.6  29961.40000000            0.0256  \

     value_usd   updateTime  AUMs_account        w%  
211    59.9228  21Jun-17:25         318.7  0.188042  
2023-06-21 18:26:47,610
positions_future #0
2023-06-21 18:26:47,610
Empty DataFrame
Columns: [symbol, positionAmt, entryPrice, markPrice, unRealizedProfit, value_usd, updateTime, AUMs_account, w%]
Index: []
