2023-07-15 11:00:33,288
ON program started 20230715 11:00:33,
US time: 20230715 07:00:33
2023-07-15 11:00:33,664
the strat is currently running @ 15-07-2023 and the target positions is NEUTRAL
2023-07-15 11:00:34,992
CURRENT STATUS IS NEUTRAL
-----
return before 14h30:
BTCUSDT+0.11%, ETHUSDT+0.62%, XRPUSDT+0.11%
-----
target alloc initial:BTCUSDT+0.00%, ETHUSDT+0.00%, XRPUSDT+0.00%
-----
alloc target x rt%<0:BTCUSDT+0.00%, ETHUSDT+0.00%, XRPUSDT+0.00%
-----
           BTCUSDT ETHUSDT XRPUSDT
w_target      0.0%    0.0%    0.0%
rt_14h30     0.00%   0.01%   0.00%
w_target_f    0.0%    0.0%    0.0%
2023-07-15 11:00:34,994
Portfolio was rebalanced less than 2 hours ago, 0.3 hours ago
2023-07-15 11:00:34,996
Status: prev = NEUTRAL <> NEUTRAL = target
2023-07-15 11:00:34,996
the strat is currently running @ 15-07-2023 and the target positions is NEUTRAL
the strat was previously run @ 2023-07-14 10:41:32 UTC, success:yes 
   and the current positions is NEUTRAL
2023-07-15 11:00:36,111
positions_future #0
2023-07-15 11:00:36,112
Empty DataFrame
Columns: [symbol, positionAmt, entryPrice, markPrice, unRealizedProfit, value_usd, updateTime, AUMs_account, w%]
Index: []
2023-07-15 11:00:36,113
programm stoppeddd!!! 20230715_110036
