2023-07-19 11:00:36,530
ON program started 20230719 11:00:36,
US time: 20230719 07:00:36
2023-07-19 11:00:36,889
the strat is currently running @ 19-07-2023 and the target positions is NEUTRAL
2023-07-19 11:00:38,460
CURRENT STATUS IS NEUTRAL
-----
return before 14h30:
BTCUSDT-0.24%, ETHUSDT-0.17%, XRPUSDT-0.75%
-----
target alloc initial:BTCUSDT+0.00%, ETHUSDT+0.00%, XRPUSDT+0.00%
-----
alloc target x rt%<0:BTCUSDT+0.00%, ETHUSDT+0.00%, XRPUSDT+0.00%
-----
           BTCUSDT ETHUSDT XRPUSDT
w_target      0.0%    0.0%    0.0%
rt_14h30    -0.00%  -0.00%  -0.01%
w_target_f    0.0%    0.0%    0.0%
2023-07-19 11:00:38,462
Portfolio was rebalanced less than 2 hours ago, 0.3 hours ago
2023-07-19 11:00:38,465
Status: prev = NEUTRAL <> NEUTRAL = target
2023-07-19 11:00:38,465
the strat is currently running @ 19-07-2023 and the target positions is NEUTRAL
the strat was previously run @ 2023-07-14 10:41:32 UTC, success:yes 
   and the current positions is NEUTRAL
2023-07-19 11:00:39,547
positions_future #0
2023-07-19 11:00:39,547
Empty DataFrame
Columns: [symbol, positionAmt, entryPrice, markPrice, unRealizedProfit, value_usd, updateTime, AUMs_account, w%]
Index: []
2023-07-19 11:00:39,548
programm stoppeddd!!! 20230719_110039
