2023-07-17 11:00:29,811
ON program started 20230717 11:00:29,
US time: 20230717 07:00:29
2023-07-17 11:00:30,296
the strat is currently running @ 17-07-2023 and the target positions is NEUTRAL
2023-07-17 11:00:32,042
CURRENT STATUS IS NEUTRAL
-----
return before 14h30:
BTCUSDT-0.49%, ETHUSDT-1.11%, XRPUSDT-2.29%
-----
target alloc initial:BTCUSDT+0.00%, ETHUSDT+0.00%, XRPUSDT+0.00%
-----
alloc target x rt%<0:BTCUSDT+0.00%, ETHUSDT+0.00%, XRPUSDT+0.00%
-----
           BTCUSDT ETHUSDT XRPUSDT
w_target      0.0%    0.0%    0.0%
rt_14h30    -0.00%  -0.01%  -0.02%
w_target_f    0.0%    0.0%    0.0%
2023-07-17 11:00:32,044
Portfolio was rebalanced less than 2 hours ago, 0.3 hours ago
2023-07-17 11:00:32,047
Status: prev = NEUTRAL <> NEUTRAL = target
2023-07-17 11:00:32,048
the strat is currently running @ 17-07-2023 and the target positions is NEUTRAL
the strat was previously run @ 2023-07-14 10:41:32 UTC, success:yes 
   and the current positions is NEUTRAL
2023-07-17 11:00:33,157
positions_future #0
2023-07-17 11:00:33,157
Empty DataFrame
Columns: [symbol, positionAmt, entryPrice, markPrice, unRealizedProfit, value_usd, updateTime, AUMs_account, w%]
Index: []
2023-07-17 11:00:33,158
programm stoppeddd!!! 20230717_110033
