2023-07-08 08:40:11,127
ON program started 20230708 08:40:11,
US time: 20230708 03:40:11
2023-07-08 08:40:11,149
the strat is currently running @ 08-07-2023 and the target positions is NEUTRAL
2023-07-08 08:40:12,636
CURRENT STATUS IS NEUTRAL
-----
return before 14h30:
BTCUSDT-0.24%, ETHUSDT-0.26%, XRPUSDT-0.09%
-----
target alloc initial:BTCUSDT+0.00%, ETHUSDT+0.00%, XRPUSDT+0.00%
-----
alloc target x rt%<0:BTCUSDT+0.00%, ETHUSDT+0.00%, XRPUSDT+0.00%
-----
           BTCUSDT ETHUSDT XRPUSDT
w_target      0.0%    0.0%    0.0%
rt_14h30    -0.00%  -0.00%  -0.00%
w_target_f    0.0%    0.0%    0.0%
2023-07-08 08:40:12,637
Portfolio was rebalanced less than 2 hours ago, 14.7 hours ago
2023-07-08 08:40:12,638
Status: prev = NEUTRAL <> NEUTRAL = target
2023-07-08 08:40:12,642
the strat is currently running @ 08-07-2023 and the target positions is NEUTRAL
the strat was previously run @ 2023-07-05 16:56:16 UTC, success:yes 
   and the current positions is NEUTRAL
2023-07-08 08:40:14,005
positions_future #0
2023-07-08 08:40:14,006
Empty DataFrame
Columns: [symbol, positionAmt, entryPrice, markPrice, unRealizedProfit, value_usd, updateTime, AUMs_account, w%]
Index: []
2023-07-08 08:40:14,011
programm stoppeddd!!! 20230708_084014
