2023-07-17 12:30:24,819
ON program started 20230717 12:30:24,
US time: 20230717 08:30:24
2023-07-17 12:30:25,153
the strat is currently running @ 17-07-2023 and the target positions is NEUTRAL
2023-07-17 12:30:26,910
CURRENT STATUS IS NEUTRAL
-----
return before 14h30:
BTCUSDT-0.78%, ETHUSDT-1.47%, XRPUSDT-3.42%
-----
target alloc initial:BTCUSDT+0.00%, ETHUSDT+0.00%, XRPUSDT+0.00%
-----
alloc target x rt%<0:BTCUSDT+0.00%, ETHUSDT+0.00%, XRPUSDT+0.00%
-----
           BTCUSDT ETHUSDT XRPUSDT
w_target      0.0%    0.0%    0.0%
rt_14h30    -0.01%  -0.01%  -0.03%
w_target_f    0.0%    0.0%    0.0%
2023-07-17 12:30:26,912
Portfolio was rebalanced less than 2 hours ago, 1.8 hours ago
2023-07-17 12:30:26,914
Status: prev = NEUTRAL <> NEUTRAL = target
2023-07-17 12:30:26,914
the strat is currently running @ 17-07-2023 and the target positions is NEUTRAL
the strat was previously run @ 2023-07-14 10:41:32 UTC, success:yes 
   and the current positions is NEUTRAL
2023-07-17 12:30:28,006
positions_future #0
2023-07-17 12:30:28,006
Empty DataFrame
Columns: [symbol, positionAmt, entryPrice, markPrice, unRealizedProfit, value_usd, updateTime, AUMs_account, w%]
Index: []
2023-07-17 12:30:28,007
programm stoppeddd!!! 20230717_123028
