2023-07-20 11:01:05,392
ON program started 20230720 11:01:05,
US time: 20230720 07:01:05
2023-07-20 11:01:05,825
the strat is currently running @ 20-07-2023 and the target positions is NEUTRAL
2023-07-20 11:01:07,173
CURRENT STATUS IS NEUTRAL
-----
return before 14h30:
BTCUSDT+1.16%, ETHUSDT+1.34%, XRPUSDT-2.64%
-----
target alloc initial:BTCUSDT+0.00%, ETHUSDT+0.00%, XRPUSDT+0.00%
-----
alloc target x rt%<0:BTCUSDT+0.00%, ETHUSDT+0.00%, XRPUSDT+0.00%
-----
           BTCUSDT ETHUSDT XRPUSDT
w_target      0.0%    0.0%    0.0%
rt_14h30     0.01%   0.01%  -0.03%
w_target_f    0.0%    0.0%    0.0%
2023-07-20 11:01:07,175
Portfolio was rebalanced less than 2 hours ago, 0.3 hours ago
2023-07-20 11:01:07,178
Status: prev = NEUTRAL <> NEUTRAL = target
2023-07-20 11:01:07,178
the strat is currently running @ 20-07-2023 and the target positions is NEUTRAL
the strat was previously run @ 2023-07-14 10:41:32 UTC, success:yes 
   and the current positions is NEUTRAL
2023-07-20 11:01:08,279
positions_future #0
2023-07-20 11:01:08,279
Empty DataFrame
Columns: [symbol, positionAmt, entryPrice, markPrice, unRealizedProfit, value_usd, updateTime, AUMs_account, w%]
Index: []
2023-07-20 11:01:08,280
programm stoppeddd!!! 20230720_110108
