2023-07-13 21:55:47,441
ON program started 20230713 21:55:47,
US time: 20230713 17:55:47
2023-07-13 21:55:47,872
the strat is currently running @ 13-07-2023 and the target positions is LONG
2023-07-13 21:55:49,205
CURRENT STATUS IS LONG
-----
return before 14h30:
BTCUSDT+2.55%, ETHUSDT+6.51%, XRPUSDT+57.86%
-----
target alloc initial:BTCUSDT+6.67%, ETHUSDT+0.00%, XRPUSDT+0.00%
-----
alloc target x rt%<0:BTCUSDT+6.67%, ETHUSDT+0.00%, XRPUSDT+0.00%
-----
           BTCUSDT ETHUSDT XRPUSDT
w_target      6.7%    0.0%    0.0%
rt_14h30     0.03%   0.07%   0.58%
w_target_f    6.7%    0.0%    0.0%
2023-07-13 21:55:49,207
Portfolio was rebalanced less than 2 hours ago, 0.2 hours ago
2023-07-13 21:55:49,209
Status: prev = LONG <> LONG = target
2023-07-13 21:55:49,209
the strat is currently running @ 13-07-2023 and the target positions is LONG
the strat was previously run @ 2023-07-13 21:43:30 UTC, success:yes 
   and the current positions is LONG
2023-07-13 21:55:50,297
positions_future #2
2023-07-13 21:55:50,297
      symbol  positionAmt entryPrice  ...   updateTime  AUMs_account        w%
215  BTCUSDT        0.002    31015.5  ...  13Jul-18:30         297.6  0.210114
133  ETHUSDT        0.025    1988.02  ...  13Jul-18:30         297.6  0.166694

[2 rows x 9 columns]
2023-07-13 21:55:50,307
programm stoppeddd!!! 20230713_215550
