2023-07-10 14:58:51,042
ON program started 20230710 14:58:51,
US time: 20230710 10:58:51
2023-07-10 14:58:51,069
the strat is currently running @ 10-07-2023 and the target positions is NEUTRAL
2023-07-10 14:58:53,679
CURRENT STATUS IS NEUTRAL
-----
return before 14h30:
BTCUSDT+0.39%, ETHUSDT+0.34%, XRPUSDT+1.35%
-----
target alloc initial:BTCUSDT+0.00%, ETHUSDT+0.00%, XRPUSDT+0.00%
-----
alloc target x rt%<0:BTCUSDT+0.00%, ETHUSDT+0.00%, XRPUSDT+0.00%
-----
           BTCUSDT ETHUSDT XRPUSDT
w_target      0.0%    0.0%    0.0%
rt_14h30     0.00%   0.00%   0.01%
w_target_f    0.0%    0.0%    0.0%
2023-07-10 14:58:53,681
Portfolio was rebalanced less than 2 hours ago, 0.3 hours ago
2023-07-10 14:58:53,684
Status: prev = NEUTRAL <> NEUTRAL = target
2023-07-10 14:58:53,684
the strat is currently running @ 10-07-2023 and the target positions is NEUTRAL
the strat was previously run @ 2023-07-10 14:39:00 UTC, success:yes 
   and the current positions is NEUTRAL
2023-07-10 14:58:54,824
positions_future #0
2023-07-10 14:58:54,824
Empty DataFrame
Columns: [symbol, positionAmt, entryPrice, markPrice, unRealizedProfit, value_usd, updateTime, AUMs_account, w%]
Index: []
2023-07-10 14:58:54,825
programm stoppeddd!!! 20230710_145854
